#
# A fatal error has been detected by the Java Runtime Environment:
#
#  EXCEPTION_ACCESS_VIOLATION (0xc0000005) at pc=0x00007ffaa68a5673, pid=26064, tid=30736
#
# JRE version: Java(TM) SE Runtime Environment 18.9 (11.0.15+8) (build 11.0.15+8-LTS-149)
# Java VM: Java HotSpot(TM) 64-Bit Server VM 18.9 (11.0.15+8-LTS-149, mixed mode, tiered, compressed oops, g1 gc, windows-amd64)
# Problematic frame:
# V  [jvm.dll+0x315673]
#
# No core dump will be written. Minidumps are not enabled by default on client versions of Windows
#
# If you would like to submit a bug report, please visit:
#   https://bugreport.java.com/bugreport/crash.jsp
#

---------------  S U M M A R Y ------------

Command Line: -agentlib:jdwp=transport=dt_socket,suspend=y,address=localhost:61249 -javaagent:C:\Users\admin\eclipse\java-2021-12\eclipse\configuration\org.eclipse.osgi\594\0\.cp\lib\javaagent-shaded.jar -Dfile.encoding=windows-1252 click

Host: Intel(R) Core(TM) i5-1035G1 CPU @ 1.00GHz, 8 cores, 15G,  Windows 11 , 64 bit Build 22621 (10.0.22621.1105)
Time: Tue Jan 17 15:05:24 2023 India Standard Time elapsed time: 440852.363555 seconds (5d 2h 27m 32s)

---------------  T H R E A D  ---------------

Current thread (0x000001c2cf62a000):  GCTaskThread "GC Thread#5" [stack: 0x0000003565b00000,0x0000003565c00000] [id=30736]

Stack: [0x0000003565b00000,0x0000003565c00000],  sp=0x0000003565bfda30,  free space=1014k
Native frames: (J=compiled Java code, j=interpreted, Vv=VM code, C=native code)
V  [jvm.dll+0x315673]
V  [jvm.dll+0x319547]
V  [jvm.dll+0x319a4c]
V  [jvm.dll+0x315942]
V  [jvm.dll+0x619265]
V  [jvm.dll+0x619b50]
V  [jvm.dll+0x5e0752]
V  [jvm.dll+0x2c16a5]
V  [jvm.dll+0x2c1129]
V  [jvm.dll+0x727527]
V  [jvm.dll+0x7279c0]
V  [jvm.dll+0x3035c5]
V  [jvm.dll+0x3030a4]
V  [jvm.dll+0x2d3d13]
V  [jvm.dll+0x793600]
V  [jvm.dll+0x7223f4]
V  [jvm.dll+0x628c26]
C  [ucrtbase.dll+0x29363]
C  [KERNEL32.DLL+0x126bd]
C  [ntdll.dll+0x5dfb8]

JavaThread 0x000001c2a904b800 (nid = 12236) was being processed
Java frames: (J=compiled Java code, j=interpreted, Vv=VM code)
j  click.main([Ljava/lang/String;)V+69
v  ~StubRoutines::call_stub

siginfo: EXCEPTION_ACCESS_VIOLATION (0xc0000005), reading address 0xffffffffffffffff


Register to memory mapping:

RIP=0x00007ffaa68a5673 jvm.dll
RAX=0x000001c2cf42e4b0 points into unknown readable memory: 0x0000000000000001 | 01 00 00 00 00 00 00 00
RBX=0x0000003565bfdc00 points into unknown readable memory: 0x00007ffaa6e3feb8 | b8 fe e3 a6 fa 7f 00 00
RCX=0x0000003565bfdc70 points into unknown readable memory: 0x000001c2cf42e4b0 | b0 e4 42 cf c2 01 00 00
RDX=0xfffffffffffffffe is an unknown value
RSP=0x0000003565bfda30 points into unknown readable memory: 0x0000000000000000 | 00 00 00 00 00 00 00 00
RBP=0x00007ffaa68a5650 jvm.dll
RSI=0x0 is NULL
RDI=0x000000000000009a is an unknown value
R8 =0x03ffffffffffffff is an unknown value
R9 =0x000000000000003e is an unknown value
R10=0x000001c2cee1e540 points into unknown readable memory: 0x0000001e00000004 | 04 00 00 00 1e 00 00 00
R11={method} {0x000001c2d0327f08} 'main' '([Ljava/lang/String;)V' in 'click'
R12=0x0000000000000001 is an unknown value
R13=0x00007ffaa6590000 jvm.dll
R14=0x000001c2d0327eaa is pointing into metadata
R15=0x000000000000007a is an unknown value


Registers:
RAX=0x000001c2cf42e4b0, RBX=0x0000003565bfdc00, RCX=0x0000003565bfdc70, RDX=0xfffffffffffffffe
RSP=0x0000003565bfda30, RBP=0x00007ffaa68a5650, RSI=0x0000000000000000, RDI=0x000000000000009a
R8 =0x03ffffffffffffff, R9 =0x000000000000003e, R10=0x000001c2cee1e540, R11=0x000001c2d0327f00
R12=0x0000000000000001, R13=0x00007ffaa6590000, R14=0x000001c2d0327eaa, R15=0x000000000000007a
RIP=0x00007ffaa68a5673, EFLAGS=0x0000000000010a07

Top of Stack: (sp=0x0000003565bfda30)
0x0000003565bfda30:   0000000000000000 0000000000000000
0x0000003565bfda40:   0000000000000000 00007ffaa68ba81a
0x0000003565bfda50:   0000003565bfdc00 00007ffaa68a9547
0x0000003565bfda60:   0000003565bfdc00 000001c2cf62a000
0x0000003565bfda70:   0000003565bfdad0 00007ffaa669caae
0x0000003565bfda80:   000001c2d0327f00 0000003565bfdc70
0x0000003565bfda90:   000001c2cf42e7e8 000001c2d0327eaa
0x0000003565bfdaa0:   000000000000009a 00007ffaa68a9a4c
0x0000003565bfdab0:   0000003565bfdc00 000000000000007a
0x0000003565bfdac0:   000000000000009a 0000000000000050
0x0000003565bfdad0:   000001c2d0327f00 000001c2cf62a000
0x0000003565bfdae0:   0000007d0000007a 0000009a0000007e
0x0000003565bfdaf0:   0000007e00000000 ffffffff0000009a
0x0000003565bfdb00:   000001c2cf42e7e8 0000000000000000
0x0000003565bfdb10:   0000000000000040 00000000000003d8
0x0000003565bfdb20:   000001c2cf42e460 00007ffaa68a5942 

Instructions: (pc=0x00007ffaa68a5673)
0x00007ffaa68a5653:   83 ec 20 48 63 d2 48 8b d9 0f b6 c2 48 83 c1 70
0x00007ffaa68a5663:   24 3f 4c 8b c2 44 0f b6 c8 49 c1 e8 06 48 8b 01
0x00007ffaa68a5673:   4e 8b 04 c0 4d 0f a3 c8 72 0b 41 b0 01 e8 eb c1
0x00007ffaa68a5683:   de ff ff 43 6c 48 83 c4 20 5b c3 cc cc 8b c2 4c 


Stack slot to memory mapping:
stack at sp + 0 slots: 0x0 is NULL
stack at sp + 1 slots: 0x0 is NULL
stack at sp + 2 slots: 0x0 is NULL
stack at sp + 3 slots: 0x00007ffaa68ba81a jvm.dll
stack at sp + 4 slots: 0x0000003565bfdc00 points into unknown readable memory: 0x00007ffaa6e3feb8 | b8 fe e3 a6 fa 7f 00 00
stack at sp + 5 slots: 0x00007ffaa68a9547 jvm.dll
stack at sp + 6 slots: 0x0000003565bfdc00 points into unknown readable memory: 0x00007ffaa6e3feb8 | b8 fe e3 a6 fa 7f 00 00
stack at sp + 7 slots: 0x000001c2cf62a000 points into unknown readable memory: 0x00007ffaa6e7a0c8 | c8 a0 e7 a6 fa 7f 00 00


---------------  P R O C E S S  ---------------

Threads class SMR info:
_java_thread_list=0x000001c2d14ff1a0, length=23, elements={
0x000001c2a904b800, 0x000001c2cdb07000, 0x000001c2cdb00000, 0x000001c2ce3fd800,
0x000001c2ce3fe000, 0x000001c2ce402800, 0x000001c2ce413000, 0x000001c2ce415800,
0x000001c2ce416800, 0x000001c2cdab1000, 0x000001c2ce6dd800, 0x000001c2ce6de800,
0x000001c2ce614000, 0x000001c2cee2a800, 0x000001c2cf7c5000, 0x000001c2d17cc000,
0x000001c2cfb4d000, 0x000001c2d02b6000, 0x000001c2d189f000, 0x000001c2cf686800,
0x000001c2d1895800, 0x000001c2d1890800, 0x000001c2d1894000
}

Java Threads: ( => current thread )
  0x000001c2a904b800 JavaThread "main" [_thread_blocked, id=12236, stack(0x0000003564200000,0x0000003564300000)]
  0x000001c2cdb07000 JavaThread "Reference Handler" daemon [_thread_blocked, id=34192, stack(0x0000003564900000,0x0000003564a00000)]
  0x000001c2cdb00000 JavaThread "Finalizer" daemon [_thread_blocked, id=23364, stack(0x0000003564a00000,0x0000003564b00000)]
  0x000001c2ce3fd800 JavaThread "Signal Dispatcher" daemon [_thread_blocked, id=30104, stack(0x0000003564b00000,0x0000003564c00000)]
  0x000001c2ce3fe000 JavaThread "Attach Listener" daemon [_thread_blocked, id=12516, stack(0x0000003564c00000,0x0000003564d00000)]
  0x000001c2ce402800 JavaThread "Service Thread" daemon [_thread_blocked, id=12804, stack(0x0000003564d00000,0x0000003564e00000)]
  0x000001c2ce413000 JavaThread "C2 CompilerThread0" daemon [_thread_blocked, id=3584, stack(0x0000003564e00000,0x0000003564f00000)]
  0x000001c2ce415800 JavaThread "C1 CompilerThread0" daemon [_thread_blocked, id=33916, stack(0x0000003564f00000,0x0000003565000000)]
  0x000001c2ce416800 JavaThread "Sweeper thread" daemon [_thread_blocked, id=15416, stack(0x0000003565000000,0x0000003565100000)]
  0x000001c2cdab1000 JavaThread "Common-Cleaner" daemon [_thread_blocked, id=28552, stack(0x0000003565100000,0x0000003565200000)]
  0x000001c2ce6dd800 JavaThread "JDWP Transport Listener: dt_socket" daemon [_thread_blocked, id=34332, stack(0x0000003565300000,0x0000003565400000)]
  0x000001c2ce6de800 JavaThread "JDWP Event Helper Thread" daemon [_thread_blocked, id=20592, stack(0x0000003565400000,0x0000003565500000)]
  0x000001c2ce614000 JavaThread "JDWP Command Reader" daemon [_thread_in_native, id=28468, stack(0x0000003565500000,0x0000003565600000)]
  0x000001c2cee2a800 JavaThread "ForkJoinPool.commonPool-worker-3" daemon [_thread_blocked, id=2672, stack(0x0000003565c00000,0x0000003565d00000)]
  0x000001c2cf7c5000 JavaThread "AsyncHttpClient-1-1" daemon [_thread_blocked, id=17928, stack(0x0000003565d00000,0x0000003565e00000)]
  0x000001c2d17cc000 JavaThread "Exec Default Executor" daemon [_thread_in_native, id=32980, stack(0x0000003565f00000,0x0000003566000000)]
  0x000001c2cfb4d000 JavaThread "Driver Service Executor" daemon [_thread_blocked, id=19528, stack(0x0000003566000000,0x0000003566100000)]
  0x000001c2d02b6000 JavaThread "Driver Service Executor" daemon [_thread_blocked, id=23524, stack(0x0000003566100000,0x0000003566200000)]
  0x000001c2d189f000 JavaThread "Exec Stream Pumper" daemon [_thread_in_native, id=20300, stack(0x0000003566400000,0x0000003566500000)]
  0x000001c2cf686800 JavaThread "Exec Stream Pumper" daemon [_thread_in_native, id=3444, stack(0x0000003566500000,0x0000003566600000)]
  0x000001c2d1895800 JavaThread "AsyncHttpClient-1-2" daemon [_thread_in_native, id=22444, stack(0x0000003566600000,0x0000003566700000)]
  0x000001c2d1890800 JavaThread "AsyncHttpClient-1-3" daemon [_thread_in_native, id=25584, stack(0x0000003566800000,0x0000003566900000)]
  0x000001c2d1894000 JavaThread "AsyncHttpClient-1-4" daemon [_thread_in_native, id=1484, stack(0x0000003566900000,0x0000003566a00000)]

Other Threads:
  0x000001c2cdaf2000 VMThread "VM Thread" [stack: 0x0000003564800000,0x0000003564900000] [id=31552]
  0x000001c2ced50800 WatcherThread [stack: 0x0000003565600000,0x0000003565700000] [id=33460]
  0x000001c2a905f000 GCTaskThread "GC Thread#0" [stack: 0x0000003564300000,0x0000003564400000] [id=22088]
  0x000001c2cee65800 GCTaskThread "GC Thread#1" [stack: 0x0000003565700000,0x0000003565800000] [id=7212]
  0x000001c2cf430800 GCTaskThread "GC Thread#2" [stack: 0x0000003565800000,0x0000003565900000] [id=33356]
  0x000001c2cf7d6000 GCTaskThread "GC Thread#3" [stack: 0x0000003565900000,0x0000003565a00000] [id=8972]
  0x000001c2cee60000 GCTaskThread "GC Thread#4" [stack: 0x0000003565a00000,0x0000003565b00000] [id=21844]
=>0x000001c2cf62a000 GCTaskThread "GC Thread#5" [stack: 0x0000003565b00000,0x0000003565c00000] [id=30736]
  0x000001c2a8e1c800 ConcurrentGCThread "G1 Main Marker" [stack: 0x0000003564400000,0x0000003564500000] [id=19964]
  0x000001c2a8e1e800 ConcurrentGCThread "G1 Conc#0" [stack: 0x0000003564500000,0x0000003564600000] [id=4184]
  0x000001c2cfd3d800 ConcurrentGCThread "G1 Conc#1" [stack: 0x0000003565e00000,0x0000003565f00000] [id=2232]
  0x000001c2cd9de800 ConcurrentGCThread "G1 Refine#0" [stack: 0x0000003564600000,0x0000003564700000] [id=26872]
  0x000001c2cd9e1800 ConcurrentGCThread "G1 Young RemSet Sampling" [stack: 0x0000003564700000,0x0000003564800000] [id=26768]

Threads with active compile tasks:

VM state:at safepoint (normal execution)

VM Mutex/Monitor currently owned by a thread:  ([mutex/lock_event])
[0x000001c2a9046760] Threads_lock - owner thread: 0x000001c2cdaf2000
[0x000001c2a90473c0] Heap_lock - owner thread: 0x000001c2cf7c5000

Heap address: 0x0000000703600000, size: 4042 MB, Compressed Oops mode: Zero based, Oop shift amount: 3
Narrow klass base: 0x0000000800000000, Narrow klass shift: 0
Compressed class space size: 1073741824 Address: 0x0000000800000000

Heap:
 garbage-first heap   total 260096K, used 98195K [0x0000000703600000, 0x0000000800000000)
  region size 1024K, 91 young (93184K), 8 survivors (8192K)
 Metaspace       used 26515K, capacity 27185K, committed 27312K, reserved 1073152K
  class space    used 2974K, capacity 3224K, committed 3328K, reserved 1048576K
Heap Regions: E=young(eden), S=young(survivor), O=old, HS=humongous(starts), HC=humongous(continues), CS=collection set, F=free, A=archive, TAMS=top-at-mark-start (previous, next)
|   0|0x0000000703600000, 0x0000000703700000, 0x0000000703700000|100%| O|  |TAMS 0x0000000703700000, 0x0000000703600000| Untracked 
|   1|0x0000000703700000, 0x00000007037ea400, 0x0000000703800000| 91%| O|  |TAMS 0x00000007037ea400, 0x0000000703700000| Untracked 
|   2|0x0000000703800000, 0x0000000703900000, 0x0000000703900000|100%|HS|  |TAMS 0x0000000703800000, 0x0000000703800000| Complete 
|   3|0x0000000703900000, 0x0000000703a00000, 0x0000000703a00000|100%|HC|  |TAMS 0x0000000703900000, 0x0000000703900000| Complete 
|   4|0x0000000703a00000, 0x0000000703b00000, 0x0000000703b00000|100%|HC|  |TAMS 0x0000000703a00000, 0x0000000703a00000| Complete 
|   5|0x0000000703b00000, 0x0000000703c00000, 0x0000000703c00000|100%|HC|  |TAMS 0x0000000703b00000, 0x0000000703b00000| Complete 
|   6|0x0000000703c00000, 0x0000000703d00000, 0x0000000703d00000|100%|HC|  |TAMS 0x0000000703c00000, 0x0000000703c00000| Complete 
|   7|0x0000000703d00000, 0x0000000703d00000, 0x0000000703e00000|  0%| F|  |TAMS 0x0000000703d00000, 0x0000000703d00000| Untracked 
|   8|0x0000000703e00000, 0x0000000703e00000, 0x0000000703f00000|  0%| F|  |TAMS 0x0000000703e00000, 0x0000000703e00000| Untracked 
|   9|0x0000000703f00000, 0x0000000703f00000, 0x0000000704000000|  0%| F|  |TAMS 0x0000000703f00000, 0x0000000703f00000| Untracked 
|  10|0x0000000704000000, 0x0000000704000000, 0x0000000704100000|  0%| F|  |TAMS 0x0000000704000000, 0x0000000704000000| Untracked 
|  11|0x0000000704100000, 0x0000000704100000, 0x0000000704200000|  0%| F|  |TAMS 0x0000000704100000, 0x0000000704100000| Untracked 
|  12|0x0000000704200000, 0x0000000704200000, 0x0000000704300000|  0%| F|  |TAMS 0x0000000704200000, 0x0000000704200000| Untracked 
|  13|0x0000000704300000, 0x0000000704300000, 0x0000000704400000|  0%| F|  |TAMS 0x0000000704300000, 0x0000000704300000| Untracked 
|  14|0x0000000704400000, 0x0000000704400000, 0x0000000704500000|  0%| F|  |TAMS 0x0000000704400000, 0x0000000704400000| Untracked 
|  15|0x0000000704500000, 0x0000000704500000, 0x0000000704600000|  0%| F|  |TAMS 0x0000000704500000, 0x0000000704500000| Untracked 
|  16|0x0000000704600000, 0x0000000704600000, 0x0000000704700000|  0%| F|  |TAMS 0x0000000704600000, 0x0000000704600000| Untracked 
|  17|0x0000000704700000, 0x0000000704700000, 0x0000000704800000|  0%| F|  |TAMS 0x0000000704700000, 0x0000000704700000| Untracked 
|  18|0x0000000704800000, 0x0000000704800000, 0x0000000704900000|  0%| F|  |TAMS 0x0000000704800000, 0x0000000704800000| Untracked 
|  19|0x0000000704900000, 0x0000000704900000, 0x0000000704a00000|  0%| F|  |TAMS 0x0000000704900000, 0x0000000704900000| Untracked 
|  20|0x0000000704a00000, 0x0000000704a00000, 0x0000000704b00000|  0%| F|  |TAMS 0x0000000704a00000, 0x0000000704a00000| Untracked 
|  21|0x0000000704b00000, 0x0000000704b00000, 0x0000000704c00000|  0%| F|  |TAMS 0x0000000704b00000, 0x0000000704b00000| Untracked 
|  22|0x0000000704c00000, 0x0000000704c00000, 0x0000000704d00000|  0%| F|  |TAMS 0x0000000704c00000, 0x0000000704c00000| Untracked 
|  23|0x0000000704d00000, 0x0000000704d00000, 0x0000000704e00000|  0%| F|  |TAMS 0x0000000704d00000, 0x0000000704d00000| Untracked 
|  24|0x0000000704e00000, 0x0000000704e00000, 0x0000000704f00000|  0%| F|  |TAMS 0x0000000704e00000, 0x0000000704e00000| Untracked 
|  25|0x0000000704f00000, 0x0000000704f00000, 0x0000000705000000|  0%| F|  |TAMS 0x0000000704f00000, 0x0000000704f00000| Untracked 
|  26|0x0000000705000000, 0x0000000705000000, 0x0000000705100000|  0%| F|  |TAMS 0x0000000705000000, 0x0000000705000000| Untracked 
|  27|0x0000000705100000, 0x0000000705100000, 0x0000000705200000|  0%| F|  |TAMS 0x0000000705100000, 0x0000000705100000| Untracked 
|  28|0x0000000705200000, 0x0000000705200000, 0x0000000705300000|  0%| F|  |TAMS 0x0000000705200000, 0x0000000705200000| Untracked 
|  29|0x0000000705300000, 0x0000000705300000, 0x0000000705400000|  0%| F|  |TAMS 0x0000000705300000, 0x0000000705300000| Untracked 
|  30|0x0000000705400000, 0x0000000705400000, 0x0000000705500000|  0%| F|  |TAMS 0x0000000705400000, 0x0000000705400000| Untracked 
|  31|0x0000000705500000, 0x0000000705500000, 0x0000000705600000|  0%| F|  |TAMS 0x0000000705500000, 0x0000000705500000| Untracked 
|  32|0x0000000705600000, 0x0000000705600000, 0x0000000705700000|  0%| F|  |TAMS 0x0000000705600000, 0x0000000705600000| Untracked 
|  33|0x0000000705700000, 0x0000000705700000, 0x0000000705800000|  0%| F|  |TAMS 0x0000000705700000, 0x0000000705700000| Untracked 
|  34|0x0000000705800000, 0x0000000705800000, 0x0000000705900000|  0%| F|  |TAMS 0x0000000705800000, 0x0000000705800000| Untracked 
|  35|0x0000000705900000, 0x0000000705900000, 0x0000000705a00000|  0%| F|  |TAMS 0x0000000705900000, 0x0000000705900000| Untracked 
|  36|0x0000000705a00000, 0x0000000705a00000, 0x0000000705b00000|  0%| F|  |TAMS 0x0000000705a00000, 0x0000000705a00000| Untracked 
|  37|0x0000000705b00000, 0x0000000705b00000, 0x0000000705c00000|  0%| F|  |TAMS 0x0000000705b00000, 0x0000000705b00000| Untracked 
|  38|0x0000000705c00000, 0x0000000705c00000, 0x0000000705d00000|  0%| F|  |TAMS 0x0000000705c00000, 0x0000000705c00000| Untracked 
|  39|0x0000000705d00000, 0x0000000705d00000, 0x0000000705e00000|  0%| F|  |TAMS 0x0000000705d00000, 0x0000000705d00000| Untracked 
|  40|0x0000000705e00000, 0x0000000705e00000, 0x0000000705f00000|  0%| F|  |TAMS 0x0000000705e00000, 0x0000000705e00000| Untracked 
|  41|0x0000000705f00000, 0x0000000705f00000, 0x0000000706000000|  0%| F|  |TAMS 0x0000000705f00000, 0x0000000705f00000| Untracked 
|  42|0x0000000706000000, 0x0000000706000000, 0x0000000706100000|  0%| F|  |TAMS 0x0000000706000000, 0x0000000706000000| Untracked 
|  43|0x0000000706100000, 0x0000000706100000, 0x0000000706200000|  0%| F|  |TAMS 0x0000000706100000, 0x0000000706100000| Untracked 
|  44|0x0000000706200000, 0x0000000706200000, 0x0000000706300000|  0%| F|  |TAMS 0x0000000706200000, 0x0000000706200000| Untracked 
|  45|0x0000000706300000, 0x0000000706300000, 0x0000000706400000|  0%| F|  |TAMS 0x0000000706300000, 0x0000000706300000| Untracked 
|  46|0x0000000706400000, 0x0000000706400000, 0x0000000706500000|  0%| F|  |TAMS 0x0000000706400000, 0x0000000706400000| Untracked 
|  47|0x0000000706500000, 0x0000000706500000, 0x0000000706600000|  0%| F|  |TAMS 0x0000000706500000, 0x0000000706500000| Untracked 
|  48|0x0000000706600000, 0x0000000706600000, 0x0000000706700000|  0%| F|  |TAMS 0x0000000706600000, 0x0000000706600000| Untracked 
|  49|0x0000000706700000, 0x0000000706700000, 0x0000000706800000|  0%| F|  |TAMS 0x0000000706700000, 0x0000000706700000| Untracked 
|  50|0x0000000706800000, 0x0000000706800000, 0x0000000706900000|  0%| F|  |TAMS 0x0000000706800000, 0x0000000706800000| Untracked 
|  51|0x0000000706900000, 0x0000000706900000, 0x0000000706a00000|  0%| F|  |TAMS 0x0000000706900000, 0x0000000706900000| Untracked 
|  52|0x0000000706a00000, 0x0000000706a00000, 0x0000000706b00000|  0%| F|  |TAMS 0x0000000706a00000, 0x0000000706a00000| Untracked 
|  53|0x0000000706b00000, 0x0000000706b00000, 0x0000000706c00000|  0%| F|  |TAMS 0x0000000706b00000, 0x0000000706b00000| Untracked 
|  54|0x0000000706c00000, 0x0000000706c00000, 0x0000000706d00000|  0%| F|  |TAMS 0x0000000706c00000, 0x0000000706c00000| Untracked 
|  55|0x0000000706d00000, 0x0000000706d00000, 0x0000000706e00000|  0%| F|  |TAMS 0x0000000706d00000, 0x0000000706d00000| Untracked 
|  56|0x0000000706e00000, 0x0000000706e00000, 0x0000000706f00000|  0%| F|  |TAMS 0x0000000706e00000, 0x0000000706e00000| Untracked 
|  57|0x0000000706f00000, 0x0000000706f00000, 0x0000000707000000|  0%| F|  |TAMS 0x0000000706f00000, 0x0000000706f00000| Untracked 
|  58|0x0000000707000000, 0x0000000707000000, 0x0000000707100000|  0%| F|  |TAMS 0x0000000707000000, 0x0000000707000000| Untracked 
|  59|0x0000000707100000, 0x0000000707100000, 0x0000000707200000|  0%| F|  |TAMS 0x0000000707100000, 0x0000000707100000| Untracked 
|  60|0x0000000707200000, 0x0000000707200000, 0x0000000707300000|  0%| F|  |TAMS 0x0000000707200000, 0x0000000707200000| Untracked 
|  61|0x0000000707300000, 0x0000000707300000, 0x0000000707400000|  0%| F|  |TAMS 0x0000000707300000, 0x0000000707300000| Untracked 
|  62|0x0000000707400000, 0x0000000707400000, 0x0000000707500000|  0%| F|  |TAMS 0x0000000707400000, 0x0000000707400000| Untracked 
|  63|0x0000000707500000, 0x0000000707500000, 0x0000000707600000|  0%| F|  |TAMS 0x0000000707500000, 0x0000000707500000| Untracked 
|  64|0x0000000707600000, 0x0000000707600000, 0x0000000707700000|  0%| F|  |TAMS 0x0000000707600000, 0x0000000707600000| Untracked 
|  65|0x0000000707700000, 0x0000000707700000, 0x0000000707800000|  0%| F|  |TAMS 0x0000000707700000, 0x0000000707700000| Untracked 
|  66|0x0000000707800000, 0x0000000707800000, 0x0000000707900000|  0%| F|  |TAMS 0x0000000707800000, 0x0000000707800000| Untracked 
|  67|0x0000000707900000, 0x0000000707900000, 0x0000000707a00000|  0%| F|  |TAMS 0x0000000707900000, 0x0000000707900000| Untracked 
|  68|0x0000000707a00000, 0x0000000707a00000, 0x0000000707b00000|  0%| F|  |TAMS 0x0000000707a00000, 0x0000000707a00000| Untracked 
|  69|0x0000000707b00000, 0x0000000707b00000, 0x0000000707c00000|  0%| F|  |TAMS 0x0000000707b00000, 0x0000000707b00000| Untracked 
|  70|0x0000000707c00000, 0x0000000707c00000, 0x0000000707d00000|  0%| F|  |TAMS 0x0000000707c00000, 0x0000000707c00000| Untracked 
|  71|0x0000000707d00000, 0x0000000707d00000, 0x0000000707e00000|  0%| F|  |TAMS 0x0000000707d00000, 0x0000000707d00000| Untracked 
|  72|0x0000000707e00000, 0x0000000707e00000, 0x0000000707f00000|  0%| F|  |TAMS 0x0000000707e00000, 0x0000000707e00000| Untracked 
|  73|0x0000000707f00000, 0x0000000707f00000, 0x0000000708000000|  0%| F|  |TAMS 0x0000000707f00000, 0x0000000707f00000| Untracked 
|  74|0x0000000708000000, 0x0000000708000000, 0x0000000708100000|  0%| F|  |TAMS 0x0000000708000000, 0x0000000708000000| Untracked 
|  75|0x0000000708100000, 0x0000000708100000, 0x0000000708200000|  0%| F|  |TAMS 0x0000000708100000, 0x0000000708100000| Untracked 
|  76|0x0000000708200000, 0x0000000708200000, 0x0000000708300000|  0%| F|  |TAMS 0x0000000708200000, 0x0000000708200000| Untracked 
|  77|0x0000000708300000, 0x0000000708300000, 0x0000000708400000|  0%| F|  |TAMS 0x0000000708300000, 0x0000000708300000| Untracked 
|  78|0x0000000708400000, 0x0000000708400000, 0x0000000708500000|  0%| F|  |TAMS 0x0000000708400000, 0x0000000708400000| Untracked 
|  79|0x0000000708500000, 0x0000000708500000, 0x0000000708600000|  0%| F|  |TAMS 0x0000000708500000, 0x0000000708500000| Untracked 
|  80|0x0000000708600000, 0x0000000708600000, 0x0000000708700000|  0%| F|  |TAMS 0x0000000708600000, 0x0000000708600000| Untracked 
|  81|0x0000000708700000, 0x0000000708700000, 0x0000000708800000|  0%| F|  |TAMS 0x0000000708700000, 0x0000000708700000| Untracked 
|  82|0x0000000708800000, 0x0000000708800000, 0x0000000708900000|  0%| F|  |TAMS 0x0000000708800000, 0x0000000708800000| Untracked 
|  83|0x0000000708900000, 0x0000000708900000, 0x0000000708a00000|  0%| F|  |TAMS 0x0000000708900000, 0x0000000708900000| Untracked 
|  84|0x0000000708a00000, 0x0000000708a00000, 0x0000000708b00000|  0%| F|  |TAMS 0x0000000708a00000, 0x0000000708a00000| Untracked 
|  85|0x0000000708b00000, 0x0000000708b00000, 0x0000000708c00000|  0%| F|  |TAMS 0x0000000708b00000, 0x0000000708b00000| Untracked 
|  86|0x0000000708c00000, 0x0000000708c00000, 0x0000000708d00000|  0%| F|  |TAMS 0x0000000708c00000, 0x0000000708c00000| Untracked 
|  87|0x0000000708d00000, 0x0000000708d00000, 0x0000000708e00000|  0%| F|  |TAMS 0x0000000708d00000, 0x0000000708d00000| Untracked 
|  88|0x0000000708e00000, 0x0000000708e00000, 0x0000000708f00000|  0%| F|  |TAMS 0x0000000708e00000, 0x0000000708e00000| Untracked 
|  89|0x0000000708f00000, 0x0000000708f00000, 0x0000000709000000|  0%| F|  |TAMS 0x0000000708f00000, 0x0000000708f00000| Untracked 
|  90|0x0000000709000000, 0x0000000709000000, 0x0000000709100000|  0%| F|  |TAMS 0x0000000709000000, 0x0000000709000000| Untracked 
|  91|0x0000000709100000, 0x0000000709100000, 0x0000000709200000|  0%| F|  |TAMS 0x0000000709100000, 0x0000000709100000| Untracked 
|  92|0x0000000709200000, 0x0000000709200000, 0x0000000709300000|  0%| F|  |TAMS 0x0000000709200000, 0x0000000709200000| Untracked 
|  93|0x0000000709300000, 0x0000000709300000, 0x0000000709400000|  0%| F|  |TAMS 0x0000000709300000, 0x0000000709300000| Untracked 
|  94|0x0000000709400000, 0x0000000709400000, 0x0000000709500000|  0%| F|  |TAMS 0x0000000709400000, 0x0000000709400000| Untracked 
|  95|0x0000000709500000, 0x0000000709500000, 0x0000000709600000|  0%| F|  |TAMS 0x0000000709500000, 0x0000000709500000| Untracked 
|  96|0x0000000709600000, 0x0000000709600000, 0x0000000709700000|  0%| F|  |TAMS 0x0000000709600000, 0x0000000709600000| Untracked 
|  97|0x0000000709700000, 0x0000000709700000, 0x0000000709800000|  0%| F|  |TAMS 0x0000000709700000, 0x0000000709700000| Untracked 
|  98|0x0000000709800000, 0x0000000709800000, 0x0000000709900000|  0%| F|  |TAMS 0x0000000709800000, 0x0000000709800000| Untracked 
|  99|0x0000000709900000, 0x0000000709900000, 0x0000000709a00000|  0%| F|  |TAMS 0x0000000709900000, 0x0000000709900000| Untracked 
| 100|0x0000000709a00000, 0x0000000709a00000, 0x0000000709b00000|  0%| F|  |TAMS 0x0000000709a00000, 0x0000000709a00000| Untracked 
| 101|0x0000000709b00000, 0x0000000709b00000, 0x0000000709c00000|  0%| F|  |TAMS 0x0000000709b00000, 0x0000000709b00000| Untracked 
| 102|0x0000000709c00000, 0x0000000709c00000, 0x0000000709d00000|  0%| F|  |TAMS 0x0000000709c00000, 0x0000000709c00000| Untracked 
| 103|0x0000000709d00000, 0x0000000709d00000, 0x0000000709e00000|  0%| F|  |TAMS 0x0000000709d00000, 0x0000000709d00000| Untracked 
| 104|0x0000000709e00000, 0x0000000709e00000, 0x0000000709f00000|  0%| F|  |TAMS 0x0000000709e00000, 0x0000000709e00000| Untracked 
| 105|0x0000000709f00000, 0x0000000709f00000, 0x000000070a000000|  0%| F|  |TAMS 0x0000000709f00000, 0x0000000709f00000| Untracked 
| 106|0x000000070a000000, 0x000000070a000000, 0x000000070a100000|  0%| F|  |TAMS 0x000000070a000000, 0x000000070a000000| Untracked 
| 107|0x000000070a100000, 0x000000070a100000, 0x000000070a200000|  0%| F|  |TAMS 0x000000070a100000, 0x000000070a100000| Untracked 
| 108|0x000000070a200000, 0x000000070a200000, 0x000000070a300000|  0%| F|  |TAMS 0x000000070a200000, 0x000000070a200000| Untracked 
| 109|0x000000070a300000, 0x000000070a300000, 0x000000070a400000|  0%| F|  |TAMS 0x000000070a300000, 0x000000070a300000| Untracked 
| 110|0x000000070a400000, 0x000000070a400000, 0x000000070a500000|  0%| F|  |TAMS 0x000000070a400000, 0x000000070a400000| Untracked 
| 111|0x000000070a500000, 0x000000070a500000, 0x000000070a600000|  0%| F|  |TAMS 0x000000070a500000, 0x000000070a500000| Untracked 
| 112|0x000000070a600000, 0x000000070a600000, 0x000000070a700000|  0%| F|  |TAMS 0x000000070a600000, 0x000000070a600000| Untracked 
| 113|0x000000070a700000, 0x000000070a700000, 0x000000070a800000|  0%| F|  |TAMS 0x000000070a700000, 0x000000070a700000| Untracked 
| 114|0x000000070a800000, 0x000000070a800000, 0x000000070a900000|  0%| F|  |TAMS 0x000000070a800000, 0x000000070a800000| Untracked 
| 115|0x000000070a900000, 0x000000070a900000, 0x000000070aa00000|  0%| F|  |TAMS 0x000000070a900000, 0x000000070a900000| Untracked 
| 116|0x000000070aa00000, 0x000000070aa00000, 0x000000070ab00000|  0%| F|  |TAMS 0x000000070aa00000, 0x000000070aa00000| Untracked 
| 117|0x000000070ab00000, 0x000000070ab00000, 0x000000070ac00000|  0%| F|  |TAMS 0x000000070ab00000, 0x000000070ab00000| Untracked 
| 118|0x000000070ac00000, 0x000000070ac00000, 0x000000070ad00000|  0%| F|  |TAMS 0x000000070ac00000, 0x000000070ac00000| Untracked 
| 119|0x000000070ad00000, 0x000000070ad00000, 0x000000070ae00000|  0%| F|  |TAMS 0x000000070ad00000, 0x000000070ad00000| Untracked 
| 120|0x000000070ae00000, 0x000000070ae00000, 0x000000070af00000|  0%| F|  |TAMS 0x000000070ae00000, 0x000000070ae00000| Untracked 
| 121|0x000000070af00000, 0x000000070af00000, 0x000000070b000000|  0%| F|  |TAMS 0x000000070af00000, 0x000000070af00000| Untracked 
| 122|0x000000070b000000, 0x000000070b000000, 0x000000070b100000|  0%| F|  |TAMS 0x000000070b000000, 0x000000070b000000| Untracked 
| 123|0x000000070b100000, 0x000000070b100000, 0x000000070b200000|  0%| F|  |TAMS 0x000000070b100000, 0x000000070b100000| Untracked 
| 124|0x000000070b200000, 0x000000070b200000, 0x000000070b300000|  0%| F|  |TAMS 0x000000070b200000, 0x000000070b200000| Untracked 
| 125|0x000000070b300000, 0x000000070b300000, 0x000000070b400000|  0%| F|  |TAMS 0x000000070b300000, 0x000000070b300000| Untracked 
| 126|0x000000070b400000, 0x000000070b400000, 0x000000070b500000|  0%| F|  |TAMS 0x000000070b400000, 0x000000070b400000| Untracked 
| 127|0x000000070b500000, 0x000000070b500000, 0x000000070b600000|  0%| F|  |TAMS 0x000000070b500000, 0x000000070b500000| Untracked 
| 128|0x000000070b600000, 0x000000070b600000, 0x000000070b700000|  0%| F|  |TAMS 0x000000070b600000, 0x000000070b600000| Untracked 
| 129|0x000000070b700000, 0x000000070b700000, 0x000000070b800000|  0%| F|  |TAMS 0x000000070b700000, 0x000000070b700000| Untracked 
| 130|0x000000070b800000, 0x000000070b800000, 0x000000070b900000|  0%| F|  |TAMS 0x000000070b800000, 0x000000070b800000| Untracked 
| 131|0x000000070b900000, 0x000000070b900000, 0x000000070ba00000|  0%| F|  |TAMS 0x000000070b900000, 0x000000070b900000| Untracked 
| 132|0x000000070ba00000, 0x000000070ba00000, 0x000000070bb00000|  0%| F|  |TAMS 0x000000070ba00000, 0x000000070ba00000| Untracked 
| 133|0x000000070bb00000, 0x000000070bb00000, 0x000000070bc00000|  0%| F|  |TAMS 0x000000070bb00000, 0x000000070bb00000| Untracked 
| 134|0x000000070bc00000, 0x000000070bc00000, 0x000000070bd00000|  0%| F|  |TAMS 0x000000070bc00000, 0x000000070bc00000| Untracked 
| 135|0x000000070bd00000, 0x000000070bd00000, 0x000000070be00000|  0%| F|  |TAMS 0x000000070bd00000, 0x000000070bd00000| Untracked 
| 136|0x000000070be00000, 0x000000070be00000, 0x000000070bf00000|  0%| F|  |TAMS 0x000000070be00000, 0x000000070be00000| Untracked 
| 137|0x000000070bf00000, 0x000000070bf00000, 0x000000070c000000|  0%| F|  |TAMS 0x000000070bf00000, 0x000000070bf00000| Untracked 
| 138|0x000000070c000000, 0x000000070c000000, 0x000000070c100000|  0%| F|  |TAMS 0x000000070c000000, 0x000000070c000000| Untracked 
| 139|0x000000070c100000, 0x000000070c100000, 0x000000070c200000|  0%| F|  |TAMS 0x000000070c100000, 0x000000070c100000| Untracked 
| 140|0x000000070c200000, 0x000000070c200000, 0x000000070c300000|  0%| F|  |TAMS 0x000000070c200000, 0x000000070c200000| Untracked 
| 141|0x000000070c300000, 0x000000070c300000, 0x000000070c400000|  0%| F|  |TAMS 0x000000070c300000, 0x000000070c300000| Untracked 
| 142|0x000000070c400000, 0x000000070c400000, 0x000000070c500000|  0%| F|  |TAMS 0x000000070c400000, 0x000000070c400000| Untracked 
| 143|0x000000070c500000, 0x000000070c500000, 0x000000070c600000|  0%| F|  |TAMS 0x000000070c500000, 0x000000070c500000| Untracked 
| 144|0x000000070c600000, 0x000000070c600000, 0x000000070c700000|  0%| F|  |TAMS 0x000000070c600000, 0x000000070c600000| Untracked 
| 145|0x000000070c700000, 0x000000070c700000, 0x000000070c800000|  0%| F|  |TAMS 0x000000070c700000, 0x000000070c700000| Untracked 
| 146|0x000000070c800000, 0x000000070c800000, 0x000000070c900000|  0%| F|  |TAMS 0x000000070c800000, 0x000000070c800000| Untracked 
| 147|0x000000070c900000, 0x000000070c900000, 0x000000070ca00000|  0%| F|  |TAMS 0x000000070c900000, 0x000000070c900000| Untracked 
| 148|0x000000070ca00000, 0x000000070ca00000, 0x000000070cb00000|  0%| F|  |TAMS 0x000000070ca00000, 0x000000070ca00000| Untracked 
| 149|0x000000070cb00000, 0x000000070cb00000, 0x000000070cc00000|  0%| F|  |TAMS 0x000000070cb00000, 0x000000070cb00000| Untracked 
| 150|0x000000070cc00000, 0x000000070cc00000, 0x000000070cd00000|  0%| F|  |TAMS 0x000000070cc00000, 0x000000070cc00000| Untracked 
| 151|0x000000070cd00000, 0x000000070cd00000, 0x000000070ce00000|  0%| F|  |TAMS 0x000000070cd00000, 0x000000070cd00000| Untracked 
| 152|0x000000070ce00000, 0x000000070ce00000, 0x000000070cf00000|  0%| F|  |TAMS 0x000000070ce00000, 0x000000070ce00000| Untracked 
| 153|0x000000070cf00000, 0x000000070cf00000, 0x000000070d000000|  0%| F|  |TAMS 0x000000070cf00000, 0x000000070cf00000| Untracked 
| 154|0x000000070d000000, 0x000000070d000000, 0x000000070d100000|  0%| F|  |TAMS 0x000000070d000000, 0x000000070d000000| Untracked 
| 155|0x000000070d100000, 0x000000070d100000, 0x000000070d200000|  0%| F|  |TAMS 0x000000070d100000, 0x000000070d100000| Untracked 
| 156|0x000000070d200000, 0x000000070d200000, 0x000000070d300000|  0%| F|  |TAMS 0x000000070d200000, 0x000000070d200000| Untracked 
| 157|0x000000070d300000, 0x000000070d3cbb60, 0x000000070d400000| 79%| S|  |TAMS 0x000000070d300000, 0x000000070d300000| Complete 
| 158|0x000000070d400000, 0x000000070d500000, 0x000000070d500000|100%| S|  |TAMS 0x000000070d400000, 0x000000070d400000| Complete 
| 159|0x000000070d500000, 0x000000070d600000, 0x000000070d600000|100%| S|  |TAMS 0x000000070d500000, 0x000000070d500000| Complete 
| 160|0x000000070d600000, 0x000000070d700000, 0x000000070d700000|100%| S|  |TAMS 0x000000070d600000, 0x000000070d600000| Complete 
| 161|0x000000070d700000, 0x000000070d800000, 0x000000070d800000|100%| S|  |TAMS 0x000000070d700000, 0x000000070d700000| Complete 
| 162|0x000000070d800000, 0x000000070d900000, 0x000000070d900000|100%| S|  |TAMS 0x000000070d800000, 0x000000070d800000| Complete 
| 163|0x000000070d900000, 0x000000070da00000, 0x000000070da00000|100%| S|  |TAMS 0x000000070d900000, 0x000000070d900000| Complete 
| 164|0x000000070da00000, 0x000000070db00000, 0x000000070db00000|100%| S|  |TAMS 0x000000070da00000, 0x000000070da00000| Complete 
| 165|0x000000070db00000, 0x000000070dc00000, 0x000000070dc00000|100%| E|CS|TAMS 0x000000070db00000, 0x000000070db00000| Complete 
| 166|0x000000070dc00000, 0x000000070dcfa8c0, 0x000000070dd00000| 97%| E|CS|TAMS 0x000000070dc00000, 0x000000070dc00000| Complete 
| 167|0x000000070dd00000, 0x000000070de00000, 0x000000070de00000|100%| E|CS|TAMS 0x000000070dd00000, 0x000000070dd00000| Complete 
| 168|0x000000070de00000, 0x000000070df00000, 0x000000070df00000|100%| E|CS|TAMS 0x000000070de00000, 0x000000070de00000| Complete 
| 169|0x000000070df00000, 0x000000070e000000, 0x000000070e000000|100%| E|CS|TAMS 0x000000070df00000, 0x000000070df00000| Complete 
| 170|0x000000070e000000, 0x000000070e100000, 0x000000070e100000|100%| E|CS|TAMS 0x000000070e000000, 0x000000070e000000| Complete 
| 171|0x000000070e100000, 0x000000070e200000, 0x000000070e200000|100%| E|CS|TAMS 0x000000070e100000, 0x000000070e100000| Complete 
| 172|0x000000070e200000, 0x000000070e300000, 0x000000070e300000|100%| E|CS|TAMS 0x000000070e200000, 0x000000070e200000| Complete 
| 173|0x000000070e300000, 0x000000070e400000, 0x000000070e400000|100%| E|CS|TAMS 0x000000070e300000, 0x000000070e300000| Complete 
| 174|0x000000070e400000, 0x000000070e500000, 0x000000070e500000|100%| E|CS|TAMS 0x000000070e400000, 0x000000070e400000| Complete 
| 175|0x000000070e500000, 0x000000070e600000, 0x000000070e600000|100%| E|CS|TAMS 0x000000070e500000, 0x000000070e500000| Complete 
| 176|0x000000070e600000, 0x000000070e700000, 0x000000070e700000|100%| E|CS|TAMS 0x000000070e600000, 0x000000070e600000| Complete 
| 177|0x000000070e700000, 0x000000070e800000, 0x000000070e800000|100%| E|CS|TAMS 0x000000070e700000, 0x000000070e700000| Complete 
| 178|0x000000070e800000, 0x000000070e900000, 0x000000070e900000|100%| E|CS|TAMS 0x000000070e800000, 0x000000070e800000| Complete 
| 179|0x000000070e900000, 0x000000070ea00000, 0x000000070ea00000|100%| E|CS|TAMS 0x000000070e900000, 0x000000070e900000| Complete 
| 180|0x000000070ea00000, 0x000000070eb00000, 0x000000070eb00000|100%| E|CS|TAMS 0x000000070ea00000, 0x000000070ea00000| Complete 
| 181|0x000000070eb00000, 0x000000070ec00000, 0x000000070ec00000|100%| E|CS|TAMS 0x000000070eb00000, 0x000000070eb00000| Complete 
| 182|0x000000070ec00000, 0x000000070ed00000, 0x000000070ed00000|100%| E|CS|TAMS 0x000000070ec00000, 0x000000070ec00000| Complete 
| 183|0x000000070ed00000, 0x000000070ee00000, 0x000000070ee00000|100%| E|CS|TAMS 0x000000070ed00000, 0x000000070ed00000| Complete 
| 184|0x000000070ee00000, 0x000000070ef00000, 0x000000070ef00000|100%| E|CS|TAMS 0x000000070ee00000, 0x000000070ee00000| Complete 
| 185|0x000000070ef00000, 0x000000070f000000, 0x000000070f000000|100%| E|CS|TAMS 0x000000070ef00000, 0x000000070ef00000| Complete 
| 186|0x000000070f000000, 0x000000070f100000, 0x000000070f100000|100%| E|CS|TAMS 0x000000070f000000, 0x000000070f000000| Complete 
| 187|0x000000070f100000, 0x000000070f200000, 0x000000070f200000|100%| E|CS|TAMS 0x000000070f100000, 0x000000070f100000| Complete 
| 188|0x000000070f200000, 0x000000070f300000, 0x000000070f300000|100%| E|CS|TAMS 0x000000070f200000, 0x000000070f200000| Complete 
| 189|0x000000070f300000, 0x000000070f400000, 0x000000070f400000|100%| E|CS|TAMS 0x000000070f300000, 0x000000070f300000| Complete 
| 190|0x000000070f400000, 0x000000070f500000, 0x000000070f500000|100%| E|CS|TAMS 0x000000070f400000, 0x000000070f400000| Complete 
| 191|0x000000070f500000, 0x000000070f600000, 0x000000070f600000|100%| E|CS|TAMS 0x000000070f500000, 0x000000070f500000| Complete 
| 192|0x000000070f600000, 0x000000070f700000, 0x000000070f700000|100%| E|CS|TAMS 0x000000070f600000, 0x000000070f600000| Complete 
| 193|0x000000070f700000, 0x000000070f800000, 0x000000070f800000|100%| E|CS|TAMS 0x000000070f700000, 0x000000070f700000| Complete 
| 194|0x000000070f800000, 0x000000070f900000, 0x000000070f900000|100%| E|CS|TAMS 0x000000070f800000, 0x000000070f800000| Complete 
| 195|0x000000070f900000, 0x000000070fa00000, 0x000000070fa00000|100%| E|CS|TAMS 0x000000070f900000, 0x000000070f900000| Complete 
| 196|0x000000070fa00000, 0x000000070fb00000, 0x000000070fb00000|100%| E|CS|TAMS 0x000000070fa00000, 0x000000070fa00000| Complete 
| 197|0x000000070fb00000, 0x000000070fc00000, 0x000000070fc00000|100%| E|CS|TAMS 0x000000070fb00000, 0x000000070fb00000| Complete 
| 198|0x000000070fc00000, 0x000000070fd00000, 0x000000070fd00000|100%| E|CS|TAMS 0x000000070fc00000, 0x000000070fc00000| Complete 
| 199|0x000000070fd00000, 0x000000070fe00000, 0x000000070fe00000|100%| E|CS|TAMS 0x000000070fd00000, 0x000000070fd00000| Complete 
| 200|0x000000070fe00000, 0x000000070ff00000, 0x000000070ff00000|100%| E|CS|TAMS 0x000000070fe00000, 0x000000070fe00000| Complete 
| 201|0x000000070ff00000, 0x0000000710000000, 0x0000000710000000|100%| E|CS|TAMS 0x000000070ff00000, 0x000000070ff00000| Complete 
| 202|0x0000000710000000, 0x0000000710100000, 0x0000000710100000|100%| E|CS|TAMS 0x0000000710000000, 0x0000000710000000| Complete 
| 203|0x0000000710100000, 0x0000000710200000, 0x0000000710200000|100%| E|CS|TAMS 0x0000000710100000, 0x0000000710100000| Complete 
| 204|0x0000000710200000, 0x0000000710300000, 0x0000000710300000|100%| E|CS|TAMS 0x0000000710200000, 0x0000000710200000| Complete 
| 205|0x0000000710300000, 0x0000000710400000, 0x0000000710400000|100%| E|CS|TAMS 0x0000000710300000, 0x0000000710300000| Complete 
| 206|0x0000000710400000, 0x0000000710500000, 0x0000000710500000|100%| E|CS|TAMS 0x0000000710400000, 0x0000000710400000| Complete 
| 207|0x0000000710500000, 0x0000000710600000, 0x0000000710600000|100%| E|CS|TAMS 0x0000000710500000, 0x0000000710500000| Complete 
| 208|0x0000000710600000, 0x0000000710700000, 0x0000000710700000|100%| E|CS|TAMS 0x0000000710600000, 0x0000000710600000| Complete 
| 209|0x0000000710700000, 0x0000000710800000, 0x0000000710800000|100%| E|CS|TAMS 0x0000000710700000, 0x0000000710700000| Complete 
| 210|0x0000000710800000, 0x0000000710900000, 0x0000000710900000|100%| E|CS|TAMS 0x0000000710800000, 0x0000000710800000| Complete 
| 211|0x0000000710900000, 0x0000000710a00000, 0x0000000710a00000|100%| E|CS|TAMS 0x0000000710900000, 0x0000000710900000| Complete 
| 212|0x0000000710a00000, 0x0000000710b00000, 0x0000000710b00000|100%| E|CS|TAMS 0x0000000710a00000, 0x0000000710a00000| Complete 
| 213|0x0000000710b00000, 0x0000000710c00000, 0x0000000710c00000|100%| E|CS|TAMS 0x0000000710b00000, 0x0000000710b00000| Complete 
| 214|0x0000000710c00000, 0x0000000710d00000, 0x0000000710d00000|100%| E|CS|TAMS 0x0000000710c00000, 0x0000000710c00000| Complete 
| 215|0x0000000710d00000, 0x0000000710e00000, 0x0000000710e00000|100%| E|CS|TAMS 0x0000000710d00000, 0x0000000710d00000| Complete 
| 216|0x0000000710e00000, 0x0000000710f00000, 0x0000000710f00000|100%| E|CS|TAMS 0x0000000710e00000, 0x0000000710e00000| Complete 
| 217|0x0000000710f00000, 0x0000000711000000, 0x0000000711000000|100%| E|CS|TAMS 0x0000000710f00000, 0x0000000710f00000| Complete 
| 218|0x0000000711000000, 0x0000000711100000, 0x0000000711100000|100%| E|CS|TAMS 0x0000000711000000, 0x0000000711000000| Complete 
| 219|0x0000000711100000, 0x0000000711200000, 0x0000000711200000|100%| E|CS|TAMS 0x0000000711100000, 0x0000000711100000| Complete 
| 220|0x0000000711200000, 0x0000000711300000, 0x0000000711300000|100%| E|CS|TAMS 0x0000000711200000, 0x0000000711200000| Complete 
| 221|0x0000000711300000, 0x0000000711400000, 0x0000000711400000|100%| E|CS|TAMS 0x0000000711300000, 0x0000000711300000| Complete 
| 222|0x0000000711400000, 0x0000000711500000, 0x0000000711500000|100%| E|CS|TAMS 0x0000000711400000, 0x0000000711400000| Complete 
| 223|0x0000000711500000, 0x0000000711600000, 0x0000000711600000|100%| E|CS|TAMS 0x0000000711500000, 0x0000000711500000| Complete 
| 224|0x0000000711600000, 0x0000000711700000, 0x0000000711700000|100%| E|CS|TAMS 0x0000000711600000, 0x0000000711600000| Complete 
| 225|0x0000000711700000, 0x0000000711800000, 0x0000000711800000|100%| E|CS|TAMS 0x0000000711700000, 0x0000000711700000| Complete 
| 226|0x0000000711800000, 0x0000000711900000, 0x0000000711900000|100%| E|CS|TAMS 0x0000000711800000, 0x0000000711800000| Complete 
| 227|0x0000000711900000, 0x0000000711a00000, 0x0000000711a00000|100%| E|CS|TAMS 0x0000000711900000, 0x0000000711900000| Complete 
| 228|0x0000000711a00000, 0x0000000711b00000, 0x0000000711b00000|100%| E|CS|TAMS 0x0000000711a00000, 0x0000000711a00000| Complete 
| 229|0x0000000711b00000, 0x0000000711c00000, 0x0000000711c00000|100%| E|CS|TAMS 0x0000000711b00000, 0x0000000711b00000| Complete 
| 230|0x0000000711c00000, 0x0000000711d00000, 0x0000000711d00000|100%| E|CS|TAMS 0x0000000711c00000, 0x0000000711c00000| Complete 
| 231|0x0000000711d00000, 0x0000000711e00000, 0x0000000711e00000|100%| E|CS|TAMS 0x0000000711d00000, 0x0000000711d00000| Complete 
| 232|0x0000000711e00000, 0x0000000711f00000, 0x0000000711f00000|100%| E|CS|TAMS 0x0000000711e00000, 0x0000000711e00000| Complete 
| 233|0x0000000711f00000, 0x0000000712000000, 0x0000000712000000|100%| E|CS|TAMS 0x0000000711f00000, 0x0000000711f00000| Complete 
| 234|0x0000000712000000, 0x0000000712100000, 0x0000000712100000|100%| E|CS|TAMS 0x0000000712000000, 0x0000000712000000| Complete 
| 235|0x0000000712100000, 0x0000000712200000, 0x0000000712200000|100%| E|CS|TAMS 0x0000000712100000, 0x0000000712100000| Complete 
| 236|0x0000000712200000, 0x0000000712300000, 0x0000000712300000|100%| E|CS|TAMS 0x0000000712200000, 0x0000000712200000| Complete 
| 237|0x0000000712300000, 0x0000000712400000, 0x0000000712400000|100%| E|CS|TAMS 0x0000000712300000, 0x0000000712300000| Complete 
| 238|0x0000000712400000, 0x0000000712500000, 0x0000000712500000|100%| E|CS|TAMS 0x0000000712400000, 0x0000000712400000| Complete 
| 239|0x0000000712500000, 0x0000000712600000, 0x0000000712600000|100%| E|CS|TAMS 0x0000000712500000, 0x0000000712500000| Complete 
| 240|0x0000000712600000, 0x0000000712700000, 0x0000000712700000|100%| E|CS|TAMS 0x0000000712600000, 0x0000000712600000| Complete 
| 241|0x0000000712700000, 0x0000000712800000, 0x0000000712800000|100%| E|CS|TAMS 0x0000000712700000, 0x0000000712700000| Complete 
| 242|0x0000000712800000, 0x0000000712900000, 0x0000000712900000|100%| E|CS|TAMS 0x0000000712800000, 0x0000000712800000| Complete 
| 243|0x0000000712900000, 0x0000000712a00000, 0x0000000712a00000|100%| E|CS|TAMS 0x0000000712900000, 0x0000000712900000| Complete 
| 244|0x0000000712a00000, 0x0000000712b00000, 0x0000000712b00000|100%| E|CS|TAMS 0x0000000712a00000, 0x0000000712a00000| Complete 
| 245|0x0000000712b00000, 0x0000000712c00000, 0x0000000712c00000|100%| E|CS|TAMS 0x0000000712b00000, 0x0000000712b00000| Complete 
| 246|0x0000000712c00000, 0x0000000712d00000, 0x0000000712d00000|100%| E|CS|TAMS 0x0000000712c00000, 0x0000000712c00000| Complete 
| 247|0x0000000712d00000, 0x0000000712e00000, 0x0000000712e00000|100%| E|CS|TAMS 0x0000000712d00000, 0x0000000712d00000| Complete 
| 248|0x0000000712e00000, 0x0000000712f00000, 0x0000000712f00000|100%| E|CS|TAMS 0x0000000712e00000, 0x0000000712e00000| Complete 
| 249|0x0000000712f00000, 0x0000000713000000, 0x0000000713000000|100%| E|CS|TAMS 0x0000000712f00000, 0x0000000712f00000| Complete 
| 250|0x0000000713000000, 0x0000000713100000, 0x0000000713100000|100%| E|CS|TAMS 0x0000000713000000, 0x0000000713000000| Complete 
| 251|0x0000000713100000, 0x0000000713200000, 0x0000000713200000|100%| E|CS|TAMS 0x0000000713100000, 0x0000000713100000| Complete 
| 252|0x0000000713200000, 0x0000000713300000, 0x0000000713300000|100%| E|CS|TAMS 0x0000000713200000, 0x0000000713200000| Complete 
| 253|0x0000000713300000, 0x0000000713400000, 0x0000000713400000|100%| E|CS|TAMS 0x0000000713300000, 0x0000000713300000| Complete 

Card table byte_map: [0x000001c2c2140000,0x000001c2c2930000] _byte_map_base: 0x000001c2be925000

Marking Bits (Prev, Next): (CMBitMap*) 0x000001c2a8e1c080, (CMBitMap*) 0x000001c2a8e1c048
 Prev Bits: [0x000001c2c7050000, 0x000001c2caf78000)
 Next Bits: [0x000001c2c3120000, 0x000001c2c7048000)

Polling page: 0x000001c2a9110000

Metaspace:

Usage:
  Non-class:     23.40 MB capacity,    22.99 MB ( 98%) used,   347.05 KB (  1%) free+waste,    73.31 KB ( <1%) overhead. 
      Class:      3.15 MB capacity,     2.91 MB ( 92%) used,   213.80 KB (  7%) free+waste,    35.38 KB (  1%) overhead. 
       Both:     26.55 MB capacity,    25.89 MB ( 98%) used,   560.86 KB (  2%) free+waste,   108.69 KB ( <1%) overhead. 

Virtual space:
  Non-class space:       24.00 MB reserved,      23.42 MB ( 98%) committed 
      Class space:        1.00 GB reserved,       3.25 MB ( <1%) committed 
             Both:        1.02 GB reserved,      26.67 MB (  3%) committed 

Chunk freelists:
   Non-Class:  2.88 KB
       Class:  1.00 KB
        Both:  3.88 KB

CodeHeap 'non-profiled nmethods': size=120000Kb used=1283Kb max_used=1283Kb free=118716Kb
 bounds [0x000001c2b99c0000, 0x000001c2b9c30000, 0x000001c2c0ef0000]
CodeHeap 'profiled nmethods': size=120000Kb used=4753Kb max_used=4753Kb free=115246Kb
 bounds [0x000001c2b2490000, 0x000001c2b2940000, 0x000001c2b99c0000]
CodeHeap 'non-nmethods': size=5760Kb used=1273Kb max_used=1349Kb free=4486Kb
 bounds [0x000001c2b1ef0000, 0x000001c2b2160000, 0x000001c2b2490000]
 total_blobs=2771 nmethods=2261 adapters=429
 compilation: enabled
              stopped_count=0, restarted_count=0
 full_count=0

Compilation events (10 events):
Event: 68663.385 Thread 0x000001c2ce415800 2258       1       io.netty.util.HashedWheelTimer$HashedWheelTimeout::state (5 bytes)
Event: 68663.386 Thread 0x000001c2ce415800 nmethod 2258 0x000001c2b9b00490 code [0x000001c2b9b00620, 0x000001c2b9b006d8]
Event: 68663.386 Thread 0x000001c2ce415800 2259       3       io.netty.util.HashedWheelTimer$HashedWheelTimeout::isCancelled (14 bytes)
Event: 68663.387 Thread 0x000001c2ce415800 nmethod 2259 0x000001c2b2934410 code [0x000001c2b29345a0, 0x000001c2b2934718]
Event: 93381.522 Thread 0x000001c2ce413000 2260       4       java.util.concurrent.ConcurrentHashMap::values (25 bytes)
Event: 93381.526 Thread 0x000001c2ce413000 nmethod 2260 0x000001c2b9b00790 code [0x000001c2b9b00900, 0x000001c2b9b00978]
Event: 189125.696 Thread 0x000001c2ce413000 2261       4       io.netty.util.HashedWheelTimer$HashedWheelTimeout::isCancelled (14 bytes)
Event: 189125.701 Thread 0x000001c2ce413000 nmethod 2261 0x000001c2b9b00a10 code [0x000001c2b9b00b80, 0x000001c2b9b00bf8]
Event: 259167.821 Thread 0x000001c2ce415800 2262       1       io.netty.util.internal.shaded.org.jctools.queues.BaseMpscLinkedArrayQueueConsumerFields::lvConsumerIndex (5 bytes)
Event: 259167.821 Thread 0x000001c2ce415800 nmethod 2262 0x000001c2b9b00c90 code [0x000001c2b9b00e20, 0x000001c2b9b00ed8]

GC Heap History (5 events):
Event: 0.875 GC heap before
{Heap before GC invocations=0 (full 0):
 garbage-first heap   total 260096K, used 23552K [0x0000000703600000, 0x0000000800000000)
  region size 1024K, 24 young (24576K), 0 survivors (0K)
 Metaspace       used 11637K, capacity 11763K, committed 12032K, reserved 1060864K
  class space    used 1096K, capacity 1158K, committed 1280K, reserved 1048576K
}
Event: 0.879 GC heap after
{Heap after GC invocations=1 (full 0):
 garbage-first heap   total 260096K, used 5033K [0x0000000703600000, 0x0000000800000000)
  region size 1024K, 3 young (3072K), 3 survivors (3072K)
 Metaspace       used 11637K, capacity 11763K, committed 12032K, reserved 1060864K
  class space    used 1096K, capacity 1158K, committed 1280K, reserved 1048576K
}
Event: 2.497 GC heap before
{Heap before GC invocations=1 (full 0):
 garbage-first heap   total 260096K, used 84905K [0x0000000703600000, 0x0000000800000000)
  region size 1024K, 82 young (83968K), 3 survivors (3072K)
 Metaspace       used 20808K, capacity 21232K, committed 21296K, reserved 1069056K
  class space    used 2219K, capacity 2410K, committed 2432K, reserved 1048576K
}
Event: 2.505 GC heap after
{Heap after GC invocations=2 (full 0):
 garbage-first heap   total 260096K, used 8083K [0x0000000703600000, 0x0000000800000000)
  region size 1024K, 6 young (6144K), 6 survivors (6144K)
 Metaspace       used 20808K, capacity 21232K, committed 21296K, reserved 1069056K
  class space    used 2219K, capacity 2410K, committed 2432K, reserved 1048576K
}
Event: 440852.315 GC heap before
{Heap before GC invocations=3 (full 0):
 garbage-first heap   total 260096K, used 98195K [0x0000000703600000, 0x0000000800000000)
  region size 1024K, 89 young (91136K), 6 survivors (6144K)
 Metaspace       used 26515K, capacity 27185K, committed 27312K, reserved 1073152K
  class space    used 2974K, capacity 3224K, committed 3328K, reserved 1048576K
}

Deoptimization events (10 events):
Event: 3.937 Thread 0x000001c2a904b800 Uncommon trap: reason=unstable_if action=reinterpret pc=0x000001c2b99c8cc0 method=java.lang.String.isLatin1()Z @ 10 c2
Event: 3.937 Thread 0x000001c2a904b800 Uncommon trap: reason=unstable_if action=reinterpret pc=0x000001c2b99c645c method=java.lang.String.isLatin1()Z @ 10 c2
Event: 3.998 Thread 0x000001c2a904b800 Uncommon trap: reason=class_check action=maybe_recompile pc=0x000001c2b9a08274 method=java.util.HashMap.putVal(ILjava/lang/Object;Ljava/lang/Object;ZZ)Ljava/lang/Object; @ 253 c2
Event: 4.014 Thread 0x000001c2a904b800 Uncommon trap: reason=unstable_if action=reinterpret pc=0x000001c2b9a340f0 method=java.util.concurrent.ConcurrentHashMap.putVal(Ljava/lang/Object;Ljava/lang/Object;Z)Ljava/lang/Object; @ 256 c2
Event: 4.145 Thread 0x000001c2d1894000 Uncommon trap: reason=unstable_if action=reinterpret pc=0x000001c2b9a1b604 method=java.util.HashMap.getNode(ILjava/lang/Object;)Ljava/util/HashMap$Node; @ 129 c2
Event: 4.145 Thread 0x000001c2d1894000 Uncommon trap: reason=bimorphic_or_optimized_type_check action=maybe_recompile pc=0x000001c2b9a082fc method=java.util.HashMap.putVal(ILjava/lang/Object;Ljava/lang/Object;ZZ)Ljava/lang/Object; @ 203 c2
Event: 4.145 Thread 0x000001c2d1894000 Uncommon trap: reason=unstable_if action=reinterpret pc=0x000001c2b9a5dcec method=java.util.HashMap.getNode(ILjava/lang/Object;)Ljava/util/HashMap$Node; @ 129 c2
Event: 4.195 Thread 0x000001c2a904b800 Uncommon trap: reason=unstable_if action=reinterpret pc=0x000001c2b9a8e940 method=java.util.regex.Pattern$Start.match(Ljava/util/regex/Matcher;ILjava/lang/CharSequence;)Z @ 10 c2
Event: 4.226 Thread 0x000001c2d1895800 Uncommon trap: reason=unstable_if action=reinterpret pc=0x000001c2b9a3f904 method=java.io.ByteArrayInputStream.read()I @ 8 c2
Event: 6176.360 Thread 0x000001c2cf7c5000 Uncommon trap: reason=unstable_if action=reinterpret pc=0x000001c2b9af4378 method=io.netty.util.HashedWheelTimer$HashedWheelBucket.expireTimeouts(J)V @ 21 c2

Classes redefined (10 events):
Event: 18475.749 Thread 0x000001c2cdaf2000 redefined class name=click, count=5
Event: 23627.905 Thread 0x000001c2cdaf2000 redefined class name=click, count=6
Event: 23764.486 Thread 0x000001c2cdaf2000 redefined class name=click, count=7
Event: 79543.636 Thread 0x000001c2cdaf2000 redefined class name=click, count=8
Event: 79732.153 Thread 0x000001c2cdaf2000 redefined class name=click, count=9
Event: 80082.313 Thread 0x000001c2cdaf2000 redefined class name=click, count=10
Event: 80199.568 Thread 0x000001c2cdaf2000 redefined class name=click, count=11
Event: 80242.147 Thread 0x000001c2cdaf2000 redefined class name=click, count=12
Event: 94172.739 Thread 0x000001c2cdaf2000 redefined class name=click, count=13
Event: 365575.370 Thread 0x000001c2cdaf2000 redefined class name=click, count=14

Internal exceptions (10 events):
Event: 2.482 Thread 0x000001c2a904b800 Exception <a 'java/lang/NoSuchMethodError'{0x000000070e4f5928}: java.lang.invoke.DirectMethodHandle$Holder.invokeVirtual(Ljava/lang/Object;Ljava/lang/Object;)D> (0x000000070e4f5928) thrown at [./open/src/hotspot/share/interpreter/linkResolver.cpp, line 77
Event: 2.482 Thread 0x000001c2a904b800 Exception <a 'java/lang/NoSuchMethodError'{0x000000070e4fb710}: java.lang.invoke.DirectMethodHandle$Holder.invokeVirtual(Ljava/lang/Object;Ljava/lang/Object;)F> (0x000000070e4fb710) thrown at [./open/src/hotspot/share/interpreter/linkResolver.cpp, line 77
Event: 2.483 Thread 0x000001c2a904b800 Exception <a 'java/lang/NoSuchMethodError'{0x000000070e3041d8}: java.lang.invoke.DirectMethodHandle$Holder.invokeVirtual(Ljava/lang/Object;Ljava/lang/Object;)J> (0x000000070e3041d8) thrown at [./open/src/hotspot/share/interpreter/linkResolver.cpp, line 77
Event: 2.533 Thread 0x000001c2a904b800 Exception <a 'java/lang/NoSuchMethodError'{0x000000071312b568}: java.lang.invoke.DirectMethodHandle$Holder.invokeSpecial(Ljava/lang/Object;Ljava/lang/Object;Ljava/lang/Object;Ljava/lang/Object;Ljava/lang/Object;)V> (0x000000071312b568) thrown at [./open/s
Event: 2.534 Thread 0x000001c2a904b800 Exception <a 'java/lang/NoSuchMethodError'{0x00000007131334f0}: java.lang.invoke.DirectMethodHandle$Holder.invokeStatic(Ljava/lang/Object;Ljava/lang/Object;I)V> (0x00000007131334f0) thrown at [./open/src/hotspot/share/interpreter/linkResolver.cpp, line 77
Event: 2.574 Thread 0x000001c2a904b800 Exception <a 'java/lang/NoSuchMethodError'{0x0000000712dab5e0}: java.lang.invoke.DirectMethodHandle$Holder.invokeSpecialIFC(Ljava/lang/Object;Ljava/lang/Object;Ljava/lang/Object;)I> (0x0000000712dab5e0) thrown at [./open/src/hotspot/share/interpreter/link
Event: 2.594 Thread 0x000001c2a904b800 Exception <a 'java/lang/NoSuchMethodError'{0x0000000712bc6268}: java.lang.invoke.DirectMethodHandle$Holder.invokeStatic(Ljava/lang/Object;Ljava/lang/Object;Ljava/lang/Object;Ljava/lang/Object;)V> (0x0000000712bc6268) thrown at [./open/src/hotspot/share/in
Event: 2.640 Thread 0x000001c2a904b800 Exception <a 'java/lang/NoSuchMethodError'{0x000000071229eef8}: java.lang.invoke.DirectMethodHandle$Holder.invokeSpecial(Ljava/lang/Object;Ljava/lang/Object;Ljava/lang/Object;Ljava/lang/Object;Ljava/lang/Object;Ljava/lang/Object;)V> (0x000000071229eef8) t
Event: 3.989 Thread 0x000001c2a904b800 Exception <a 'java/lang/NoSuchMethodError'{0x00000007103bee48}: java.lang.invoke.DirectMethodHandle$Holder.invokeSpecialIFC(Ljava/lang/Object;Ljava/lang/Object;Ljava/lang/Object;)Ljava/lang/Object;> (0x00000007103bee48) thrown at [./open/src/hotspot/share
Event: 4.044 Thread 0x000001c2a904b800 Exception <a 'java/lang/ClassNotFoundException'{0x0000000710184fe0}: sun/util/logging/resources/spi/loggingProvider> (0x0000000710184fe0) thrown at [./open/src/hotspot/share/classfile/systemDictionary.cpp, line 226]

Events (10 events):
Event: 365575.390 Executing VM operation: GetFrameCount done
Event: 365575.390 Executing VM operation: GetStackTrace
Event: 365575.390 Executing VM operation: GetStackTrace done
Event: 365575.400 Executing VM operation: GetFrameCount
Event: 365575.400 Executing VM operation: GetFrameCount done
Event: 365575.400 Executing VM operation: GetOwnedMonitorInfo
Event: 365575.400 Executing VM operation: GetOwnedMonitorInfo done
Event: 365575.401 Executing VM operation: GetCurrentContendedMonitor
Event: 365575.401 Executing VM operation: GetCurrentContendedMonitor done
Event: 440852.311 Executing VM operation: G1CollectForAllocation


Dynamic libraries:
0x00007ff62b230000 - 0x00007ff62b23f000 	C:\Program Files\Java\jdk-11.0.15\bin\javaw.exe
0x00007ffb38650000 - 0x00007ffb38864000 	C:\WINDOWS\SYSTEM32\ntdll.dll
0x00007ffb37e10000 - 0x00007ffb37ed3000 	C:\WINDOWS\System32\KERNEL32.DLL
0x00007ffb35d70000 - 0x00007ffb3610d000 	C:\WINDOWS\System32\KERNELBASE.dll
0x00007ffb36280000 - 0x00007ffb36391000 	C:\WINDOWS\System32\ucrtbase.dll
0x00007ffb2c2b0000 - 0x00007ffb2c2c5000 	C:\Program Files\Java\jdk-11.0.15\bin\VCRUNTIME140.dll
0x00007ffb2c4e0000 - 0x00007ffb2c4f8000 	C:\Program Files\Java\jdk-11.0.15\bin\jli.dll
0x00007ffb37200000 - 0x00007ffb372ae000 	C:\WINDOWS\System32\ADVAPI32.dll
0x00007ffb38460000 - 0x00007ffb38507000 	C:\WINDOWS\System32\msvcrt.dll
0x00007ffb37ee0000 - 0x00007ffb37f84000 	C:\WINDOWS\System32\sechost.dll
0x00007ffb37820000 - 0x00007ffb37935000 	C:\WINDOWS\System32\RPCRT4.dll
0x00007ffb36440000 - 0x00007ffb365ed000 	C:\WINDOWS\System32\USER32.dll
0x00007ffb363a0000 - 0x00007ffb363c6000 	C:\WINDOWS\System32\win32u.dll
0x00007ffb366b0000 - 0x00007ffb366d9000 	C:\WINDOWS\System32\GDI32.dll
0x00007ffb35b30000 - 0x00007ffb35c42000 	C:\WINDOWS\System32\gdi32full.dll
0x00007ffafce00000 - 0x00007ffafd08e000 	C:\WINDOWS\WinSxS\amd64_microsoft.windows.common-controls_6595b64144ccf1df_6.0.22621.608_none_a9444ca7c10bb01d\COMCTL32.dll
0x00007ffb35cd0000 - 0x00007ffb35d6a000 	C:\WINDOWS\System32\msvcp_win.dll
0x00007ffb2f5b0000 - 0x00007ffb2f5ba000 	C:\WINDOWS\SYSTEM32\VERSION.dll
0x00007ffb37be0000 - 0x00007ffb37c12000 	C:\WINDOWS\System32\IMM32.DLL
0x00007ffb00f20000 - 0x00007ffb00fbb000 	C:\Program Files\Java\jdk-11.0.15\bin\msvcp140.dll
0x00007ffaa6590000 - 0x00007ffaa70a6000 	C:\Program Files\Java\jdk-11.0.15\bin\server\jvm.dll
0x00007ffb368a0000 - 0x00007ffb368a8000 	C:\WINDOWS\System32\PSAPI.DLL
0x00007ffb30920000 - 0x00007ffb30929000 	C:\WINDOWS\SYSTEM32\WSOCK32.dll
0x00007ffb2ffb0000 - 0x00007ffb2ffe4000 	C:\WINDOWS\SYSTEM32\WINMM.dll
0x00007ffb38320000 - 0x00007ffb38391000 	C:\WINDOWS\System32\WS2_32.dll
0x00007ffb34ac0000 - 0x00007ffb34ad8000 	C:\WINDOWS\SYSTEM32\kernel.appcore.dll
0x00007ffb00c50000 - 0x00007ffb00c60000 	C:\Program Files\Java\jdk-11.0.15\bin\verify.dll
0x00007ffb33470000 - 0x00007ffb3369e000 	C:\WINDOWS\SYSTEM32\DBGHELP.DLL
0x00007ffb37f90000 - 0x00007ffb3831a000 	C:\WINDOWS\System32\combase.dll
0x00007ffb37730000 - 0x00007ffb37807000 	C:\WINDOWS\System32\OLEAUT32.dll
0x00007ffb27c90000 - 0x00007ffb27cc2000 	C:\WINDOWS\SYSTEM32\dbgcore.DLL
0x00007ffb35c50000 - 0x00007ffb35ccb000 	C:\WINDOWS\System32\bcryptPrimitives.dll
0x00007ffaf5c10000 - 0x00007ffaf5c38000 	C:\Program Files\Java\jdk-11.0.15\bin\java.dll
0x00007ffb00c40000 - 0x00007ffb00c4a000 	C:\Program Files\Java\jdk-11.0.15\bin\jimage.dll
0x00007ffb00d00000 - 0x00007ffb00d38000 	C:\Program Files\Java\jdk-11.0.15\bin\jdwp.dll
0x00007ffb2c4a0000 - 0x00007ffb2c4ae000 	C:\Program Files\Java\jdk-11.0.15\bin\instrument.dll
0x00007ffaebd50000 - 0x00007ffaebd66000 	C:\Program Files\Java\jdk-11.0.15\bin\zip.dll
0x00007ffb368f0000 - 0x00007ffb370df000 	C:\WINDOWS\System32\SHELL32.dll
0x00007ffb33a90000 - 0x00007ffb34358000 	C:\WINDOWS\SYSTEM32\windows.storage.dll
0x00007ffb33950000 - 0x00007ffb33a8e000 	C:\WINDOWS\SYSTEM32\wintypes.dll
0x00007ffb37c20000 - 0x00007ffb37d11000 	C:\WINDOWS\System32\SHCORE.dll
0x00007ffb37940000 - 0x00007ffb3799e000 	C:\WINDOWS\System32\shlwapi.dll
0x00007ffb359a0000 - 0x00007ffb359c1000 	C:\WINDOWS\SYSTEM32\profapi.dll
0x00007ffb2c2a0000 - 0x00007ffb2c2aa000 	C:\Program Files\Java\jdk-11.0.15\bin\dt_socket.dll
0x00007ffb34f30000 - 0x00007ffb34f99000 	C:\WINDOWS\System32\mswsock.dll
0x00007ffb34620000 - 0x00007ffb34712000 	C:\WINDOWS\SYSTEM32\DNSAPI.dll
0x00007ffb345b0000 - 0x00007ffb345dd000 	C:\WINDOWS\SYSTEM32\IPHLPAPI.DLL
0x00007ffb37810000 - 0x00007ffb37819000 	C:\WINDOWS\System32\NSI.dll
0x00007ffb2f0d0000 - 0x00007ffb2f153000 	C:\WINDOWS\System32\fwpuclnt.dll
0x00007ffb25ce0000 - 0x00007ffb25cea000 	C:\Windows\System32\rasadhlp.dll
0x00007ffaebd30000 - 0x00007ffaebd49000 	C:\Program Files\Java\jdk-11.0.15\bin\net.dll
0x00007ffb2fdd0000 - 0x00007ffb2feff000 	C:\WINDOWS\SYSTEM32\WINHTTP.dll
0x00007ffaebd10000 - 0x00007ffaebd22000 	C:\Program Files\Java\jdk-11.0.15\bin\nio.dll
0x00007ffb304c0000 - 0x00007ffb304c9000 	C:\Program Files\Java\jdk-11.0.15\bin\management.dll
0x00007ffb302a0000 - 0x00007ffb302ab000 	C:\Program Files\Java\jdk-11.0.15\bin\management_ext.dll
0x00007ffac8bd0000 - 0x00007ffac8bf5000 	C:\Program Files\Java\jdk-11.0.15\bin\sunec.dll
0x00007ffb35180000 - 0x00007ffb3519b000 	C:\WINDOWS\SYSTEM32\CRYPTSP.dll
0x00007ffb34a30000 - 0x00007ffb34a65000 	C:\WINDOWS\system32\rsaenh.dll
0x00007ffb35020000 - 0x00007ffb35048000 	C:\WINDOWS\SYSTEM32\USERENV.dll
0x00007ffb35320000 - 0x00007ffb35348000 	C:\WINDOWS\SYSTEM32\bcrypt.dll
0x00007ffb351a0000 - 0x00007ffb351ac000 	C:\WINDOWS\SYSTEM32\CRYPTBASE.dll
0x00007ffb304a0000 - 0x00007ffb304b9000 	C:\WINDOWS\SYSTEM32\dhcpcsvc6.DLL
0x00007ffb2fce0000 - 0x00007ffb2fcff000 	C:\WINDOWS\SYSTEM32\dhcpcsvc.DLL
0x00007ffb24940000 - 0x00007ffb24957000 	C:\WINDOWS\system32\napinsp.dll
0x00007ffb24920000 - 0x00007ffb2493b000 	C:\WINDOWS\system32\pnrpnsp.dll
0x00007ffb24900000 - 0x00007ffb24911000 	C:\WINDOWS\System32\winrnr.dll
0x00007ffaf8040000 - 0x00007ffaf8055000 	C:\WINDOWS\system32\wshbth.dll
0x00007ffab82d0000 - 0x00007ffab82f1000 	C:\WINDOWS\system32\nlansp_c.dll

dbghelp: loaded successfully - version: 4.0.5 - missing functions: none
symbol engine: initialized successfully - sym options: 0x614 - pdb path: .;C:\Program Files\Java\jdk-11.0.15\bin;C:\WINDOWS\SYSTEM32;C:\WINDOWS\WinSxS\amd64_microsoft.windows.common-controls_6595b64144ccf1df_6.0.22621.608_none_a9444ca7c10bb01d;C:\Program Files\Java\jdk-11.0.15\bin\server

VM Arguments:
jvm_args: -agentlib:jdwp=transport=dt_socket,suspend=y,address=localhost:61249 -javaagent:C:\Users\admin\eclipse\java-2021-12\eclipse\configuration\org.eclipse.osgi\594\0\.cp\lib\javaagent-shaded.jar -Dfile.encoding=windows-1252 
java_command: click
java_class_path (initial): C:\Users\admin\eclipse-workspace\Maven\target\classes;C:\Users\admin\.p2\pool\plugins\org.testng_7.4.0.r202105021533.jar;C:\Users\admin\.p2\pool\plugins\com.beust.jcommander_1.78.0.jar;C:\Users\admin\.p2\pool\plugins\org.apache-extras.beanshell.bsh_2.0.0.b6.jar;C:\Users\admin\.p2\pool\plugins\org.yaml.snakeyaml_1.21.0.jar;C:\Users\admin\.p2\pool\plugins\org.webjars.jquery_3.5.1.jar;C:\Users\admin\Selenium_java_library\selenium-api-4.1.4.jar;C:\Users\admin\Selenium_java_library\selenium-api-4.1.4-sources.jar;C:\Users\admin\Selenium_java_library\selenium-chrome-driver-4.1.4.jar;C:\Users\admin\Selenium_java_library\selenium-chrome-driver-4.1.4-sources.jar;C:\Users\admin\Selenium_java_library\selenium-chromium-driver-4.1.4.jar;C:\Users\admin\Selenium_java_library\selenium-chromium-driver-4.1.4-sources.jar;C:\Users\admin\Selenium_java_library\selenium-devtools-v85-4.1.4.jar;C:\Users\admin\Selenium_java_library\selenium-devtools-v85-4.1.4-sources.jar;C:\Users\admin\Selenium_java_library\selenium-devtools-v99-4.1.4.jar;C:\Users\admin\Selenium_java_library\selenium-devtools-v99-4.1.4-sources.jar;C:\Users\admin\Selenium_java_library\selenium-devtools-v100-4.1.4.jar;C:\Users\admin\Selenium_java_library\selenium-devtools-v100-4.1.4-sources.jar;C:\Users\admin\Selenium_java_library\selenium-devtools-v101-4.1.4.jar;C:\Users\admin\Selenium_java_library\selenium-devtools-v101-4.1.4-sources.jar;C:\Users\admin\Selenium_java_library\selenium-edge-driver-4.1.4.jar;C:\Users\admin\Selenium_java_library\selenium-edge-driver-4.1.4-sources.jar;C:\Users\admin\Selenium_java_library\selenium-firefox-driver-4.1.4.jar;C:\Users\admin\Selenium_java_library\selenium-firefox-driver-4.1.4-sources.jar;C:\Users\admin\Selenium_java_library\selenium-http-4.1.4.jar;C:\Users\admin\Selenium_java_library\selenium-http-4.1.4-sources.jar;C:\Users\admin\Selenium_java_library\selenium-ie-driver-4.1.4.jar;C:\Users\admin\Selenium_java_library\selenium-ie-driver-4.1.4-sources.jar;C:\Use
Launcher Type: SUN_STANDARD

[Global flags]
     intx CICompilerCount                          = 4                                         {product} {ergonomic}
     uint ConcGCThreads                            = 2                                         {product} {ergonomic}
     uint G1ConcRefinementThreads                  = 8                                         {product} {ergonomic}
   size_t G1HeapRegionSize                         = 1048576                                   {product} {ergonomic}
    uintx GCDrainStackTargetSize                   = 64                                        {product} {ergonomic}
   size_t InitialHeapSize                          = 266338304                                 {product} {ergonomic}
   size_t MarkStackSize                            = 4194304                                   {product} {ergonomic}
   size_t MaxHeapSize                              = 4238344192                                {product} {ergonomic}
   size_t MaxNewSize                               = 2542796800                                {product} {ergonomic}
   size_t MinHeapDeltaBytes                        = 1048576                                   {product} {ergonomic}
    uintx NonNMethodCodeHeapSize                   = 5836300                                {pd product} {ergonomic}
    uintx NonProfiledCodeHeapSize                  = 122910970                              {pd product} {ergonomic}
    uintx ProfiledCodeHeapSize                     = 122910970                              {pd product} {ergonomic}
    uintx ReservedCodeCacheSize                    = 251658240                              {pd product} {ergonomic}
     bool SegmentedCodeCache                       = true                                      {product} {ergonomic}
     bool UseCompressedClassPointers               = true                                 {lp64_product} {ergonomic}
     bool UseCompressedOops                        = true                                 {lp64_product} {ergonomic}
     bool UseG1GC                                  = true                                      {product} {ergonomic}
     bool UseLargePagesIndividualAllocation        = false                                  {pd product} {ergonomic}

Logging:
Log output configuration:
 #0: stdout all=warning uptime,level,tags
 #1: stderr all=off uptime,level,tags

Environment Variables:
JAVA_HOME=C:\Program Files\Java\jdk-11.0.15
PATH=C:/Program Files/Java/jdk-11.0.15/bin/server;C:/Program Files/Java/jdk-11.0.15/bin;C:\Program Files\Common Files\Oracle\Java\javapath;C:\WINDOWS\system32;C:\WINDOWS;C:\WINDOWS\System32\Wbem;C:\WINDOWS\System32\WindowsPowerShell\v1.0\;C:\WINDOWS\System32\OpenSSH\;C:\Program Files\Java\jdk-11.0.15\bin;C:\Program Files (x86)\Microsoft SQL Server\150\Tools\Binn\;C:\Program Files\Microsoft SQL Server\150\Tools\Binn\;C:\Program Files (x86)\Microsoft SQL Server\150\DTS\Binn\;C:\Program Files\Microsoft SQL Server\150\DTS\Binn\;C:\Program Files\Microsoft SQL Server\Client SDK\ODBC\170\Tools\Binn\;C:\Program Files\Azure Data Studio\bin;C:\Users\admin\AppData\Local\Microsoft\WindowsApps;;C:\Program Files\Azure Data Studio\bin;C:\WINDOWS\system32;
USERNAME=admin
OS=Windows_NT
PROCESSOR_IDENTIFIER=Intel64 Family 6 Model 126 Stepping 5, GenuineIntel



---------------  S Y S T E M  ---------------

OS: Windows 11 , 64 bit Build 22621 (10.0.22621.1105)

CPU:total 8 (initial active 8) (4 cores per cpu, 2 threads per core) family 6 model 126 stepping 5 microcode 0xa0, cmov, cx8, fxsr, mmx, sse, sse2, sse3, ssse3, sse4.1, sse4.2, popcnt, avx, avx2, aes, clmul, erms, 3dnowpref, lzcnt, ht, tsc, tscinvbit, bmi1, bmi2, adx, evex, sha, fma

Memory: 4k page, system-wide physical 16165M (7556M free)
TotalPageFile size 27941M (AvailPageFile size 10793M)
current process WorkingSet (physical memory assigned to process): 41M, peak: 222M
current process commit charge ("private bytes"): 387M, peak: 424M

vm_info: Java HotSpot(TM) 64-Bit Server VM (11.0.15+8-LTS-149) for windows-amd64 JRE (11.0.15+8-LTS-149), built on Mar  9 2022 22:42:32 by "mach5one" with MS VC++ 15.9 (VS2017)

END.
