#
# There is insufficient memory for the Java Runtime Environment to continue.
# Native memory allocation (malloc) failed to allocate 32744 bytes for ChunkPool::allocate
# Possible reasons:
#   The system is out of physical RAM or swap space
#   The process is running with CompressedOops enabled, and the Java Heap may be blocking the growth of the native heap
# Possible solutions:
#   Reduce memory load on the system
#   Increase physical memory or swap space
#   Check if swap backing store is full
#   Decrease Java heap size (-Xmx/-Xms)
#   Decrease number of Java threads
#   Decrease Java thread stack sizes (-Xss)
#   Set larger code cache with -XX:ReservedCodeCacheSize=
#   JVM is running with Zero Based Compressed Oops mode in which the Java heap is
#     placed in the first 32GB address space. The Java Heap base address is the
#     maximum limit for the native heap growth. Please use -XX:HeapBaseMinAddress
#     to set the Java Heap base and to place the Java Heap above 32GB virtual address.
# This output file may be truncated or incomplete.
#
#  Out of Memory Error (./open/src/hotspot/share/memory/arena.cpp:81), pid=38104, tid=10392
#
# JRE version: Java(TM) SE Runtime Environment 18.9 (11.0.15+8) (build 11.0.15+8-LTS-149)
# Java VM: Java HotSpot(TM) 64-Bit Server VM 18.9 (11.0.15+8-LTS-149, mixed mode, tiered, compressed oops, g1 gc, windows-amd64)
# No core dump will be written. Minidumps are not enabled by default on client versions of Windows
#

---------------  S U M M A R Y ------------

Command Line: -Dfile.encoding=windows-1252 locator_practice

Host: Intel(R) Core(TM) i5-1035G1 CPU @ 1.00GHz, 8 cores, 15G,  Windows 10 , 64 bit Build 19041 (10.0.19041.1889)
Time: Sat Nov 12 12:36:53 2022 India Standard Time elapsed time: 4.236132 seconds (0d 0h 0m 4s)

---------------  T H R E A D  ---------------

Current thread (0x000002d59c5f8000):  JavaThread "C1 CompilerThread0" daemon [_thread_in_native, id=10392, stack(0x000000e3aeb00000,0x000000e3aec00000)]


Current CompileTask:
C1:   4236 1760       3       sun.nio.cs.UTF_8$Decoder::decodeArrayLoop (691 bytes)

Stack: [0x000000e3aeb00000,0x000000e3aec00000]
Native frames: (J=compiled Java code, j=interpreted, Vv=VM code, C=native code)
V  [jvm.dll+0x629d8a]
V  [jvm.dll+0x7638ff]
V  [jvm.dll+0x764fa9]
V  [jvm.dll+0x765633]
V  [jvm.dll+0x23d9c8]
V  [jvm.dll+0xb2c7b]
V  [jvm.dll+0xb2fdc]
V  [jvm.dll+0x17633d]
V  [jvm.dll+0x11eaae]
V  [jvm.dll+0x121352]
V  [jvm.dll+0x12165f]
V  [jvm.dll+0x12473d]
V  [jvm.dll+0x122de4]
V  [jvm.dll+0x11cb2c]
V  [jvm.dll+0x12ca3a]
V  [jvm.dll+0x117e79]
V  [jvm.dll+0x1181e0]
V  [jvm.dll+0x11849f]
V  [jvm.dll+0x117744]
V  [jvm.dll+0x119617]
V  [jvm.dll+0x207026]
V  [jvm.dll+0x2051bb]
V  [jvm.dll+0x729820]
V  [jvm.dll+0x7223f4]
V  [jvm.dll+0x628c26]
C  [ucrtbase.dll+0x21bb2]
C  [KERNEL32.DLL+0x17034]
C  [ntdll.dll+0x526a1]


---------------  P R O C E S S  ---------------

Threads class SMR info:
_java_thread_list=0x000002d59dbe1fc0, length=23, elements={
0x000002d5f9044000, 0x000002d5ff6d3800, 0x000002d59c589000, 0x000002d59c5dd800,
0x000002d59c5e0800, 0x000002d59c5eb800, 0x000002d59c5f1000, 0x000002d59c5f8000,
0x000002d59c618800, 0x000002d59c77a800, 0x000002d59c77d000, 0x000002d59c777000,
0x000002d59c77d800, 0x000002d59c778000, 0x000002d59c77b000, 0x000002d59c778800,
0x000002d59c779800, 0x000002d59c77c000, 0x000002d59cf44800, 0x000002d59cf44000,
0x000002d59dbe0800, 0x000002d59cf48000, 0x000002d59cf48800
}

Java Threads: ( => current thread )
  0x000002d5f9044000 JavaThread "main" [_thread_in_vm, id=34780, stack(0x000000e3ade00000,0x000000e3adf00000)]
  0x000002d5ff6d3800 JavaThread "Reference Handler" daemon [_thread_blocked, id=38824, stack(0x000000e3ae500000,0x000000e3ae600000)]
  0x000002d59c589000 JavaThread "Finalizer" daemon [_thread_blocked, id=22244, stack(0x000000e3ae600000,0x000000e3ae700000)]
  0x000002d59c5dd800 JavaThread "Signal Dispatcher" daemon [_thread_blocked, id=32700, stack(0x000000e3ae700000,0x000000e3ae800000)]
  0x000002d59c5e0800 JavaThread "Attach Listener" daemon [_thread_blocked, id=38904, stack(0x000000e3ae800000,0x000000e3ae900000)]
  0x000002d59c5eb800 JavaThread "Service Thread" daemon [_thread_blocked, id=15860, stack(0x000000e3ae900000,0x000000e3aea00000)]
  0x000002d59c5f1000 JavaThread "C2 CompilerThread0" daemon [_thread_in_native, id=25012, stack(0x000000e3aea00000,0x000000e3aeb00000)]
=>0x000002d59c5f8000 JavaThread "C1 CompilerThread0" daemon [_thread_in_native, id=10392, stack(0x000000e3aeb00000,0x000000e3aec00000)]
  0x000002d59c618800 JavaThread "Sweeper thread" daemon [_thread_blocked, id=28012, stack(0x000000e3aec00000,0x000000e3aed00000)]
  0x000002d59c77a800 JavaThread "Common-Cleaner" daemon [_thread_blocked, id=11860, stack(0x000000e3aee00000,0x000000e3aef00000)]
  0x000002d59c77d000 JavaThread "ForkJoinPool.commonPool-worker-3" daemon [_thread_blocked, id=35176, stack(0x000000e3af000000,0x000000e3af100000)]
  0x000002d59c777000 JavaThread "AsyncHttpClient-1-1" daemon [_thread_blocked, id=28968, stack(0x000000e3af600000,0x000000e3af700000)]
  0x000002d59c77d800 JavaThread "Exec Default Executor" daemon [_thread_in_native, id=38920, stack(0x000000e3af700000,0x000000e3af800000)]
  0x000002d59c778000 JavaThread "Driver Service Executor" daemon [_thread_blocked, id=26728, stack(0x000000e3af800000,0x000000e3af900000)]
  0x000002d59c77b000 JavaThread "Driver Service Executor" daemon [_thread_blocked, id=3040, stack(0x000000e3af900000,0x000000e3afa00000)]
  0x000002d59c778800 JavaThread "UrlChecker-2" daemon [_thread_blocked, id=26780, stack(0x000000e3afa00000,0x000000e3afb00000)]
  0x000002d59c779800 JavaThread "Exec Stream Pumper" daemon [_thread_in_native, id=10616, stack(0x000000e3afc00000,0x000000e3afd00000)]
  0x000002d59c77c000 JavaThread "Exec Stream Pumper" daemon [_thread_in_native, id=12028, stack(0x000000e3afd00000,0x000000e3afe00000)]
  0x000002d59cf44800 JavaThread "Keep-Alive-Timer" daemon [_thread_blocked, id=40748, stack(0x000000e3aef00000,0x000000e3af000000)]
  0x000002d59cf44000 JavaThread "AsyncHttpClient-1-2" daemon [_thread_in_native, id=42932, stack(0x000000e3afe00000,0x000000e3aff00000)]
  0x000002d59dbe0800 JavaThread "C2 CompilerThread1" daemon [_thread_in_native, id=38820, stack(0x000000e3b0000000,0x000000e3b0100000)]
  0x000002d59cf48000 JavaThread "AsyncHttpClient-1-3" daemon [_thread_in_native, id=14376, stack(0x000000e3b0100000,0x000000e3b0200000)]
  0x000002d59cf48800 JavaThread "AsyncHttpClient-1-4" daemon [_thread_in_native, id=36744, stack(0x000000e3b0200000,0x000000e3b0300000)]

Other Threads:
  0x000002d5ff6d1800 VMThread "VM Thread" [stack: 0x000000e3ae400000,0x000000e3ae500000] [id=35800]
  0x000002d59c773000 WatcherThread [stack: 0x000000e3aed00000,0x000000e3aee00000] [id=40324]
  0x000002d5f9059800 GCTaskThread "GC Thread#0" [stack: 0x000000e3adf00000,0x000000e3ae000000] [id=23752]
  0x000002d59d897800 GCTaskThread "GC Thread#1" [stack: 0x000000e3af100000,0x000000e3af200000] [id=34104]
  0x000002d59d898800 GCTaskThread "GC Thread#2" [stack: 0x000000e3af200000,0x000000e3af300000] [id=33724]
  0x000002d59d8ea800 GCTaskThread "GC Thread#3" [stack: 0x000000e3af300000,0x000000e3af400000] [id=26596]
  0x000002d59d8eb000 GCTaskThread "GC Thread#4" [stack: 0x000000e3af400000,0x000000e3af500000] [id=19640]
  0x000002d59d03f000 GCTaskThread "GC Thread#5" [stack: 0x000000e3af500000,0x000000e3af600000] [id=41464]
  0x000002d5f90b4000 ConcurrentGCThread "G1 Main Marker" [stack: 0x000000e3ae000000,0x000000e3ae100000] [id=39576]
  0x000002d5f90b5800 ConcurrentGCThread "G1 Conc#0" [stack: 0x000000e3ae100000,0x000000e3ae200000] [id=39100]
  0x000002d59d723000 ConcurrentGCThread "G1 Conc#1" [stack: 0x000000e3aff00000,0x000000e3b0000000] [id=42148]
  0x000002d5ff5b8800 ConcurrentGCThread "G1 Refine#0" [stack: 0x000000e3ae200000,0x000000e3ae300000] [id=17184]
  0x000002d5ff5bc000 ConcurrentGCThread "G1 Young RemSet Sampling" [stack: 0x000000e3ae300000,0x000000e3ae400000] [id=34340]

Threads with active compile tasks:
C2 CompilerThread0   4278 1733   !   4       jdk.internal.loader.URLClassPath$JarLoader::getResource (353 bytes)
C1 CompilerThread0   4278 1760       3       sun.nio.cs.UTF_8$Decoder::decodeArrayLoop (691 bytes)
C2 CompilerThread1   4278 1730       4       jdk.internal.util.jar.JarIndex::get (49 bytes)

VM state:not at safepoint (normal execution)

VM Mutex/Monitor currently owned by a thread: None

Heap address: 0x0000000703600000, size: 4042 MB, Compressed Oops mode: Zero based, Oop shift amount: 3
Narrow klass base: 0x0000000800000000, Narrow klass shift: 0
Compressed class space size: 1073741824 Address: 0x0000000800000000

Heap:
 garbage-first heap   total 260096K, used 43007K [0x0000000703600000, 0x0000000800000000)
  region size 1024K, 37 young (37888K), 7 survivors (7168K)
 Metaspace       used 24429K, capacity 25054K, committed 25216K, reserved 1071104K
  class space    used 2832K, capacity 3099K, committed 3200K, reserved 1048576K
Heap Regions: E=young(eden), S=young(survivor), O=old, HS=humongous(starts), HC=humongous(continues), CS=collection set, F=free, A=archive, TAMS=top-at-mark-start (previous, next)
|   0|0x0000000703600000, 0x0000000703700000, 0x0000000703700000|100%| O|  |TAMS 0x0000000703700000, 0x0000000703600000| Untracked 
|   1|0x0000000703700000, 0x00000007037d3a00, 0x0000000703800000| 82%| O|  |TAMS 0x00000007037d3a00, 0x0000000703700000| Untracked 
|   2|0x0000000703800000, 0x0000000703900000, 0x0000000703900000|100%|HS|  |TAMS 0x0000000703800000, 0x0000000703800000| Complete 
|   3|0x0000000703900000, 0x0000000703a00000, 0x0000000703a00000|100%|HC|  |TAMS 0x0000000703900000, 0x0000000703900000| Complete 
|   4|0x0000000703a00000, 0x0000000703b00000, 0x0000000703b00000|100%|HC|  |TAMS 0x0000000703a00000, 0x0000000703a00000| Complete 
|   5|0x0000000703b00000, 0x0000000703c00000, 0x0000000703c00000|100%|HC|  |TAMS 0x0000000703b00000, 0x0000000703b00000| Complete 
|   6|0x0000000703c00000, 0x0000000703d00000, 0x0000000703d00000|100%|HC|  |TAMS 0x0000000703c00000, 0x0000000703c00000| Complete 
|   7|0x0000000703d00000, 0x0000000703d00000, 0x0000000703e00000|  0%| F|  |TAMS 0x0000000703d00000, 0x0000000703d00000| Untracked 
|   8|0x0000000703e00000, 0x0000000703e00000, 0x0000000703f00000|  0%| F|  |TAMS 0x0000000703e00000, 0x0000000703e00000| Untracked 
|   9|0x0000000703f00000, 0x0000000703f00000, 0x0000000704000000|  0%| F|  |TAMS 0x0000000703f00000, 0x0000000703f00000| Untracked 
|  10|0x0000000704000000, 0x0000000704000000, 0x0000000704100000|  0%| F|  |TAMS 0x0000000704000000, 0x0000000704000000| Untracked 
|  11|0x0000000704100000, 0x0000000704100000, 0x0000000704200000|  0%| F|  |TAMS 0x0000000704100000, 0x0000000704100000| Untracked 
|  12|0x0000000704200000, 0x0000000704200000, 0x0000000704300000|  0%| F|  |TAMS 0x0000000704200000, 0x0000000704200000| Untracked 
|  13|0x0000000704300000, 0x0000000704300000, 0x0000000704400000|  0%| F|  |TAMS 0x0000000704300000, 0x0000000704300000| Untracked 
|  14|0x0000000704400000, 0x0000000704400000, 0x0000000704500000|  0%| F|  |TAMS 0x0000000704400000, 0x0000000704400000| Untracked 
|  15|0x0000000704500000, 0x0000000704500000, 0x0000000704600000|  0%| F|  |TAMS 0x0000000704500000, 0x0000000704500000| Untracked 
|  16|0x0000000704600000, 0x0000000704600000, 0x0000000704700000|  0%| F|  |TAMS 0x0000000704600000, 0x0000000704600000| Untracked 
|  17|0x0000000704700000, 0x0000000704700000, 0x0000000704800000|  0%| F|  |TAMS 0x0000000704700000, 0x0000000704700000| Untracked 
|  18|0x0000000704800000, 0x0000000704800000, 0x0000000704900000|  0%| F|  |TAMS 0x0000000704800000, 0x0000000704800000| Untracked 
|  19|0x0000000704900000, 0x0000000704900000, 0x0000000704a00000|  0%| F|  |TAMS 0x0000000704900000, 0x0000000704900000| Untracked 
|  20|0x0000000704a00000, 0x0000000704a00000, 0x0000000704b00000|  0%| F|  |TAMS 0x0000000704a00000, 0x0000000704a00000| Untracked 
|  21|0x0000000704b00000, 0x0000000704b00000, 0x0000000704c00000|  0%| F|  |TAMS 0x0000000704b00000, 0x0000000704b00000| Untracked 
|  22|0x0000000704c00000, 0x0000000704c00000, 0x0000000704d00000|  0%| F|  |TAMS 0x0000000704c00000, 0x0000000704c00000| Untracked 
|  23|0x0000000704d00000, 0x0000000704d00000, 0x0000000704e00000|  0%| F|  |TAMS 0x0000000704d00000, 0x0000000704d00000| Untracked 
|  24|0x0000000704e00000, 0x0000000704e00000, 0x0000000704f00000|  0%| F|  |TAMS 0x0000000704e00000, 0x0000000704e00000| Untracked 
|  25|0x0000000704f00000, 0x0000000704f00000, 0x0000000705000000|  0%| F|  |TAMS 0x0000000704f00000, 0x0000000704f00000| Untracked 
|  26|0x0000000705000000, 0x0000000705000000, 0x0000000705100000|  0%| F|  |TAMS 0x0000000705000000, 0x0000000705000000| Untracked 
|  27|0x0000000705100000, 0x0000000705100000, 0x0000000705200000|  0%| F|  |TAMS 0x0000000705100000, 0x0000000705100000| Untracked 
|  28|0x0000000705200000, 0x0000000705200000, 0x0000000705300000|  0%| F|  |TAMS 0x0000000705200000, 0x0000000705200000| Untracked 
|  29|0x0000000705300000, 0x0000000705300000, 0x0000000705400000|  0%| F|  |TAMS 0x0000000705300000, 0x0000000705300000| Untracked 
|  30|0x0000000705400000, 0x0000000705400000, 0x0000000705500000|  0%| F|  |TAMS 0x0000000705400000, 0x0000000705400000| Untracked 
|  31|0x0000000705500000, 0x0000000705500000, 0x0000000705600000|  0%| F|  |TAMS 0x0000000705500000, 0x0000000705500000| Untracked 
|  32|0x0000000705600000, 0x0000000705600000, 0x0000000705700000|  0%| F|  |TAMS 0x0000000705600000, 0x0000000705600000| Untracked 
|  33|0x0000000705700000, 0x0000000705700000, 0x0000000705800000|  0%| F|  |TAMS 0x0000000705700000, 0x0000000705700000| Untracked 
|  34|0x0000000705800000, 0x0000000705800000, 0x0000000705900000|  0%| F|  |TAMS 0x0000000705800000, 0x0000000705800000| Untracked 
|  35|0x0000000705900000, 0x0000000705900000, 0x0000000705a00000|  0%| F|  |TAMS 0x0000000705900000, 0x0000000705900000| Untracked 
|  36|0x0000000705a00000, 0x0000000705a00000, 0x0000000705b00000|  0%| F|  |TAMS 0x0000000705a00000, 0x0000000705a00000| Untracked 
|  37|0x0000000705b00000, 0x0000000705b00000, 0x0000000705c00000|  0%| F|  |TAMS 0x0000000705b00000, 0x0000000705b00000| Untracked 
|  38|0x0000000705c00000, 0x0000000705c00000, 0x0000000705d00000|  0%| F|  |TAMS 0x0000000705c00000, 0x0000000705c00000| Untracked 
|  39|0x0000000705d00000, 0x0000000705d00000, 0x0000000705e00000|  0%| F|  |TAMS 0x0000000705d00000, 0x0000000705d00000| Untracked 
|  40|0x0000000705e00000, 0x0000000705e00000, 0x0000000705f00000|  0%| F|  |TAMS 0x0000000705e00000, 0x0000000705e00000| Untracked 
|  41|0x0000000705f00000, 0x0000000705f00000, 0x0000000706000000|  0%| F|  |TAMS 0x0000000705f00000, 0x0000000705f00000| Untracked 
|  42|0x0000000706000000, 0x0000000706000000, 0x0000000706100000|  0%| F|  |TAMS 0x0000000706000000, 0x0000000706000000| Untracked 
|  43|0x0000000706100000, 0x0000000706100000, 0x0000000706200000|  0%| F|  |TAMS 0x0000000706100000, 0x0000000706100000| Untracked 
|  44|0x0000000706200000, 0x0000000706200000, 0x0000000706300000|  0%| F|  |TAMS 0x0000000706200000, 0x0000000706200000| Untracked 
|  45|0x0000000706300000, 0x0000000706300000, 0x0000000706400000|  0%| F|  |TAMS 0x0000000706300000, 0x0000000706300000| Untracked 
|  46|0x0000000706400000, 0x0000000706400000, 0x0000000706500000|  0%| F|  |TAMS 0x0000000706400000, 0x0000000706400000| Untracked 
|  47|0x0000000706500000, 0x0000000706500000, 0x0000000706600000|  0%| F|  |TAMS 0x0000000706500000, 0x0000000706500000| Untracked 
|  48|0x0000000706600000, 0x0000000706600000, 0x0000000706700000|  0%| F|  |TAMS 0x0000000706600000, 0x0000000706600000| Untracked 
|  49|0x0000000706700000, 0x0000000706700000, 0x0000000706800000|  0%| F|  |TAMS 0x0000000706700000, 0x0000000706700000| Untracked 
|  50|0x0000000706800000, 0x0000000706800000, 0x0000000706900000|  0%| F|  |TAMS 0x0000000706800000, 0x0000000706800000| Untracked 
|  51|0x0000000706900000, 0x0000000706900000, 0x0000000706a00000|  0%| F|  |TAMS 0x0000000706900000, 0x0000000706900000| Untracked 
|  52|0x0000000706a00000, 0x0000000706a00000, 0x0000000706b00000|  0%| F|  |TAMS 0x0000000706a00000, 0x0000000706a00000| Untracked 
|  53|0x0000000706b00000, 0x0000000706b00000, 0x0000000706c00000|  0%| F|  |TAMS 0x0000000706b00000, 0x0000000706b00000| Untracked 
|  54|0x0000000706c00000, 0x0000000706c00000, 0x0000000706d00000|  0%| F|  |TAMS 0x0000000706c00000, 0x0000000706c00000| Untracked 
|  55|0x0000000706d00000, 0x0000000706d00000, 0x0000000706e00000|  0%| F|  |TAMS 0x0000000706d00000, 0x0000000706d00000| Untracked 
|  56|0x0000000706e00000, 0x0000000706e00000, 0x0000000706f00000|  0%| F|  |TAMS 0x0000000706e00000, 0x0000000706e00000| Untracked 
|  57|0x0000000706f00000, 0x0000000706f00000, 0x0000000707000000|  0%| F|  |TAMS 0x0000000706f00000, 0x0000000706f00000| Untracked 
|  58|0x0000000707000000, 0x0000000707000000, 0x0000000707100000|  0%| F|  |TAMS 0x0000000707000000, 0x0000000707000000| Untracked 
|  59|0x0000000707100000, 0x0000000707100000, 0x0000000707200000|  0%| F|  |TAMS 0x0000000707100000, 0x0000000707100000| Untracked 
|  60|0x0000000707200000, 0x0000000707200000, 0x0000000707300000|  0%| F|  |TAMS 0x0000000707200000, 0x0000000707200000| Untracked 
|  61|0x0000000707300000, 0x0000000707300000, 0x0000000707400000|  0%| F|  |TAMS 0x0000000707300000, 0x0000000707300000| Untracked 
|  62|0x0000000707400000, 0x0000000707400000, 0x0000000707500000|  0%| F|  |TAMS 0x0000000707400000, 0x0000000707400000| Untracked 
|  63|0x0000000707500000, 0x0000000707500000, 0x0000000707600000|  0%| F|  |TAMS 0x0000000707500000, 0x0000000707500000| Untracked 
|  64|0x0000000707600000, 0x0000000707600000, 0x0000000707700000|  0%| F|  |TAMS 0x0000000707600000, 0x0000000707600000| Untracked 
|  65|0x0000000707700000, 0x0000000707700000, 0x0000000707800000|  0%| F|  |TAMS 0x0000000707700000, 0x0000000707700000| Untracked 
|  66|0x0000000707800000, 0x0000000707800000, 0x0000000707900000|  0%| F|  |TAMS 0x0000000707800000, 0x0000000707800000| Untracked 
|  67|0x0000000707900000, 0x0000000707900000, 0x0000000707a00000|  0%| F|  |TAMS 0x0000000707900000, 0x0000000707900000| Untracked 
|  68|0x0000000707a00000, 0x0000000707a00000, 0x0000000707b00000|  0%| F|  |TAMS 0x0000000707a00000, 0x0000000707a00000| Untracked 
|  69|0x0000000707b00000, 0x0000000707b00000, 0x0000000707c00000|  0%| F|  |TAMS 0x0000000707b00000, 0x0000000707b00000| Untracked 
|  70|0x0000000707c00000, 0x0000000707c00000, 0x0000000707d00000|  0%| F|  |TAMS 0x0000000707c00000, 0x0000000707c00000| Untracked 
|  71|0x0000000707d00000, 0x0000000707d00000, 0x0000000707e00000|  0%| F|  |TAMS 0x0000000707d00000, 0x0000000707d00000| Untracked 
|  72|0x0000000707e00000, 0x0000000707e00000, 0x0000000707f00000|  0%| F|  |TAMS 0x0000000707e00000, 0x0000000707e00000| Untracked 
|  73|0x0000000707f00000, 0x0000000707f00000, 0x0000000708000000|  0%| F|  |TAMS 0x0000000707f00000, 0x0000000707f00000| Untracked 
|  74|0x0000000708000000, 0x0000000708000000, 0x0000000708100000|  0%| F|  |TAMS 0x0000000708000000, 0x0000000708000000| Untracked 
|  75|0x0000000708100000, 0x0000000708100000, 0x0000000708200000|  0%| F|  |TAMS 0x0000000708100000, 0x0000000708100000| Untracked 
|  76|0x0000000708200000, 0x0000000708200000, 0x0000000708300000|  0%| F|  |TAMS 0x0000000708200000, 0x0000000708200000| Untracked 
|  77|0x0000000708300000, 0x0000000708300000, 0x0000000708400000|  0%| F|  |TAMS 0x0000000708300000, 0x0000000708300000| Untracked 
|  78|0x0000000708400000, 0x0000000708400000, 0x0000000708500000|  0%| F|  |TAMS 0x0000000708400000, 0x0000000708400000| Untracked 
|  79|0x0000000708500000, 0x0000000708500000, 0x0000000708600000|  0%| F|  |TAMS 0x0000000708500000, 0x0000000708500000| Untracked 
|  80|0x0000000708600000, 0x0000000708600000, 0x0000000708700000|  0%| F|  |TAMS 0x0000000708600000, 0x0000000708600000| Untracked 
|  81|0x0000000708700000, 0x0000000708700000, 0x0000000708800000|  0%| F|  |TAMS 0x0000000708700000, 0x0000000708700000| Untracked 
|  82|0x0000000708800000, 0x0000000708800000, 0x0000000708900000|  0%| F|  |TAMS 0x0000000708800000, 0x0000000708800000| Untracked 
|  83|0x0000000708900000, 0x0000000708900000, 0x0000000708a00000|  0%| F|  |TAMS 0x0000000708900000, 0x0000000708900000| Untracked 
|  84|0x0000000708a00000, 0x0000000708a00000, 0x0000000708b00000|  0%| F|  |TAMS 0x0000000708a00000, 0x0000000708a00000| Untracked 
|  85|0x0000000708b00000, 0x0000000708b00000, 0x0000000708c00000|  0%| F|  |TAMS 0x0000000708b00000, 0x0000000708b00000| Untracked 
|  86|0x0000000708c00000, 0x0000000708c00000, 0x0000000708d00000|  0%| F|  |TAMS 0x0000000708c00000, 0x0000000708c00000| Untracked 
|  87|0x0000000708d00000, 0x0000000708d00000, 0x0000000708e00000|  0%| F|  |TAMS 0x0000000708d00000, 0x0000000708d00000| Untracked 
|  88|0x0000000708e00000, 0x0000000708e00000, 0x0000000708f00000|  0%| F|  |TAMS 0x0000000708e00000, 0x0000000708e00000| Untracked 
|  89|0x0000000708f00000, 0x0000000708f00000, 0x0000000709000000|  0%| F|  |TAMS 0x0000000708f00000, 0x0000000708f00000| Untracked 
|  90|0x0000000709000000, 0x0000000709000000, 0x0000000709100000|  0%| F|  |TAMS 0x0000000709000000, 0x0000000709000000| Untracked 
|  91|0x0000000709100000, 0x0000000709100000, 0x0000000709200000|  0%| F|  |TAMS 0x0000000709100000, 0x0000000709100000| Untracked 
|  92|0x0000000709200000, 0x0000000709200000, 0x0000000709300000|  0%| F|  |TAMS 0x0000000709200000, 0x0000000709200000| Untracked 
|  93|0x0000000709300000, 0x0000000709300000, 0x0000000709400000|  0%| F|  |TAMS 0x0000000709300000, 0x0000000709300000| Untracked 
|  94|0x0000000709400000, 0x0000000709400000, 0x0000000709500000|  0%| F|  |TAMS 0x0000000709400000, 0x0000000709400000| Untracked 
|  95|0x0000000709500000, 0x0000000709500000, 0x0000000709600000|  0%| F|  |TAMS 0x0000000709500000, 0x0000000709500000| Untracked 
|  96|0x0000000709600000, 0x0000000709600000, 0x0000000709700000|  0%| F|  |TAMS 0x0000000709600000, 0x0000000709600000| Untracked 
|  97|0x0000000709700000, 0x0000000709700000, 0x0000000709800000|  0%| F|  |TAMS 0x0000000709700000, 0x0000000709700000| Untracked 
|  98|0x0000000709800000, 0x0000000709800000, 0x0000000709900000|  0%| F|  |TAMS 0x0000000709800000, 0x0000000709800000| Untracked 
|  99|0x0000000709900000, 0x0000000709900000, 0x0000000709a00000|  0%| F|  |TAMS 0x0000000709900000, 0x0000000709900000| Untracked 
| 100|0x0000000709a00000, 0x0000000709a00000, 0x0000000709b00000|  0%| F|  |TAMS 0x0000000709a00000, 0x0000000709a00000| Untracked 
| 101|0x0000000709b00000, 0x0000000709b00000, 0x0000000709c00000|  0%| F|  |TAMS 0x0000000709b00000, 0x0000000709b00000| Untracked 
| 102|0x0000000709c00000, 0x0000000709c00000, 0x0000000709d00000|  0%| F|  |TAMS 0x0000000709c00000, 0x0000000709c00000| Untracked 
| 103|0x0000000709d00000, 0x0000000709d00000, 0x0000000709e00000|  0%| F|  |TAMS 0x0000000709d00000, 0x0000000709d00000| Untracked 
| 104|0x0000000709e00000, 0x0000000709e00000, 0x0000000709f00000|  0%| F|  |TAMS 0x0000000709e00000, 0x0000000709e00000| Untracked 
| 105|0x0000000709f00000, 0x0000000709f00000, 0x000000070a000000|  0%| F|  |TAMS 0x0000000709f00000, 0x0000000709f00000| Untracked 
| 106|0x000000070a000000, 0x000000070a000000, 0x000000070a100000|  0%| F|  |TAMS 0x000000070a000000, 0x000000070a000000| Untracked 
| 107|0x000000070a100000, 0x000000070a100000, 0x000000070a200000|  0%| F|  |TAMS 0x000000070a100000, 0x000000070a100000| Untracked 
| 108|0x000000070a200000, 0x000000070a200000, 0x000000070a300000|  0%| F|  |TAMS 0x000000070a200000, 0x000000070a200000| Untracked 
| 109|0x000000070a300000, 0x000000070a300000, 0x000000070a400000|  0%| F|  |TAMS 0x000000070a300000, 0x000000070a300000| Untracked 
| 110|0x000000070a400000, 0x000000070a400000, 0x000000070a500000|  0%| F|  |TAMS 0x000000070a400000, 0x000000070a400000| Untracked 
| 111|0x000000070a500000, 0x000000070a500000, 0x000000070a600000|  0%| F|  |TAMS 0x000000070a500000, 0x000000070a500000| Untracked 
| 112|0x000000070a600000, 0x000000070a600000, 0x000000070a700000|  0%| F|  |TAMS 0x000000070a600000, 0x000000070a600000| Untracked 
| 113|0x000000070a700000, 0x000000070a700000, 0x000000070a800000|  0%| F|  |TAMS 0x000000070a700000, 0x000000070a700000| Untracked 
| 114|0x000000070a800000, 0x000000070a800000, 0x000000070a900000|  0%| F|  |TAMS 0x000000070a800000, 0x000000070a800000| Untracked 
| 115|0x000000070a900000, 0x000000070a900000, 0x000000070aa00000|  0%| F|  |TAMS 0x000000070a900000, 0x000000070a900000| Untracked 
| 116|0x000000070aa00000, 0x000000070aa00000, 0x000000070ab00000|  0%| F|  |TAMS 0x000000070aa00000, 0x000000070aa00000| Untracked 
| 117|0x000000070ab00000, 0x000000070ab00000, 0x000000070ac00000|  0%| F|  |TAMS 0x000000070ab00000, 0x000000070ab00000| Untracked 
| 118|0x000000070ac00000, 0x000000070ac00000, 0x000000070ad00000|  0%| F|  |TAMS 0x000000070ac00000, 0x000000070ac00000| Untracked 
| 119|0x000000070ad00000, 0x000000070ad00000, 0x000000070ae00000|  0%| F|  |TAMS 0x000000070ad00000, 0x000000070ad00000| Untracked 
| 120|0x000000070ae00000, 0x000000070ae00000, 0x000000070af00000|  0%| F|  |TAMS 0x000000070ae00000, 0x000000070ae00000| Untracked 
| 121|0x000000070af00000, 0x000000070af00000, 0x000000070b000000|  0%| F|  |TAMS 0x000000070af00000, 0x000000070af00000| Untracked 
| 122|0x000000070b000000, 0x000000070b000000, 0x000000070b100000|  0%| F|  |TAMS 0x000000070b000000, 0x000000070b000000| Untracked 
| 123|0x000000070b100000, 0x000000070b100000, 0x000000070b200000|  0%| F|  |TAMS 0x000000070b100000, 0x000000070b100000| Untracked 
| 124|0x000000070b200000, 0x000000070b200000, 0x000000070b300000|  0%| F|  |TAMS 0x000000070b200000, 0x000000070b200000| Untracked 
| 125|0x000000070b300000, 0x000000070b300000, 0x000000070b400000|  0%| F|  |TAMS 0x000000070b300000, 0x000000070b300000| Untracked 
| 126|0x000000070b400000, 0x000000070b400000, 0x000000070b500000|  0%| F|  |TAMS 0x000000070b400000, 0x000000070b400000| Untracked 
| 127|0x000000070b500000, 0x000000070b500000, 0x000000070b600000|  0%| F|  |TAMS 0x000000070b500000, 0x000000070b500000| Untracked 
| 128|0x000000070b600000, 0x000000070b600000, 0x000000070b700000|  0%| F|  |TAMS 0x000000070b600000, 0x000000070b600000| Untracked 
| 129|0x000000070b700000, 0x000000070b700000, 0x000000070b800000|  0%| F|  |TAMS 0x000000070b700000, 0x000000070b700000| Untracked 
| 130|0x000000070b800000, 0x000000070b800000, 0x000000070b900000|  0%| F|  |TAMS 0x000000070b800000, 0x000000070b800000| Untracked 
| 131|0x000000070b900000, 0x000000070b900000, 0x000000070ba00000|  0%| F|  |TAMS 0x000000070b900000, 0x000000070b900000| Untracked 
| 132|0x000000070ba00000, 0x000000070ba00000, 0x000000070bb00000|  0%| F|  |TAMS 0x000000070ba00000, 0x000000070ba00000| Untracked 
| 133|0x000000070bb00000, 0x000000070bb00000, 0x000000070bc00000|  0%| F|  |TAMS 0x000000070bb00000, 0x000000070bb00000| Untracked 
| 134|0x000000070bc00000, 0x000000070bc00000, 0x000000070bd00000|  0%| F|  |TAMS 0x000000070bc00000, 0x000000070bc00000| Untracked 
| 135|0x000000070bd00000, 0x000000070bd00000, 0x000000070be00000|  0%| F|  |TAMS 0x000000070bd00000, 0x000000070bd00000| Untracked 
| 136|0x000000070be00000, 0x000000070be00000, 0x000000070bf00000|  0%| F|  |TAMS 0x000000070be00000, 0x000000070be00000| Untracked 
| 137|0x000000070bf00000, 0x000000070bf00000, 0x000000070c000000|  0%| F|  |TAMS 0x000000070bf00000, 0x000000070bf00000| Untracked 
| 138|0x000000070c000000, 0x000000070c000000, 0x000000070c100000|  0%| F|  |TAMS 0x000000070c000000, 0x000000070c000000| Untracked 
| 139|0x000000070c100000, 0x000000070c100000, 0x000000070c200000|  0%| F|  |TAMS 0x000000070c100000, 0x000000070c100000| Untracked 
| 140|0x000000070c200000, 0x000000070c200000, 0x000000070c300000|  0%| F|  |TAMS 0x000000070c200000, 0x000000070c200000| Untracked 
| 141|0x000000070c300000, 0x000000070c300000, 0x000000070c400000|  0%| F|  |TAMS 0x000000070c300000, 0x000000070c300000| Untracked 
| 142|0x000000070c400000, 0x000000070c400000, 0x000000070c500000|  0%| F|  |TAMS 0x000000070c400000, 0x000000070c400000| Untracked 
| 143|0x000000070c500000, 0x000000070c500000, 0x000000070c600000|  0%| F|  |TAMS 0x000000070c500000, 0x000000070c500000| Untracked 
| 144|0x000000070c600000, 0x000000070c600000, 0x000000070c700000|  0%| F|  |TAMS 0x000000070c600000, 0x000000070c600000| Untracked 
| 145|0x000000070c700000, 0x000000070c700000, 0x000000070c800000|  0%| F|  |TAMS 0x000000070c700000, 0x000000070c700000| Untracked 
| 146|0x000000070c800000, 0x000000070c800000, 0x000000070c900000|  0%| F|  |TAMS 0x000000070c800000, 0x000000070c800000| Untracked 
| 147|0x000000070c900000, 0x000000070c900000, 0x000000070ca00000|  0%| F|  |TAMS 0x000000070c900000, 0x000000070c900000| Untracked 
| 148|0x000000070ca00000, 0x000000070ca00000, 0x000000070cb00000|  0%| F|  |TAMS 0x000000070ca00000, 0x000000070ca00000| Untracked 
| 149|0x000000070cb00000, 0x000000070cb00000, 0x000000070cc00000|  0%| F|  |TAMS 0x000000070cb00000, 0x000000070cb00000| Untracked 
| 150|0x000000070cc00000, 0x000000070cc00000, 0x000000070cd00000|  0%| F|  |TAMS 0x000000070cc00000, 0x000000070cc00000| Untracked 
| 151|0x000000070cd00000, 0x000000070cd00000, 0x000000070ce00000|  0%| F|  |TAMS 0x000000070cd00000, 0x000000070cd00000| Untracked 
| 152|0x000000070ce00000, 0x000000070ce00000, 0x000000070cf00000|  0%| F|  |TAMS 0x000000070ce00000, 0x000000070ce00000| Untracked 
| 153|0x000000070cf00000, 0x000000070cf00000, 0x000000070d000000|  0%| F|  |TAMS 0x000000070cf00000, 0x000000070cf00000| Untracked 
| 154|0x000000070d000000, 0x000000070d000000, 0x000000070d100000|  0%| F|  |TAMS 0x000000070d000000, 0x000000070d000000| Untracked 
| 155|0x000000070d100000, 0x000000070d100000, 0x000000070d200000|  0%| F|  |TAMS 0x000000070d100000, 0x000000070d100000| Untracked 
| 156|0x000000070d200000, 0x000000070d200000, 0x000000070d300000|  0%| F|  |TAMS 0x000000070d200000, 0x000000070d200000| Untracked 
| 157|0x000000070d300000, 0x000000070d300000, 0x000000070d400000|  0%| F|  |TAMS 0x000000070d300000, 0x000000070d300000| Untracked 
| 158|0x000000070d400000, 0x000000070d400000, 0x000000070d500000|  0%| F|  |TAMS 0x000000070d400000, 0x000000070d400000| Untracked 
| 159|0x000000070d500000, 0x000000070d500000, 0x000000070d600000|  0%| F|  |TAMS 0x000000070d500000, 0x000000070d500000| Untracked 
| 160|0x000000070d600000, 0x000000070d600000, 0x000000070d700000|  0%| F|  |TAMS 0x000000070d600000, 0x000000070d600000| Untracked 
| 161|0x000000070d700000, 0x000000070d700000, 0x000000070d800000|  0%| F|  |TAMS 0x000000070d700000, 0x000000070d700000| Untracked 
| 162|0x000000070d800000, 0x000000070d800000, 0x000000070d900000|  0%| F|  |TAMS 0x000000070d800000, 0x000000070d800000| Untracked 
| 163|0x000000070d900000, 0x000000070d900000, 0x000000070da00000|  0%| F|  |TAMS 0x000000070d900000, 0x000000070d900000| Untracked 
| 164|0x000000070da00000, 0x000000070da00000, 0x000000070db00000|  0%| F|  |TAMS 0x000000070da00000, 0x000000070da00000| Untracked 
| 165|0x000000070db00000, 0x000000070db00000, 0x000000070dc00000|  0%| F|  |TAMS 0x000000070db00000, 0x000000070db00000| Untracked 
| 166|0x000000070dc00000, 0x000000070dc00000, 0x000000070dd00000|  0%| F|  |TAMS 0x000000070dc00000, 0x000000070dc00000| Untracked 
| 167|0x000000070dd00000, 0x000000070dd00000, 0x000000070de00000|  0%| F|  |TAMS 0x000000070dd00000, 0x000000070dd00000| Untracked 
| 168|0x000000070de00000, 0x000000070de00000, 0x000000070df00000|  0%| F|  |TAMS 0x000000070de00000, 0x000000070de00000| Untracked 
| 169|0x000000070df00000, 0x000000070df00000, 0x000000070e000000|  0%| F|  |TAMS 0x000000070df00000, 0x000000070df00000| Untracked 
| 170|0x000000070e000000, 0x000000070e000000, 0x000000070e100000|  0%| F|  |TAMS 0x000000070e000000, 0x000000070e000000| Untracked 
| 171|0x000000070e100000, 0x000000070e100000, 0x000000070e200000|  0%| F|  |TAMS 0x000000070e100000, 0x000000070e100000| Untracked 
| 172|0x000000070e200000, 0x000000070e200000, 0x000000070e300000|  0%| F|  |TAMS 0x000000070e200000, 0x000000070e200000| Untracked 
| 173|0x000000070e300000, 0x000000070e300000, 0x000000070e400000|  0%| F|  |TAMS 0x000000070e300000, 0x000000070e300000| Untracked 
| 174|0x000000070e400000, 0x000000070e400000, 0x000000070e500000|  0%| F|  |TAMS 0x000000070e400000, 0x000000070e400000| Untracked 
| 175|0x000000070e500000, 0x000000070e500000, 0x000000070e600000|  0%| F|  |TAMS 0x000000070e500000, 0x000000070e500000| Untracked 
| 176|0x000000070e600000, 0x000000070e600000, 0x000000070e700000|  0%| F|  |TAMS 0x000000070e600000, 0x000000070e600000| Untracked 
| 177|0x000000070e700000, 0x000000070e700000, 0x000000070e800000|  0%| F|  |TAMS 0x000000070e700000, 0x000000070e700000| Untracked 
| 178|0x000000070e800000, 0x000000070e800000, 0x000000070e900000|  0%| F|  |TAMS 0x000000070e800000, 0x000000070e800000| Untracked 
| 179|0x000000070e900000, 0x000000070e900000, 0x000000070ea00000|  0%| F|  |TAMS 0x000000070e900000, 0x000000070e900000| Untracked 
| 180|0x000000070ea00000, 0x000000070ea00000, 0x000000070eb00000|  0%| F|  |TAMS 0x000000070ea00000, 0x000000070ea00000| Untracked 
| 181|0x000000070eb00000, 0x000000070eb00000, 0x000000070ec00000|  0%| F|  |TAMS 0x000000070eb00000, 0x000000070eb00000| Untracked 
| 182|0x000000070ec00000, 0x000000070ec00000, 0x000000070ed00000|  0%| F|  |TAMS 0x000000070ec00000, 0x000000070ec00000| Untracked 
| 183|0x000000070ed00000, 0x000000070ed00000, 0x000000070ee00000|  0%| F|  |TAMS 0x000000070ed00000, 0x000000070ed00000| Untracked 
| 184|0x000000070ee00000, 0x000000070ee00000, 0x000000070ef00000|  0%| F|  |TAMS 0x000000070ee00000, 0x000000070ee00000| Untracked 
| 185|0x000000070ef00000, 0x000000070ef00000, 0x000000070f000000|  0%| F|  |TAMS 0x000000070ef00000, 0x000000070ef00000| Untracked 
| 186|0x000000070f000000, 0x000000070f000000, 0x000000070f100000|  0%| F|  |TAMS 0x000000070f000000, 0x000000070f000000| Untracked 
| 187|0x000000070f100000, 0x000000070f100000, 0x000000070f200000|  0%| F|  |TAMS 0x000000070f100000, 0x000000070f100000| Untracked 
| 188|0x000000070f200000, 0x000000070f200000, 0x000000070f300000|  0%| F|  |TAMS 0x000000070f200000, 0x000000070f200000| Untracked 
| 189|0x000000070f300000, 0x000000070f300000, 0x000000070f400000|  0%| F|  |TAMS 0x000000070f300000, 0x000000070f300000| Untracked 
| 190|0x000000070f400000, 0x000000070f400000, 0x000000070f500000|  0%| F|  |TAMS 0x000000070f400000, 0x000000070f400000| Untracked 
| 191|0x000000070f500000, 0x000000070f500000, 0x000000070f600000|  0%| F|  |TAMS 0x000000070f500000, 0x000000070f500000| Untracked 
| 192|0x000000070f600000, 0x000000070f600000, 0x000000070f700000|  0%| F|  |TAMS 0x000000070f600000, 0x000000070f600000| Untracked 
| 193|0x000000070f700000, 0x000000070f700000, 0x000000070f800000|  0%| F|  |TAMS 0x000000070f700000, 0x000000070f700000| Untracked 
| 194|0x000000070f800000, 0x000000070f800000, 0x000000070f900000|  0%| F|  |TAMS 0x000000070f800000, 0x000000070f800000| Untracked 
| 195|0x000000070f900000, 0x000000070f900000, 0x000000070fa00000|  0%| F|  |TAMS 0x000000070f900000, 0x000000070f900000| Untracked 
| 196|0x000000070fa00000, 0x000000070fa00000, 0x000000070fb00000|  0%| F|  |TAMS 0x000000070fa00000, 0x000000070fa00000| Untracked 
| 197|0x000000070fb00000, 0x000000070fb2c268, 0x000000070fc00000| 17%| S|CS|TAMS 0x000000070fb00000, 0x000000070fb00000| Complete 
| 198|0x000000070fc00000, 0x000000070fd00000, 0x000000070fd00000|100%| S|CS|TAMS 0x000000070fc00000, 0x000000070fc00000| Complete 
| 199|0x000000070fd00000, 0x000000070fe00000, 0x000000070fe00000|100%| S|CS|TAMS 0x000000070fd00000, 0x000000070fd00000| Complete 
| 200|0x000000070fe00000, 0x000000070ff00000, 0x000000070ff00000|100%| S|CS|TAMS 0x000000070fe00000, 0x000000070fe00000| Complete 
| 201|0x000000070ff00000, 0x0000000710000000, 0x0000000710000000|100%| S|CS|TAMS 0x000000070ff00000, 0x000000070ff00000| Complete 
| 202|0x0000000710000000, 0x0000000710100000, 0x0000000710100000|100%| S|CS|TAMS 0x0000000710000000, 0x0000000710000000| Complete 
| 203|0x0000000710100000, 0x0000000710200000, 0x0000000710200000|100%| S|CS|TAMS 0x0000000710100000, 0x0000000710100000| Complete 
| 204|0x0000000710200000, 0x0000000710200000, 0x0000000710300000|  0%| F|  |TAMS 0x0000000710200000, 0x0000000710200000| Untracked 
| 205|0x0000000710300000, 0x0000000710300000, 0x0000000710400000|  0%| F|  |TAMS 0x0000000710300000, 0x0000000710300000| Untracked 
| 206|0x0000000710400000, 0x0000000710400000, 0x0000000710500000|  0%| F|  |TAMS 0x0000000710400000, 0x0000000710400000| Untracked 
| 207|0x0000000710500000, 0x0000000710500000, 0x0000000710600000|  0%| F|  |TAMS 0x0000000710500000, 0x0000000710500000| Untracked 
| 208|0x0000000710600000, 0x0000000710600000, 0x0000000710700000|  0%| F|  |TAMS 0x0000000710600000, 0x0000000710600000| Untracked 
| 209|0x0000000710700000, 0x0000000710700000, 0x0000000710800000|  0%| F|  |TAMS 0x0000000710700000, 0x0000000710700000| Untracked 
| 210|0x0000000710800000, 0x0000000710800000, 0x0000000710900000|  0%| F|  |TAMS 0x0000000710800000, 0x0000000710800000| Untracked 
| 211|0x0000000710900000, 0x0000000710900000, 0x0000000710a00000|  0%| F|  |TAMS 0x0000000710900000, 0x0000000710900000| Untracked 
| 212|0x0000000710a00000, 0x0000000710a00000, 0x0000000710b00000|  0%| F|  |TAMS 0x0000000710a00000, 0x0000000710a00000| Untracked 
| 213|0x0000000710b00000, 0x0000000710b00000, 0x0000000710c00000|  0%| F|  |TAMS 0x0000000710b00000, 0x0000000710b00000| Untracked 
| 214|0x0000000710c00000, 0x0000000710c00000, 0x0000000710d00000|  0%| F|  |TAMS 0x0000000710c00000, 0x0000000710c00000| Untracked 
| 215|0x0000000710d00000, 0x0000000710d00000, 0x0000000710e00000|  0%| F|  |TAMS 0x0000000710d00000, 0x0000000710d00000| Untracked 
| 216|0x0000000710e00000, 0x0000000710e00000, 0x0000000710f00000|  0%| F|  |TAMS 0x0000000710e00000, 0x0000000710e00000| Untracked 
| 217|0x0000000710f00000, 0x0000000710f00000, 0x0000000711000000|  0%| F|  |TAMS 0x0000000710f00000, 0x0000000710f00000| Untracked 
| 218|0x0000000711000000, 0x0000000711000000, 0x0000000711100000|  0%| F|  |TAMS 0x0000000711000000, 0x0000000711000000| Untracked 
| 219|0x0000000711100000, 0x0000000711100000, 0x0000000711200000|  0%| F|  |TAMS 0x0000000711100000, 0x0000000711100000| Untracked 
| 220|0x0000000711200000, 0x0000000711200000, 0x0000000711300000|  0%| F|  |TAMS 0x0000000711200000, 0x0000000711200000| Untracked 
| 221|0x0000000711300000, 0x0000000711300000, 0x0000000711400000|  0%| F|  |TAMS 0x0000000711300000, 0x0000000711300000| Untracked 
| 222|0x0000000711400000, 0x0000000711400000, 0x0000000711500000|  0%| F|  |TAMS 0x0000000711400000, 0x0000000711400000| Untracked 
| 223|0x0000000711500000, 0x0000000711500000, 0x0000000711600000|  0%| F|  |TAMS 0x0000000711500000, 0x0000000711500000| Untracked 
| 224|0x0000000711600000, 0x0000000711700000, 0x0000000711700000|100%| E|  |TAMS 0x0000000711600000, 0x0000000711600000| Complete 
| 225|0x0000000711700000, 0x0000000711800000, 0x0000000711800000|100%| E|CS|TAMS 0x0000000711700000, 0x0000000711700000| Complete 
| 226|0x0000000711800000, 0x0000000711900000, 0x0000000711900000|100%| E|CS|TAMS 0x0000000711800000, 0x0000000711800000| Complete 
| 227|0x0000000711900000, 0x0000000711a00000, 0x0000000711a00000|100%| E|CS|TAMS 0x0000000711900000, 0x0000000711900000| Complete 
| 228|0x0000000711a00000, 0x0000000711b00000, 0x0000000711b00000|100%| E|CS|TAMS 0x0000000711a00000, 0x0000000711a00000| Complete 
| 229|0x0000000711b00000, 0x0000000711c00000, 0x0000000711c00000|100%| E|CS|TAMS 0x0000000711b00000, 0x0000000711b00000| Complete 
| 230|0x0000000711c00000, 0x0000000711d00000, 0x0000000711d00000|100%| E|CS|TAMS 0x0000000711c00000, 0x0000000711c00000| Complete 
| 231|0x0000000711d00000, 0x0000000711e00000, 0x0000000711e00000|100%| E|CS|TAMS 0x0000000711d00000, 0x0000000711d00000| Complete 
| 232|0x0000000711e00000, 0x0000000711f00000, 0x0000000711f00000|100%| E|CS|TAMS 0x0000000711e00000, 0x0000000711e00000| Complete 
| 233|0x0000000711f00000, 0x0000000712000000, 0x0000000712000000|100%| E|CS|TAMS 0x0000000711f00000, 0x0000000711f00000| Complete 
| 234|0x0000000712000000, 0x0000000712100000, 0x0000000712100000|100%| E|CS|TAMS 0x0000000712000000, 0x0000000712000000| Complete 
| 235|0x0000000712100000, 0x0000000712200000, 0x0000000712200000|100%| E|CS|TAMS 0x0000000712100000, 0x0000000712100000| Complete 
| 236|0x0000000712200000, 0x0000000712300000, 0x0000000712300000|100%| E|CS|TAMS 0x0000000712200000, 0x0000000712200000| Complete 
| 237|0x0000000712300000, 0x0000000712400000, 0x0000000712400000|100%| E|CS|TAMS 0x0000000712300000, 0x0000000712300000| Complete 
| 238|0x0000000712400000, 0x0000000712500000, 0x0000000712500000|100%| E|CS|TAMS 0x0000000712400000, 0x0000000712400000| Complete 
| 239|0x0000000712500000, 0x0000000712600000, 0x0000000712600000|100%| E|CS|TAMS 0x0000000712500000, 0x0000000712500000| Complete 
| 240|0x0000000712600000, 0x0000000712700000, 0x0000000712700000|100%| E|CS|TAMS 0x0000000712600000, 0x0000000712600000| Complete 
| 241|0x0000000712700000, 0x0000000712800000, 0x0000000712800000|100%| E|CS|TAMS 0x0000000712700000, 0x0000000712700000| Complete 
| 242|0x0000000712800000, 0x0000000712900000, 0x0000000712900000|100%| E|CS|TAMS 0x0000000712800000, 0x0000000712800000| Complete 
| 243|0x0000000712900000, 0x0000000712a00000, 0x0000000712a00000|100%| E|CS|TAMS 0x0000000712900000, 0x0000000712900000| Complete 
| 244|0x0000000712a00000, 0x0000000712b00000, 0x0000000712b00000|100%| E|CS|TAMS 0x0000000712a00000, 0x0000000712a00000| Complete 
| 245|0x0000000712b00000, 0x0000000712c00000, 0x0000000712c00000|100%| E|CS|TAMS 0x0000000712b00000, 0x0000000712b00000| Complete 
| 246|0x0000000712c00000, 0x0000000712d00000, 0x0000000712d00000|100%| E|CS|TAMS 0x0000000712c00000, 0x0000000712c00000| Complete 
| 247|0x0000000712d00000, 0x0000000712e00000, 0x0000000712e00000|100%| E|CS|TAMS 0x0000000712d00000, 0x0000000712d00000| Complete 
| 248|0x0000000712e00000, 0x0000000712f00000, 0x0000000712f00000|100%| E|CS|TAMS 0x0000000712e00000, 0x0000000712e00000| Complete 
| 249|0x0000000712f00000, 0x0000000713000000, 0x0000000713000000|100%| E|CS|TAMS 0x0000000712f00000, 0x0000000712f00000| Complete 
| 250|0x0000000713000000, 0x0000000713100000, 0x0000000713100000|100%| E|CS|TAMS 0x0000000713000000, 0x0000000713000000| Complete 
| 251|0x0000000713100000, 0x0000000713200000, 0x0000000713200000|100%| E|CS|TAMS 0x0000000713100000, 0x0000000713100000| Complete 
| 252|0x0000000713200000, 0x0000000713300000, 0x0000000713300000|100%| E|CS|TAMS 0x0000000713200000, 0x0000000713200000| Complete 
| 253|0x0000000713300000, 0x0000000713400000, 0x0000000713400000|100%| E|CS|TAMS 0x0000000713300000, 0x0000000713300000| Complete 

Card table byte_map: [0x000002d5f9c50000,0x000002d5fa440000] _byte_map_base: 0x000002d5f6435000

Marking Bits (Prev, Next): (CMBitMap*) 0x000002d5f90a3770, (CMBitMap*) 0x000002d5f90a3738
 Prev Bits: [0x000002d5965d0000, 0x000002d59a4f8000)
 Next Bits: [0x000002d5fac30000, 0x000002d5feb58000)

Polling page: 0x000002d5f7040000

Metaspace:

Usage:
  Non-class:     21.44 MB capacity,    21.09 MB ( 98%) used,   292.97 KB (  1%) free+waste,    65.31 KB ( <1%) overhead. 
      Class:      3.03 MB capacity,     2.77 MB ( 91%) used,   233.02 KB (  8%) free+waste,    33.38 KB (  1%) overhead. 
       Both:     24.47 MB capacity,    23.86 MB ( 98%) used,   525.98 KB (  2%) free+waste,    98.69 KB ( <1%) overhead. 

Virtual space:
  Non-class space:       22.00 MB reserved,      21.50 MB ( 98%) committed 
      Class space:        1.00 GB reserved,       3.13 MB ( <1%) committed 
             Both:        1.02 GB reserved,      24.63 MB (  2%) committed 

Chunk freelists:
   Non-Class:  7.63 KB
       Class:  640 bytes
        Both:  8.25 KB

CodeHeap 'non-profiled nmethods': size=120000Kb used=632Kb max_used=632Kb free=119367Kb
 bounds [0x000002d58f0a0000, 0x000002d58f310000, 0x000002d5965d0000]
CodeHeap 'profiled nmethods': size=120000Kb used=3416Kb max_used=3416Kb free=116583Kb
 bounds [0x000002d587b70000, 0x000002d587ed0000, 0x000002d58f0a0000]
CodeHeap 'non-nmethods': size=5760Kb used=1190Kb max_used=1220Kb free=4569Kb
 bounds [0x000002d5875d0000, 0x000002d587840000, 0x000002d587b70000]
 total_blobs=2267 nmethods=1756 adapters=422
 compilation: enabled
              stopped_count=0, restarted_count=0
 full_count=0

Compilation events (10 events):
Event: 4.210 Thread 0x000002d59c5f8000 nmethod 1755 0x000002d587ec3410 code [0x000002d587ec35e0, 0x000002d587ec3918]
Event: 4.210 Thread 0x000002d59c5f8000 1756       3       java.util.HashMap::getNode (148 bytes)
Event: 4.211 Thread 0x000002d59c5f8000 nmethod 1756 0x000002d587ec3a90 code [0x000002d587ec3ca0, 0x000002d587ec4688]
Event: 4.211 Thread 0x000002d59c5f8000 1757       3       io.netty.channel.AbstractChannelHandlerContext::executor (22 bytes)
Event: 4.212 Thread 0x000002d59c5f8000 nmethod 1757 0x000002d587ec4890 code [0x000002d587ec4a40, 0x000002d587ec4d68]
Event: 4.220 Thread 0x000002d59c5f8000 1758       3       java.lang.invoke.VarForm::getMemberName (21 bytes)
Event: 4.220 Thread 0x000002d59c5f8000 nmethod 1758 0x000002d587ec4e90 code [0x000002d587ec5040, 0x000002d587ec5268]
Event: 4.221 Thread 0x000002d59c5f8000 1759       3       jdk.internal.jimage.ImageLocation::verify (50 bytes)
Event: 4.222 Thread 0x000002d59c5f8000 nmethod 1759 0x000002d587ec5390 code [0x000002d587ec55c0, 0x000002d587ec5d28]
Event: 4.222 Thread 0x000002d59c5f8000 1760       3       sun.nio.cs.UTF_8$Decoder::decodeArrayLoop (691 bytes)

GC Heap History (4 events):
Event: 0.767 GC heap before
{Heap before GC invocations=0 (full 0):
 garbage-first heap   total 260096K, used 23552K [0x0000000703600000, 0x0000000800000000)
  region size 1024K, 24 young (24576K), 0 survivors (0K)
 Metaspace       used 10858K, capacity 11038K, committed 11264K, reserved 1058816K
  class space    used 1081K, capacity 1172K, committed 1280K, reserved 1048576K
}
Event: 0.772 GC heap after
{Heap after GC invocations=1 (full 0):
 garbage-first heap   total 260096K, used 4942K [0x0000000703600000, 0x0000000800000000)
  region size 1024K, 3 young (3072K), 3 survivors (3072K)
 Metaspace       used 10858K, capacity 11038K, committed 11264K, reserved 1058816K
  class space    used 1081K, capacity 1172K, committed 1280K, reserved 1048576K
}
Event: 2.181 GC heap before
{Heap before GC invocations=1 (full 0):
 garbage-first heap   total 260096K, used 52046K [0x0000000703600000, 0x0000000800000000)
  region size 1024K, 50 young (51200K), 3 survivors (3072K)
 Metaspace       used 20656K, capacity 21176K, committed 21248K, reserved 1069056K
  class space    used 2306K, capacity 2529K, committed 2560K, reserved 1048576K
}
Event: 2.189 GC heap after
{Heap after GC invocations=2 (full 0):
 garbage-first heap   total 260096K, used 8191K [0x0000000703600000, 0x0000000800000000)
  region size 1024K, 7 young (7168K), 7 survivors (7168K)
 Metaspace       used 20656K, capacity 21176K, committed 21248K, reserved 1069056K
  class space    used 2306K, capacity 2529K, committed 2560K, reserved 1048576K
}

Deoptimization events (10 events):
Event: 0.907 Thread 0x000002d5f9044000 Uncommon trap: reason=unstable_if action=reinterpret pc=0x000002d58f0cff20 method=java.lang.Integer.getChars(II[B)I @ 25 c2
Event: 1.485 Thread 0x000002d5f9044000 Uncommon trap: reason=unstable_if action=reinterpret pc=0x000002d58f114da4 method=java.lang.String.replace(CC)Ljava/lang/String; @ 2 c2
Event: 1.504 Thread 0x000002d59c778800 Uncommon trap: reason=unstable_if action=reinterpret pc=0x000002d58f0ea8c8 method=java.lang.CharacterDataLatin1.digit(II)I @ 12 c2
Event: 2.030 Thread 0x000002d59c778800 Uncommon trap: reason=unstable_if action=reinterpret pc=0x000002d58f0eacc4 method=java.lang.CharacterDataLatin1.digit(II)I @ 12 c2
Event: 2.104 Thread 0x000002d5f9044000 Uncommon trap: reason=unstable_if action=reinterpret pc=0x000002d58f100aa8 method=java.io.ByteArrayInputStream.read([BII)I @ 35 c2
Event: 4.025 Thread 0x000002d5f9044000 Uncommon trap: reason=class_check action=maybe_recompile pc=0x000002d58f0f14f4 method=java.util.HashMap.putVal(ILjava/lang/Object;Ljava/lang/Object;ZZ)Ljava/lang/Object; @ 253 c2
Event: 4.046 Thread 0x000002d5f9044000 Uncommon trap: reason=unstable_if action=reinterpret pc=0x000002d58f10c604 method=java.util.concurrent.ConcurrentHashMap.putVal(Ljava/lang/Object;Ljava/lang/Object;Z)Ljava/lang/Object; @ 256 c2
Event: 4.209 Thread 0x000002d59cf48800 Uncommon trap: reason=unstable_if action=reinterpret pc=0x000002d58f10860c method=java.util.HashMap.getNode(ILjava/lang/Object;)Ljava/util/HashMap$Node; @ 129 c2
Event: 4.209 Thread 0x000002d59cf48800 Uncommon trap: reason=bimorphic_or_optimized_type_check action=maybe_recompile pc=0x000002d58f0f190c method=java.util.HashMap.putVal(ILjava/lang/Object;Ljava/lang/Object;ZZ)Ljava/lang/Object; @ 203 c2
Event: 4.210 Thread 0x000002d59cf48800 Uncommon trap: reason=unstable_if action=reinterpret pc=0x000002d58f0ed19c method=java.util.HashMap.getNode(ILjava/lang/Object;)Ljava/util/HashMap$Node; @ 129 c2

Classes redefined (0 events):
No events

Internal exceptions (10 events):
Event: 2.054 Thread 0x000002d5f9044000 Exception <a 'java/lang/NoSuchMethodError'{0x0000000710a2d898}: java.lang.invoke.DirectMethodHandle$Holder.invokeVirtual(Ljava/lang/Object;Ljava/lang/Object;)D> (0x0000000710a2d898) thrown at [./open/src/hotspot/share/interpreter/linkResolver.cpp, line 77
Event: 2.055 Thread 0x000002d5f9044000 Exception <a 'java/lang/NoSuchMethodError'{0x0000000710a33650}: java.lang.invoke.DirectMethodHandle$Holder.invokeVirtual(Ljava/lang/Object;Ljava/lang/Object;)F> (0x0000000710a33650) thrown at [./open/src/hotspot/share/interpreter/linkResolver.cpp, line 77
Event: 2.056 Thread 0x000002d5f9044000 Exception <a 'java/lang/NoSuchMethodError'{0x0000000710a3bba8}: java.lang.invoke.DirectMethodHandle$Holder.invokeVirtual(Ljava/lang/Object;Ljava/lang/Object;)J> (0x0000000710a3bba8) thrown at [./open/src/hotspot/share/interpreter/linkResolver.cpp, line 77
Event: 2.091 Thread 0x000002d5f9044000 Exception <a 'java/lang/NoSuchMethodError'{0x00000007109e7e98}: java.lang.invoke.DirectMethodHandle$Holder.invokeSpecial(Ljava/lang/Object;Ljava/lang/Object;Ljava/lang/Object;Ljava/lang/Object;Ljava/lang/Object;)V> (0x00000007109e7e98) thrown at [./open/s
Event: 2.092 Thread 0x000002d5f9044000 Exception <a 'java/lang/NoSuchMethodError'{0x00000007109ee710}: java.lang.invoke.DirectMethodHandle$Holder.invokeStatic(Ljava/lang/Object;Ljava/lang/Object;I)V> (0x00000007109ee710) thrown at [./open/src/hotspot/share/interpreter/linkResolver.cpp, line 77
Event: 2.136 Thread 0x000002d5f9044000 Exception <a 'java/lang/NoSuchMethodError'{0x000000071069bd18}: java.lang.invoke.DirectMethodHandle$Holder.invokeSpecialIFC(Ljava/lang/Object;Ljava/lang/Object;Ljava/lang/Object;)I> (0x000000071069bd18) thrown at [./open/src/hotspot/share/interpreter/link
Event: 2.157 Thread 0x000002d5f9044000 Exception <a 'java/lang/NoSuchMethodError'{0x00000007105fb9c8}: java.lang.invoke.DirectMethodHandle$Holder.invokeStatic(Ljava/lang/Object;Ljava/lang/Object;Ljava/lang/Object;Ljava/lang/Object;)V> (0x00000007105fb9c8) thrown at [./open/src/hotspot/share/in
Event: 2.217 Thread 0x000002d5f9044000 Exception <a 'java/lang/NoSuchMethodError'{0x0000000713012948}: java.lang.invoke.DirectMethodHandle$Holder.invokeSpecial(Ljava/lang/Object;Ljava/lang/Object;Ljava/lang/Object;Ljava/lang/Object;Ljava/lang/Object;Ljava/lang/Object;)V> (0x0000000713012948) t
Event: 4.013 Thread 0x000002d5f9044000 Exception <a 'java/lang/NoSuchMethodError'{0x0000000711ded0c0}: java.lang.invoke.DirectMethodHandle$Holder.invokeSpecialIFC(Ljava/lang/Object;Ljava/lang/Object;Ljava/lang/Object;)Ljava/lang/Object;> (0x0000000711ded0c0) thrown at [./open/src/hotspot/share
Event: 4.080 Thread 0x000002d5f9044000 Exception <a 'java/lang/ClassNotFoundException'{0x0000000711b25e80}: sun/util/logging/resources/spi/loggingProvider> (0x0000000711b25e80) thrown at [./open/src/hotspot/share/classfile/systemDictionary.cpp, line 226]

Events (10 events):
Event: 4.218 loading class io/netty/handler/codec/MessageAggregationException
Event: 4.218 loading class io/netty/handler/codec/MessageAggregationException done
Event: 4.220 loading class org/openqa/selenium/devtools/CdpVersionFinder
Event: 4.220 loading class org/openqa/selenium/devtools/CdpVersionFinder done
Event: 4.223 loading class org/openqa/selenium/devtools/v85/V85CdpInfo
Event: 4.223 loading class org/openqa/selenium/devtools/v85/V85CdpInfo done
Event: 4.224 loading class org/openqa/selenium/devtools/v85/V85Domains
Event: 4.224 loading class org/openqa/selenium/devtools/v85/V85Domains done
Event: 4.224 loading class org/openqa/selenium/devtools/idealized/Domains
Event: 4.224 loading class org/openqa/selenium/devtools/idealized/Domains done


Dynamic libraries:
0x00007ff725f20000 - 0x00007ff725f2f000 	C:\Program Files\Java\jdk-11.0.15\bin\javaw.exe
0x00007ff856890000 - 0x00007ff856a88000 	C:\windows\SYSTEM32\ntdll.dll
0x00007ff855df0000 - 0x00007ff855ead000 	C:\windows\System32\KERNEL32.DLL
0x00007ff8542e0000 - 0x00007ff8545b2000 	C:\windows\System32\KERNELBASE.dll
0x00007ff854190000 - 0x00007ff854290000 	C:\windows\System32\ucrtbase.dll
0x00007ff846840000 - 0x00007ff846855000 	C:\Program Files\Java\jdk-11.0.15\bin\VCRUNTIME140.dll
0x00007ff82fcb0000 - 0x00007ff82fcc8000 	C:\Program Files\Java\jdk-11.0.15\bin\jli.dll
0x00007ff856590000 - 0x00007ff85663e000 	C:\windows\System32\ADVAPI32.dll
0x00007ff8567b0000 - 0x00007ff85684e000 	C:\windows\System32\msvcrt.dll
0x00007ff854ef0000 - 0x00007ff854f8c000 	C:\windows\System32\sechost.dll
0x00007ff854bb0000 - 0x00007ff854cd5000 	C:\windows\System32\RPCRT4.dll
0x00007ff854a10000 - 0x00007ff854bad000 	C:\windows\System32\USER32.dll
0x00007ff8545c0000 - 0x00007ff8545e2000 	C:\windows\System32\win32u.dll
0x00007ff856490000 - 0x00007ff8564bb000 	C:\windows\System32\GDI32.dll
0x00007ff81de50000 - 0x00007ff81e0ea000 	C:\windows\WinSxS\amd64_microsoft.windows.common-controls_6595b64144ccf1df_6.0.19041.1110_none_60b5254171f9507e\COMCTL32.dll
0x00007ff854050000 - 0x00007ff85415f000 	C:\windows\System32\gdi32full.dll
0x00007ff854850000 - 0x00007ff8548ed000 	C:\windows\System32\msvcp_win.dll
0x00007ff84ea60000 - 0x00007ff84ea6a000 	C:\windows\SYSTEM32\VERSION.dll
0x00007ff856640000 - 0x00007ff856670000 	C:\windows\System32\IMM32.DLL
0x00007ff817500000 - 0x00007ff81759b000 	C:\Program Files\Java\jdk-11.0.15\bin\msvcp140.dll
0x00007fffc91b0000 - 0x00007fffc9cc6000 	C:\Program Files\Java\jdk-11.0.15\bin\server\jvm.dll
0x00007ff854ce0000 - 0x00007ff854ce8000 	C:\windows\System32\PSAPI.DLL
0x00007ff83adf0000 - 0x00007ff83ae17000 	C:\windows\SYSTEM32\WINMM.dll
0x00007ff84d940000 - 0x00007ff84d949000 	C:\windows\SYSTEM32\WSOCK32.dll
0x00007ff855140000 - 0x00007ff8551ab000 	C:\windows\System32\WS2_32.dll
0x00007ff8527f0000 - 0x00007ff852802000 	C:\windows\SYSTEM32\kernel.appcore.dll
0x00007ff84d170000 - 0x00007ff84d180000 	C:\Program Files\Java\jdk-11.0.15\bin\verify.dll
0x00007ff851d60000 - 0x00007ff851f44000 	C:\windows\SYSTEM32\DBGHELP.DLL
0x00007ff845a60000 - 0x00007ff845a8c000 	C:\windows\SYSTEM32\dbgcore.DLL
0x00007ff8545f0000 - 0x00007ff854672000 	C:\windows\System32\bcryptPrimitives.dll
0x00007ff82bf10000 - 0x00007ff82bf38000 	C:\Program Files\Java\jdk-11.0.15\bin\java.dll
0x00007ff847a30000 - 0x00007ff847a3a000 	C:\Program Files\Java\jdk-11.0.15\bin\jimage.dll
0x00007ff8467f0000 - 0x00007ff846806000 	C:\Program Files\Java\jdk-11.0.15\bin\zip.dll
0x00007ff8551b0000 - 0x00007ff8558f3000 	C:\windows\System32\SHELL32.dll
0x00007ff852040000 - 0x00007ff8527d1000 	C:\windows\SYSTEM32\windows.storage.dll
0x00007ff855a90000 - 0x00007ff855de4000 	C:\windows\System32\combase.dll
0x00007ff853920000 - 0x00007ff853950000 	C:\windows\SYSTEM32\Wldp.dll
0x00007ff8548f0000 - 0x00007ff85499d000 	C:\windows\System32\SHCORE.dll
0x00007ff8549a0000 - 0x00007ff8549f5000 	C:\windows\System32\shlwapi.dll
0x00007ff853ee0000 - 0x00007ff853eff000 	C:\windows\SYSTEM32\profapi.dll
0x00007ff845290000 - 0x00007ff8452a9000 	C:\Program Files\Java\jdk-11.0.15\bin\net.dll
0x00007ff844850000 - 0x00007ff84495d000 	C:\windows\SYSTEM32\WINHTTP.dll
0x00007ff853680000 - 0x00007ff8536ea000 	C:\windows\system32\mswsock.dll
0x00007ff82de50000 - 0x00007ff82de62000 	C:\Program Files\Java\jdk-11.0.15\bin\nio.dll
0x00007ff8533b0000 - 0x00007ff85347a000 	C:\windows\SYSTEM32\DNSAPI.dll
0x00007ff853370000 - 0x00007ff8533ab000 	C:\windows\SYSTEM32\IPHLPAPI.DLL
0x00007ff854a00000 - 0x00007ff854a08000 	C:\windows\System32\NSI.dll
0x00007ff8441a0000 - 0x00007ff8441aa000 	C:\Windows\System32\rasadhlp.dll
0x00007ff8447d0000 - 0x00007ff844850000 	C:\windows\System32\fwpuclnt.dll
0x00007ff854160000 - 0x00007ff854187000 	C:\windows\System32\bcrypt.dll
0x00007ff84e1a0000 - 0x00007ff84e1a9000 	C:\Program Files\Java\jdk-11.0.15\bin\management.dll
0x00007ff84e170000 - 0x00007ff84e17b000 	C:\Program Files\Java\jdk-11.0.15\bin\management_ext.dll
0x00007ff8174d0000 - 0x00007ff8174f5000 	C:\Program Files\Java\jdk-11.0.15\bin\sunec.dll
0x00007ff853880000 - 0x00007ff853898000 	C:\windows\SYSTEM32\CRYPTSP.dll
0x00007ff852fa0000 - 0x00007ff852fd4000 	C:\windows\system32\rsaenh.dll
0x00007ff853e60000 - 0x00007ff853e8e000 	C:\windows\SYSTEM32\USERENV.dll
0x00007ff853870000 - 0x00007ff85387c000 	C:\windows\SYSTEM32\CRYPTBASE.dll
0x00007ff84c380000 - 0x00007ff84c397000 	C:\windows\SYSTEM32\dhcpcsvc6.DLL
0x00007ff84cd30000 - 0x00007ff84cd4d000 	C:\windows\SYSTEM32\dhcpcsvc.DLL
0x00007ff846710000 - 0x00007ff846727000 	C:\windows\system32\napinsp.dll
0x00007ff83f3c0000 - 0x00007ff83f3db000 	C:\windows\system32\pnrpnsp.dll
0x00007ff83f3a0000 - 0x00007ff83f3b5000 	C:\windows\system32\wshbth.dll
0x00007ff84e070000 - 0x00007ff84e08d000 	C:\windows\system32\NLAapi.dll
0x00007ff83f380000 - 0x00007ff83f392000 	C:\windows\System32\winrnr.dll

dbghelp: loaded successfully - version: 4.0.5 - missing functions: none
symbol engine: initialized successfully - sym options: 0x614 - pdb path: .;C:\Program Files\Java\jdk-11.0.15\bin;C:\windows\SYSTEM32;C:\windows\WinSxS\amd64_microsoft.windows.common-controls_6595b64144ccf1df_6.0.19041.1110_none_60b5254171f9507e;C:\Program Files\Java\jdk-11.0.15\bin\server

VM Arguments:
jvm_args: -Dfile.encoding=windows-1252 
java_command: locator_practice
java_class_path (initial): C:\Users\admin\eclipse-workspace\Maven\target\classes;C:\Users\admin\.p2\pool\plugins\org.testng_7.4.0.r202105021533.jar;C:\Users\admin\.p2\pool\plugins\com.beust.jcommander_1.78.0.jar;C:\Users\admin\.p2\pool\plugins\org.apache-extras.beanshell.bsh_2.0.0.b6.jar;C:\Users\admin\.p2\pool\plugins\org.yaml.snakeyaml_1.21.0.jar;C:\Users\admin\.p2\pool\plugins\org.webjars.jquery_3.5.1.jar;C:\Users\admin\Selenium_java_library\selenium-api-4.1.4.jar;C:\Users\admin\Selenium_java_library\selenium-api-4.1.4-sources.jar;C:\Users\admin\Selenium_java_library\selenium-chrome-driver-4.1.4.jar;C:\Users\admin\Selenium_java_library\selenium-chrome-driver-4.1.4-sources.jar;C:\Users\admin\Selenium_java_library\selenium-chromium-driver-4.1.4.jar;C:\Users\admin\Selenium_java_library\selenium-chromium-driver-4.1.4-sources.jar;C:\Users\admin\Selenium_java_library\selenium-devtools-v85-4.1.4.jar;C:\Users\admin\Selenium_java_library\selenium-devtools-v85-4.1.4-sources.jar;C:\Users\admin\Selenium_java_library\selenium-devtools-v99-4.1.4.jar;C:\Users\admin\Selenium_java_library\selenium-devtools-v99-4.1.4-sources.jar;C:\Users\admin\Selenium_java_library\selenium-devtools-v100-4.1.4.jar;C:\Users\admin\Selenium_java_library\selenium-devtools-v100-4.1.4-sources.jar;C:\Users\admin\Selenium_java_library\selenium-devtools-v101-4.1.4.jar;C:\Users\admin\Selenium_java_library\selenium-devtools-v101-4.1.4-sources.jar;C:\Users\admin\Selenium_java_library\selenium-edge-driver-4.1.4.jar;C:\Users\admin\Selenium_java_library\selenium-edge-driver-4.1.4-sources.jar;C:\Users\admin\Selenium_java_library\selenium-firefox-driver-4.1.4.jar;C:\Users\admin\Selenium_java_library\selenium-firefox-driver-4.1.4-sources.jar;C:\Users\admin\Selenium_java_library\selenium-http-4.1.4.jar;C:\Users\admin\Selenium_java_library\selenium-http-4.1.4-sources.jar;C:\Users\admin\Selenium_java_library\selenium-ie-driver-4.1.4.jar;C:\Users\admin\Selenium_java_library\selenium-ie-driver-4.1.4-sources.jar;C:\Use
Launcher Type: SUN_STANDARD

[Global flags]
     intx CICompilerCount                          = 4                                         {product} {ergonomic}
     uint ConcGCThreads                            = 2                                         {product} {ergonomic}
     uint G1ConcRefinementThreads                  = 8                                         {product} {ergonomic}
   size_t G1HeapRegionSize                         = 1048576                                   {product} {ergonomic}
    uintx GCDrainStackTargetSize                   = 64                                        {product} {ergonomic}
   size_t InitialHeapSize                          = 266338304                                 {product} {ergonomic}
   size_t MarkStackSize                            = 4194304                                   {product} {ergonomic}
   size_t MaxHeapSize                              = 4238344192                                {product} {ergonomic}
   size_t MaxNewSize                               = 2542796800                                {product} {ergonomic}
   size_t MinHeapDeltaBytes                        = 1048576                                   {product} {ergonomic}
    uintx NonNMethodCodeHeapSize                   = 5836300                                {pd product} {ergonomic}
    uintx NonProfiledCodeHeapSize                  = 122910970                              {pd product} {ergonomic}
    uintx ProfiledCodeHeapSize                     = 122910970                              {pd product} {ergonomic}
    uintx ReservedCodeCacheSize                    = 251658240                              {pd product} {ergonomic}
     bool SegmentedCodeCache                       = true                                      {product} {ergonomic}
     bool UseCompressedClassPointers               = true                                 {lp64_product} {ergonomic}
     bool UseCompressedOops                        = true                                 {lp64_product} {ergonomic}
     bool UseG1GC                                  = true                                      {product} {ergonomic}
     bool UseLargePagesIndividualAllocation        = false                                  {pd product} {ergonomic}

Logging:
Log output configuration:
 #0: stdout all=warning uptime,level,tags
 #1: stderr all=off uptime,level,tags

Environment Variables:
JAVA_HOME=C:\Program Files\Java\jdk-11.0.15
PATH=C:/Program Files/Java/jdk-11.0.15/bin/server;C:/Program Files/Java/jdk-11.0.15/bin;C:\Program Files\Common Files\Oracle\Java\javapath;C:\windows\system32;C:\windows;C:\windows\System32\Wbem;C:\windows\System32\WindowsPowerShell\v1.0\;C:\windows\System32\OpenSSH\;C:\Program Files\Java\jdk-11.0.15\bin;C:\Program Files (x86)\Microsoft SQL Server\150\Tools\Binn\;C:\Program Files\Microsoft SQL Server\150\Tools\Binn\;C:\Program Files (x86)\Microsoft SQL Server\150\DTS\Binn\;C:\Program Files\Microsoft SQL Server\150\DTS\Binn\;C:\Program Files\Microsoft SQL Server\Client SDK\ODBC\170\Tools\Binn\;C:\Program Files\Azure Data Studio\bin;C:\Users\admin\AppData\Local\Microsoft\WindowsApps;;C:\Program Files\Azure Data Studio\bin;C:\windows\System32;
USERNAME=admin
OS=Windows_NT
PROCESSOR_IDENTIFIER=Intel64 Family 6 Model 126 Stepping 5, GenuineIntel



---------------  S Y S T E M  ---------------

OS: Windows 10 , 64 bit Build 19041 (10.0.19041.1889)

CPU:total 8 (initial active 8) (4 cores per cpu, 2 threads per core) family 6 model 126 stepping 5 microcode 0xa0, cmov, cx8, fxsr, mmx, sse, sse2, sse3, ssse3, sse4.1, sse4.2, popcnt, avx, avx2, aes, clmul, erms, 3dnowpref, lzcnt, ht, tsc, tscinvbit, bmi1, bmi2, adx, evex, sha, fma

Memory: 4k page, system-wide physical 16165M (6722M free)
TotalPageFile size 19081M (AvailPageFile size 32M)
current process WorkingSet (physical memory assigned to process): 155M, peak: 155M
current process commit charge ("private bytes"): 391M, peak: 391M

vm_info: Java HotSpot(TM) 64-Bit Server VM (11.0.15+8-LTS-149) for windows-amd64 JRE (11.0.15+8-LTS-149), built on Mar  9 2022 22:42:32 by "mach5one" with MS VC++ 15.9 (VS2017)

END.
