#
# There is insufficient memory for the Java Runtime Environment to continue.
# Native memory allocation (mmap) failed to map 266338304 bytes for Failed to commit area from 0x0000000703600000 to 0x0000000713400000 of length 266338304.
# Possible reasons:
#   The system is out of physical RAM or swap space
#   The process is running with CompressedOops enabled, and the Java Heap may be blocking the growth of the native heap
# Possible solutions:
#   Reduce memory load on the system
#   Increase physical memory or swap space
#   Check if swap backing store is full
#   Decrease Java heap size (-Xmx/-Xms)
#   Decrease number of Java threads
#   Decrease Java thread stack sizes (-Xss)
#   Set larger code cache with -XX:ReservedCodeCacheSize=
# This output file may be truncated or incomplete.
#
#  Out of Memory Error (./open/src/hotspot/os/windows/os_windows.cpp:3287), pid=31860, tid=21176
#
# JRE version:  (11.0.15+8) (build )
# Java VM: Java HotSpot(TM) 64-Bit Server VM (11.0.15+8-LTS-149, mixed mode, sharing, tiered, compressed oops, g1 gc, windows-amd64)
# No core dump will be written. Minidumps are not enabled by default on client versions of Windows
#

---------------  S U M M A R Y ------------

Command Line: -Dfile.encoding=windows-1252 Drop_downs

Host: Intel(R) Core(TM) i5-1035G1 CPU @ 1.00GHz, 8 cores, 15G,  Windows 10 , 64 bit Build 19041 (10.0.19041.2251)
Time: Tue Nov 29 12:16:37 2022 India Standard Time elapsed time: 0.021560 seconds (0d 0h 0m 0s)

---------------  T H R E A D  ---------------

Current thread (0x000001947de75000):  JavaThread "Unknown thread" [_thread_in_vm, id=21176, stack(0x000000623b000000,0x000000623b100000)]

Stack: [0x000000623b000000,0x000000623b100000]
Native frames: (J=compiled Java code, j=interpreted, Vv=VM code, C=native code)
V  [jvm.dll+0x629d8a]
V  [jvm.dll+0x7638ff]
V  [jvm.dll+0x764fa9]
V  [jvm.dll+0x765633]
V  [jvm.dll+0x23d9c8]
V  [jvm.dll+0x6270aa]
V  [jvm.dll+0x61be35]
V  [jvm.dll+0x2f27dc]
V  [jvm.dll+0x2f2662]
V  [jvm.dll+0x2f7386]
V  [jvm.dll+0x339d8f]
V  [jvm.dll+0x3397c0]
V  [jvm.dll+0x2cfdf8]
V  [jvm.dll+0x2d0f66]
V  [jvm.dll+0x73df07]
V  [jvm.dll+0x73f79f]
V  [jvm.dll+0x346ab9]
V  [jvm.dll+0x723810]
V  [jvm.dll+0x3b56cf]
V  [jvm.dll+0x3b77e1]
C  [jli.dll+0x5207]
C  [ucrtbase.dll+0x21bb2]
C  [KERNEL32.DLL+0x174b4]
C  [ntdll.dll+0x526a1]


---------------  P R O C E S S  ---------------

Threads class SMR info:
_java_thread_list=0x000001947dcac2c0, length=0, elements={
}

Java Threads: ( => current thread )

Other Threads:
  0x000001947de8b000 GCTaskThread "GC Thread#0" [stack: 0x000000623b100000,0x000000623b200000] [id=26620]
  0x000001947dee6800 ConcurrentGCThread "G1 Main Marker" [stack: 0x000000623b200000,0x000000623b300000] [id=10552]
  0x000001947dee8000 ConcurrentGCThread "G1 Conc#0" [stack: 0x000000623b300000,0x000000623b400000] [id=17464]

[error occurred during error reporting (printing all threads), id 0xc0000005, EXCEPTION_ACCESS_VIOLATION (0xc0000005) at pc=0x00007ff88609f087]

VM state:not at safepoint (not fully initialized)

VM Mutex/Monitor currently owned by a thread:  ([mutex/lock_event])
[0x000001947de70ba0] Heap_lock - owner thread: 0x000001947de75000

Heap address: 0x0000000703600000, size: 4042 MB, Compressed Oops mode: Non-zero based: 0x0000000703600000
Narrow klass base: 0x0000000000000000, Narrow klass shift: 0

GC Heap History (0 events):
No events

Deoptimization events (0 events):
No events

Classes redefined (0 events):
No events

Internal exceptions (0 events):
No events

Events (0 events):
No events


Dynamic libraries:
0x00007ff72d010000 - 0x00007ff72d01f000 	C:\Program Files\Java\jdk-11.0.15\bin\javaw.exe
0x00007ff8d4bd0000 - 0x00007ff8d4dc8000 	C:\windows\SYSTEM32\ntdll.dll
0x00007ff8d3ec0000 - 0x00007ff8d3f7f000 	C:\windows\System32\KERNEL32.DLL
0x00007ff8d22d0000 - 0x00007ff8d25a2000 	C:\windows\System32\KERNELBASE.dll
0x00007ff8d2b20000 - 0x00007ff8d2c20000 	C:\windows\System32\ucrtbase.dll
0x00007ff8cbb00000 - 0x00007ff8cbb15000 	C:\Program Files\Java\jdk-11.0.15\bin\VCRUNTIME140.dll
0x00007ff8c65e0000 - 0x00007ff8c65f8000 	C:\Program Files\Java\jdk-11.0.15\bin\jli.dll
0x00007ff8d4020000 - 0x00007ff8d40ce000 	C:\windows\System32\ADVAPI32.dll
0x00007ff8d4300000 - 0x00007ff8d439e000 	C:\windows\System32\msvcrt.dll
0x00007ff8d2f70000 - 0x00007ff8d300c000 	C:\windows\System32\sechost.dll
0x00007ff8d3240000 - 0x00007ff8d3365000 	C:\windows\System32\RPCRT4.dll
0x00007ff8d2c20000 - 0x00007ff8d2dbd000 	C:\windows\System32\USER32.dll
0x00007ff8d25b0000 - 0x00007ff8d25d2000 	C:\windows\System32\win32u.dll
0x00007ff8a2370000 - 0x00007ff8a260a000 	C:\windows\WinSxS\amd64_microsoft.windows.common-controls_6595b64144ccf1df_6.0.19041.1110_none_60b5254171f9507e\COMCTL32.dll
0x00007ff8d4200000 - 0x00007ff8d422b000 	C:\windows\System32\GDI32.dll
0x00007ff8d2a10000 - 0x00007ff8d2b1f000 	C:\windows\System32\gdi32full.dll
0x00007ff8d2790000 - 0x00007ff8d282d000 	C:\windows\System32\msvcp_win.dll
0x00007ff8ccab0000 - 0x00007ff8ccaba000 	C:\windows\SYSTEM32\VERSION.dll
0x00007ff8d3f80000 - 0x00007ff8d3fb2000 	C:\windows\System32\IMM32.DLL
0x00007ff8a4b20000 - 0x00007ff8a4bbb000 	C:\Program Files\Java\jdk-11.0.15\bin\msvcp140.dll
0x00007ff885dc0000 - 0x00007ff8868d6000 	C:\Program Files\Java\jdk-11.0.15\bin\server\jvm.dll
0x00007ff8d3eb0000 - 0x00007ff8d3eb8000 	C:\windows\System32\PSAPI.DLL
0x00007ff898ee0000 - 0x00007ff898ee9000 	C:\windows\SYSTEM32\WSOCK32.dll
0x00007ff8b8af0000 - 0x00007ff8b8b17000 	C:\windows\SYSTEM32\WINMM.dll
0x00007ff8d3d00000 - 0x00007ff8d3d6b000 	C:\windows\System32\WS2_32.dll
0x00007ff8d0b20000 - 0x00007ff8d0b32000 	C:\windows\SYSTEM32\kernel.appcore.dll
0x00007ff8ceed0000 - 0x00007ff8ceee0000 	C:\Program Files\Java\jdk-11.0.15\bin\verify.dll
0x00007ff8d0090000 - 0x00007ff8d0274000 	C:\windows\SYSTEM32\DBGHELP.DLL
0x00007ff8c4a20000 - 0x00007ff8c4a4c000 	C:\windows\SYSTEM32\dbgcore.DLL
0x00007ff8d2910000 - 0x00007ff8d2992000 	C:\windows\System32\bcryptPrimitives.dll
0x00007ff8a7060000 - 0x00007ff8a7088000 	C:\Program Files\Java\jdk-11.0.15\bin\java.dll
0x00007ff8cbac0000 - 0x00007ff8cbaca000 	C:\Program Files\Java\jdk-11.0.15\bin\jimage.dll
0x00007ff8c65c0000 - 0x00007ff8c65d6000 	C:\Program Files\Java\jdk-11.0.15\bin\zip.dll

dbghelp: loaded successfully - version: 4.0.5 - missing functions: none
symbol engine: initialized successfully - sym options: 0x614 - pdb path: .;C:\Program Files\Java\jdk-11.0.15\bin;C:\windows\SYSTEM32;C:\windows\WinSxS\amd64_microsoft.windows.common-controls_6595b64144ccf1df_6.0.19041.1110_none_60b5254171f9507e;C:\Program Files\Java\jdk-11.0.15\bin\server

VM Arguments:
jvm_args: -Dfile.encoding=windows-1252 
java_command: Drop_downs
java_class_path (initial): C:\Users\admin\eclipse-workspace\Maven\target\classes;C:\Users\admin\.p2\pool\plugins\org.testng_7.4.0.r202105021533.jar;C:\Users\admin\.p2\pool\plugins\com.beust.jcommander_1.78.0.jar;C:\Users\admin\.p2\pool\plugins\org.apache-extras.beanshell.bsh_2.0.0.b6.jar;C:\Users\admin\.p2\pool\plugins\org.yaml.snakeyaml_1.21.0.jar;C:\Users\admin\.p2\pool\plugins\org.webjars.jquery_3.5.1.jar;C:\Users\admin\Selenium_java_library\selenium-api-4.1.4.jar;C:\Users\admin\Selenium_java_library\selenium-api-4.1.4-sources.jar;C:\Users\admin\Selenium_java_library\selenium-chrome-driver-4.1.4.jar;C:\Users\admin\Selenium_java_library\selenium-chrome-driver-4.1.4-sources.jar;C:\Users\admin\Selenium_java_library\selenium-chromium-driver-4.1.4.jar;C:\Users\admin\Selenium_java_library\selenium-chromium-driver-4.1.4-sources.jar;C:\Users\admin\Selenium_java_library\selenium-devtools-v85-4.1.4.jar;C:\Users\admin\Selenium_java_library\selenium-devtools-v85-4.1.4-sources.jar;C:\Users\admin\Selenium_java_library\selenium-devtools-v99-4.1.4.jar;C:\Users\admin\Selenium_java_library\selenium-devtools-v99-4.1.4-sources.jar;C:\Users\admin\Selenium_java_library\selenium-devtools-v100-4.1.4.jar;C:\Users\admin\Selenium_java_library\selenium-devtools-v100-4.1.4-sources.jar;C:\Users\admin\Selenium_java_library\selenium-devtools-v101-4.1.4.jar;C:\Users\admin\Selenium_java_library\selenium-devtools-v101-4.1.4-sources.jar;C:\Users\admin\Selenium_java_library\selenium-edge-driver-4.1.4.jar;C:\Users\admin\Selenium_java_library\selenium-edge-driver-4.1.4-sources.jar;C:\Users\admin\Selenium_java_library\selenium-firefox-driver-4.1.4.jar;C:\Users\admin\Selenium_java_library\selenium-firefox-driver-4.1.4-sources.jar;C:\Users\admin\Selenium_java_library\selenium-http-4.1.4.jar;C:\Users\admin\Selenium_java_library\selenium-http-4.1.4-sources.jar;C:\Users\admin\Selenium_java_library\selenium-ie-driver-4.1.4.jar;C:\Users\admin\Selenium_java_library\selenium-ie-driver-4.1.4-sources.jar;C:\Use
Launcher Type: SUN_STANDARD

[Global flags]
     intx CICompilerCount                          = 4                                         {product} {ergonomic}
     uint ConcGCThreads                            = 2                                         {product} {ergonomic}
     uint G1ConcRefinementThreads                  = 8                                         {product} {ergonomic}
   size_t G1HeapRegionSize                         = 1048576                                   {product} {ergonomic}
    uintx GCDrainStackTargetSize                   = 64                                        {product} {ergonomic}
   size_t InitialHeapSize                          = 266338304                                 {product} {ergonomic}
   size_t MarkStackSize                            = 4194304                                   {product} {ergonomic}
   size_t MaxHeapSize                              = 4238344192                                {product} {ergonomic}
   size_t MinHeapDeltaBytes                        = 1048576                                   {product} {ergonomic}
    uintx NonNMethodCodeHeapSize                   = 5836300                                {pd product} {ergonomic}
    uintx NonProfiledCodeHeapSize                  = 122910970                              {pd product} {ergonomic}
    uintx ProfiledCodeHeapSize                     = 122910970                              {pd product} {ergonomic}
    uintx ReservedCodeCacheSize                    = 251658240                              {pd product} {ergonomic}
     bool SegmentedCodeCache                       = true                                      {product} {ergonomic}
     bool UseCompressedClassPointers               = true                                 {lp64_product} {ergonomic}
     bool UseCompressedOops                        = true                                 {lp64_product} {ergonomic}
     bool UseG1GC                                  = true                                      {product} {ergonomic}
     bool UseLargePagesIndividualAllocation        = false                                  {pd product} {ergonomic}

Logging:
Log output configuration:
 #0: stdout all=warning uptime,level,tags
 #1: stderr all=off uptime,level,tags

Environment Variables:
JAVA_HOME=C:\Program Files\Java\jdk-11.0.15
PATH=C:/Program Files/Java/jdk-11.0.15/bin/server;C:/Program Files/Java/jdk-11.0.15/bin;C:\Program Files\Common Files\Oracle\Java\javapath;C:\windows\system32;C:\windows;C:\windows\System32\Wbem;C:\windows\System32\WindowsPowerShell\v1.0\;C:\windows\System32\OpenSSH\;C:\Program Files\Java\jdk-11.0.15\bin;C:\Program Files (x86)\Microsoft SQL Server\150\Tools\Binn\;C:\Program Files\Microsoft SQL Server\150\Tools\Binn\;C:\Program Files (x86)\Microsoft SQL Server\150\DTS\Binn\;C:\Program Files\Microsoft SQL Server\150\DTS\Binn\;C:\Program Files\Microsoft SQL Server\Client SDK\ODBC\170\Tools\Binn\;C:\Program Files\Azure Data Studio\bin;C:\Users\admin\AppData\Local\Microsoft\WindowsApps;;C:\Program Files\Azure Data Studio\bin;C:\windows\system32;
USERNAME=admin
OS=Windows_NT
PROCESSOR_IDENTIFIER=Intel64 Family 6 Model 126 Stepping 5, GenuineIntel



---------------  S Y S T E M  ---------------

OS: Windows 10 , 64 bit Build 19041 (10.0.19041.2251)

CPU:total 8 (initial active 8) (4 cores per cpu, 2 threads per core) family 6 model 126 stepping 5 microcode 0xa0, cmov, cx8, fxsr, mmx, sse, sse2, sse3, ssse3, sse4.1, sse4.2, popcnt, avx, avx2, aes, clmul, erms, 3dnowpref, lzcnt, ht, tsc, tscinvbit, bmi1, bmi2, adx, evex, sha, fma

Memory: 4k page, system-wide physical 16165M (7991M free)
TotalPageFile size 19081M (AvailPageFile size 191M)
current process WorkingSet (physical memory assigned to process): 10M, peak: 10M
current process commit charge ("private bytes"): 60M, peak: 314M

vm_info: Java HotSpot(TM) 64-Bit Server VM (11.0.15+8-LTS-149) for windows-amd64 JRE (11.0.15+8-LTS-149), built on Mar  9 2022 22:42:32 by "mach5one" with MS VC++ 15.9 (VS2017)

END.
