#
# There is insufficient memory for the Java Runtime Environment to continue.
# Native memory allocation (mmap) failed to map 65536 bytes for Failed to commit area from 0x0000020153b10000 to 0x0000020153b20000 of length 65536.
# Possible reasons:
#   The system is out of physical RAM or swap space
#   The process is running with CompressedOops enabled, and the Java Heap may be blocking the growth of the native heap
# Possible solutions:
#   Reduce memory load on the system
#   Increase physical memory or swap space
#   Check if swap backing store is full
#   Decrease Java heap size (-Xmx/-Xms)
#   Decrease number of Java threads
#   Decrease Java thread stack sizes (-Xss)
#   Set larger code cache with -XX:ReservedCodeCacheSize=
# This output file may be truncated or incomplete.
#
#  Out of Memory Error (./open/src/hotspot/os/windows/os_windows.cpp:3287), pid=32684, tid=29384
#
# JRE version:  (11.0.15+8) (build )
# Java VM: Java HotSpot(TM) 64-Bit Server VM (11.0.15+8-LTS-149, mixed mode, sharing, tiered, compressed oops, g1 gc, windows-amd64)
# No core dump will be written. Minidumps are not enabled by default on client versions of Windows
#

---------------  S U M M A R Y ------------

Command Line: -Dfile.encoding=Cp1252 Auto_suggestive_drop_down

Host: Intel(R) Core(TM) i5-1035G1 CPU @ 1.00GHz, 8 cores, 15G,  Windows 10 , 64 bit Build 19041 (10.0.19041.1889)
Time: Sat Oct  8 18:20:42 2022 India Standard Time elapsed time: 0.027520 seconds (0d 0h 0m 0s)

---------------  T H R E A D  ---------------

Current thread (0x00000201377b3800):  JavaThread "Unknown thread" [_thread_in_vm, id=29384, stack(0x0000006225900000,0x0000006225a00000)]

Stack: [0x0000006225900000,0x0000006225a00000]
Native frames: (J=compiled Java code, j=interpreted, Vv=VM code, C=native code)
V  [jvm.dll+0x629d8a]
V  [jvm.dll+0x7638ff]
V  [jvm.dll+0x764fa9]
V  [jvm.dll+0x765633]
V  [jvm.dll+0x23d9c8]
V  [jvm.dll+0x6270aa]
V  [jvm.dll+0x61be35]
V  [jvm.dll+0x2f27dc]
V  [jvm.dll+0x2f2662]
V  [jvm.dll+0x2f74a0]
V  [jvm.dll+0x339db5]
V  [jvm.dll+0x3397c0]
V  [jvm.dll+0x2cfdf8]
V  [jvm.dll+0x2d0f66]
V  [jvm.dll+0x73df07]
V  [jvm.dll+0x73f79f]
V  [jvm.dll+0x346ab9]
V  [jvm.dll+0x723810]
V  [jvm.dll+0x3b56cf]
V  [jvm.dll+0x3b77e1]
C  [jli.dll+0x5207]
C  [ucrtbase.dll+0x21bb2]
C  [KERNEL32.DLL+0x17034]
C  [ntdll.dll+0x526a1]


---------------  P R O C E S S  ---------------

Threads class SMR info:
_java_thread_list=0x000002013571ca60, length=0, elements={
}

Java Threads: ( => current thread )

Other Threads:
  0x00000201377c9800 GCTaskThread "GC Thread#0" [stack: 0x0000006225a00000,0x0000006225b00000] [id=23668]
  0x0000020137827000 ConcurrentGCThread "G1 Main Marker" [stack: 0x0000006225b00000,0x0000006225c00000] [id=31328]
  0x0000020137828800 ConcurrentGCThread "G1 Conc#0" [stack: 0x0000006225c00000,0x0000006225d00000] [id=7812]

[error occurred during error reporting (printing all threads), id 0xc0000005, EXCEPTION_ACCESS_VIOLATION (0xc0000005) at pc=0x00007ffb82a6f087]

VM state:not at safepoint (not fully initialized)

VM Mutex/Monitor currently owned by a thread:  ([mutex/lock_event])
[0x00000201377afbe0] Heap_lock - owner thread: 0x00000201377b3800

Heap address: 0x0000000703600000, size: 4042 MB, Compressed Oops mode: Non-zero based: 0x0000000703600000
Narrow klass base: 0x0000000000000000, Narrow klass shift: 0

GC Heap History (0 events):
No events

Deoptimization events (0 events):
No events

Classes redefined (0 events):
No events

Internal exceptions (0 events):
No events

Events (0 events):
No events


Dynamic libraries:
0x00007ff65d860000 - 0x00007ff65d86f000 	C:\Program Files\Java\jdk-11.0.15\bin\javaw.exe
0x00007ffbfdc30000 - 0x00007ffbfde28000 	C:\windows\SYSTEM32\ntdll.dll
0x00007ffbfdb30000 - 0x00007ffbfdbed000 	C:\windows\System32\KERNEL32.DLL
0x00007ffbfb350000 - 0x00007ffbfb61e000 	C:\windows\System32\KERNELBASE.dll
0x00007ffbfb670000 - 0x00007ffbfb770000 	C:\windows\System32\ucrtbase.dll
0x00007ffbf5470000 - 0x00007ffbf5488000 	C:\Program Files\Java\jdk-11.0.15\bin\jli.dll
0x00007ffbd45c0000 - 0x00007ffbd45d5000 	C:\Program Files\Java\jdk-11.0.15\bin\VCRUNTIME140.dll
0x00007ffbfc420000 - 0x00007ffbfc4ce000 	C:\windows\System32\ADVAPI32.dll
0x00007ffbfda90000 - 0x00007ffbfdb2e000 	C:\windows\System32\msvcrt.dll
0x00007ffbfc380000 - 0x00007ffbfc41c000 	C:\windows\System32\sechost.dll
0x00007ffbfc4f0000 - 0x00007ffbfc615000 	C:\windows\System32\RPCRT4.dll
0x00007ffbfce10000 - 0x00007ffbfcfb0000 	C:\windows\System32\USER32.dll
0x00007ffbfb8e0000 - 0x00007ffbfb902000 	C:\windows\System32\win32u.dll
0x00007ffbdec90000 - 0x00007ffbdef2a000 	C:\windows\WinSxS\amd64_microsoft.windows.common-controls_6595b64144ccf1df_6.0.19041.1110_none_60b5254171f9507e\COMCTL32.dll
0x00007ffbfd0f0000 - 0x00007ffbfd11a000 	C:\windows\System32\GDI32.dll
0x00007ffbfbae0000 - 0x00007ffbfbbeb000 	C:\windows\System32\gdi32full.dll
0x00007ffbfbbf0000 - 0x00007ffbfbc8d000 	C:\windows\System32\msvcp_win.dll
0x00007ffbf4b60000 - 0x00007ffbf4b6a000 	C:\windows\SYSTEM32\VERSION.dll
0x00007ffbfc890000 - 0x00007ffbfc8c0000 	C:\windows\System32\IMM32.DLL
0x00007ffbbb5f0000 - 0x00007ffbbb68b000 	C:\Program Files\Java\jdk-11.0.15\bin\msvcp140.dll
0x00007ffb82790000 - 0x00007ffb832a6000 	C:\Program Files\Java\jdk-11.0.15\bin\server\jvm.dll
0x00007ffbfd2d0000 - 0x00007ffbfd2d8000 	C:\windows\System32\PSAPI.DLL
0x00007ffbe1cd0000 - 0x00007ffbe1cf7000 	C:\windows\SYSTEM32\WINMM.dll
0x00007ffbf6ab0000 - 0x00007ffbf6ab9000 	C:\windows\SYSTEM32\WSOCK32.dll
0x00007ffbfc6f0000 - 0x00007ffbfc75b000 	C:\windows\System32\WS2_32.dll
0x00007ffbf9bd0000 - 0x00007ffbf9be2000 	C:\windows\SYSTEM32\kernel.appcore.dll
0x00007ffbf5810000 - 0x00007ffbf5820000 	C:\Program Files\Java\jdk-11.0.15\bin\verify.dll
0x00007ffbf9140000 - 0x00007ffbf9324000 	C:\windows\SYSTEM32\DBGHELP.DLL
0x00007ffbe3080000 - 0x00007ffbe30ac000 	C:\windows\SYSTEM32\dbgcore.DLL
0x00007ffbfb770000 - 0x00007ffbfb7f2000 	C:\windows\System32\bcryptPrimitives.dll
0x00007ffbd46a0000 - 0x00007ffbd46c8000 	C:\Program Files\Java\jdk-11.0.15\bin\java.dll
0x00007ffbf54b0000 - 0x00007ffbf54ba000 	C:\Program Files\Java\jdk-11.0.15\bin\jimage.dll
0x00007ffbcd220000 - 0x00007ffbcd236000 	C:\Program Files\Java\jdk-11.0.15\bin\zip.dll

dbghelp: loaded successfully - version: 4.0.5 - missing functions: none
symbol engine: initialized successfully - sym options: 0x614 - pdb path: .;C:\Program Files\Java\jdk-11.0.15\bin;C:\windows\SYSTEM32;C:\windows\WinSxS\amd64_microsoft.windows.common-controls_6595b64144ccf1df_6.0.19041.1110_none_60b5254171f9507e;C:\Program Files\Java\jdk-11.0.15\bin\server

VM Arguments:
jvm_args: -Dfile.encoding=Cp1252 
java_command: Auto_suggestive_drop_down
java_class_path (initial): C:\Users\admin\eclipse-workspace\Maven\target\classes;C:\Users\admin\.p2\pool\plugins\org.testng_7.4.0.r202105021533.jar;C:\Users\admin\.p2\pool\plugins\com.beust.jcommander_1.78.0.jar;C:\Users\admin\.p2\pool\plugins\org.apache-extras.beanshell.bsh_2.0.0.b6.jar;C:\Users\admin\.p2\pool\plugins\org.yaml.snakeyaml_1.21.0.jar;C:\Users\admin\.p2\pool\plugins\org.webjars.jquery_3.5.1.jar;C:\Users\admin\Selenium_java_library\selenium-api-4.1.4.jar;C:\Users\admin\Selenium_java_library\selenium-api-4.1.4-sources.jar;C:\Users\admin\Selenium_java_library\selenium-chrome-driver-4.1.4.jar;C:\Users\admin\Selenium_java_library\selenium-chrome-driver-4.1.4-sources.jar;C:\Users\admin\Selenium_java_library\selenium-chromium-driver-4.1.4.jar;C:\Users\admin\Selenium_java_library\selenium-chromium-driver-4.1.4-sources.jar;C:\Users\admin\Selenium_java_library\selenium-devtools-v85-4.1.4.jar;C:\Users\admin\Selenium_java_library\selenium-devtools-v85-4.1.4-sources.jar;C:\Users\admin\Selenium_java_library\selenium-devtools-v99-4.1.4.jar;C:\Users\admin\Selenium_java_library\selenium-devtools-v99-4.1.4-sources.jar;C:\Users\admin\Selenium_java_library\selenium-devtools-v100-4.1.4.jar;C:\Users\admin\Selenium_java_library\selenium-devtools-v100-4.1.4-sources.jar;C:\Users\admin\Selenium_java_library\selenium-devtools-v101-4.1.4.jar;C:\Users\admin\Selenium_java_library\selenium-devtools-v101-4.1.4-sources.jar;C:\Users\admin\Selenium_java_library\selenium-edge-driver-4.1.4.jar;C:\Users\admin\Selenium_java_library\selenium-edge-driver-4.1.4-sources.jar;C:\Users\admin\Selenium_java_library\selenium-firefox-driver-4.1.4.jar;C:\Users\admin\Selenium_java_library\selenium-firefox-driver-4.1.4-sources.jar;C:\Users\admin\Selenium_java_library\selenium-http-4.1.4.jar;C:\Users\admin\Selenium_java_library\selenium-http-4.1.4-sources.jar;C:\Users\admin\Selenium_java_library\selenium-ie-driver-4.1.4.jar;C:\Users\admin\Selenium_java_library\selenium-ie-driver-4.1.4-sources.jar;C:\Use
Launcher Type: SUN_STANDARD

[Global flags]
     intx CICompilerCount                          = 4                                         {product} {ergonomic}
     uint ConcGCThreads                            = 2                                         {product} {ergonomic}
     uint G1ConcRefinementThreads                  = 8                                         {product} {ergonomic}
   size_t G1HeapRegionSize                         = 1048576                                   {product} {ergonomic}
    uintx GCDrainStackTargetSize                   = 64                                        {product} {ergonomic}
   size_t InitialHeapSize                          = 266338304                                 {product} {ergonomic}
   size_t MarkStackSize                            = 4194304                                   {product} {ergonomic}
   size_t MaxHeapSize                              = 4238344192                                {product} {ergonomic}
   size_t MinHeapDeltaBytes                        = 1048576                                   {product} {ergonomic}
    uintx NonNMethodCodeHeapSize                   = 5836300                                {pd product} {ergonomic}
    uintx NonProfiledCodeHeapSize                  = 122910970                              {pd product} {ergonomic}
    uintx ProfiledCodeHeapSize                     = 122910970                              {pd product} {ergonomic}
    uintx ReservedCodeCacheSize                    = 251658240                              {pd product} {ergonomic}
     bool SegmentedCodeCache                       = true                                      {product} {ergonomic}
     bool UseCompressedClassPointers               = true                                 {lp64_product} {ergonomic}
     bool UseCompressedOops                        = true                                 {lp64_product} {ergonomic}
     bool UseG1GC                                  = true                                      {product} {ergonomic}
     bool UseLargePagesIndividualAllocation        = false                                  {pd product} {ergonomic}

Logging:
Log output configuration:
 #0: stdout all=warning uptime,level,tags
 #1: stderr all=off uptime,level,tags

Environment Variables:
JAVA_HOME=C:\Program Files\Java\jdk-11.0.15
PATH=C:/Program Files/Java/jdk-11.0.15/bin/server;C:/Program Files/Java/jdk-11.0.15/bin;C:\Program Files\Common Files\Oracle\Java\javapath;C:\windows\system32;C:\windows;C:\windows\System32\Wbem;C:\windows\System32\WindowsPowerShell\v1.0\;C:\windows\System32\OpenSSH\;C:\Program Files\Java\jdk-11.0.15\bin;C:\Program Files (x86)\Microsoft SQL Server\150\Tools\Binn\;C:\Program Files\Microsoft SQL Server\150\Tools\Binn\;C:\Program Files (x86)\Microsoft SQL Server\150\DTS\Binn\;C:\Program Files\Microsoft SQL Server\150\DTS\Binn\;C:\Program Files\Microsoft SQL Server\Client SDK\ODBC\170\Tools\Binn\;C:\Program Files\Azure Data Studio\bin;C:\Users\admin\AppData\Local\Microsoft\WindowsApps;;C:\Program Files\Azure Data Studio\bin;C:\windows\system32;
USERNAME=admin
OS=Windows_NT
PROCESSOR_IDENTIFIER=Intel64 Family 6 Model 126 Stepping 5, GenuineIntel



---------------  S Y S T E M  ---------------

OS: Windows 10 , 64 bit Build 19041 (10.0.19041.1889)

CPU:total 8 (initial active 8) (4 cores per cpu, 2 threads per core) family 6 model 126 stepping 5 microcode 0xa0, cmov, cx8, fxsr, mmx, sse, sse2, sse3, ssse3, sse4.1, sse4.2, popcnt, avx, avx2, aes, clmul, erms, 3dnowpref, lzcnt, ht, tsc, tscinvbit, bmi1, bmi2, adx, evex, sha, fma

Memory: 4k page, system-wide physical 16165M (8203M free)
TotalPageFile size 17515M (AvailPageFile size 5M)
current process WorkingSet (physical memory assigned to process): 14M, peak: 14M
current process commit charge ("private bytes"): 321M, peak: 321M

vm_info: Java HotSpot(TM) 64-Bit Server VM (11.0.15+8-LTS-149) for windows-amd64 JRE (11.0.15+8-LTS-149), built on Mar  9 2022 22:42:32 by "mach5one" with MS VC++ 15.9 (VS2017)

END.
