#
# A fatal error has been detected by the Java Runtime Environment:
#
#  Internal Error (./open/src/hotspot/share/oops/generateOopMap.cpp:2164), pid=26136, tid=2112
#  fatal error: Illegal class file encountered. Try running with -Xverify:all in method main
#
# JRE version: Java(TM) SE Runtime Environment 18.9 (11.0.15+8) (build 11.0.15+8-LTS-149)
# Java VM: Java HotSpot(TM) 64-Bit Server VM 18.9 (11.0.15+8-LTS-149, mixed mode, tiered, compressed oops, g1 gc, windows-amd64)
# No core dump will be written. Minidumps are not enabled by default on client versions of Windows
#
# If you would like to submit a bug report, please visit:
#   https://bugreport.java.com/bugreport/crash.jsp
#

---------------  S U M M A R Y ------------

Command Line: -agentlib:jdwp=transport=dt_socket,suspend=y,address=localhost:61982 -javaagent:C:\Users\admin\eclipse\java-2021-12\eclipse\configuration\org.eclipse.osgi\594\0\.cp\lib\javaagent-shaded.jar -Dfile.encoding=windows-1252 Drop_downs

Host: Intel(R) Core(TM) i5-1035G1 CPU @ 1.00GHz, 8 cores, 15G,  Windows 10 , 64 bit Build 19041 (10.0.19041.2251)
Time: Tue Dec  6 14:10:38 2022 India Standard Time elapsed time: 678785.122693 seconds (7d 20h 33m 5s)

---------------  T H R E A D  ---------------

Current thread (0x000001b72662f000):  GCTaskThread "GC Thread#5" [stack: 0x0000009a25500000,0x0000009a25600000] [id=2112]

Stack: [0x0000009a25500000,0x0000009a25600000]
[error occurred during error reporting (printing stack bounds), id 0xc0000005, EXCEPTION_ACCESS_VIOLATION (0xc0000005) at pc=0x000001b7097810e7]

Native frames: (J=compiled Java code, j=interpreted, Vv=VM code, C=native code)
V  [jvm.dll+0x629d8a]
V  [jvm.dll+0x7638ff]
V  [jvm.dll+0x764fa9]
V  [jvm.dll+0x765595]
V  [jvm.dll+0x76554b]
V  [jvm.dll+0x629273]
V  [jvm.dll+0x629988]
C  [ntdll.dll+0xa241f]
C  [ntdll.dll+0x514a4]
C  [ntdll.dll+0xa0f4e]
C  0x000001b7097810e7

JavaThread 0x000001b7020d7800 (nid = 33708) was being processed
Java frames: (J=compiled Java code, j=interpreted, Vv=VM code)
j  Drop_downs.main([Ljava/lang/String;)V+52
v  ~StubRoutines::call_stub

---------------  P R O C E S S  ---------------

Threads class SMR info:
_java_thread_list=0x000001b728c1c210, length=23, elements={
0x000001b7020d7800, 0x000001b724c43800, 0x000001b724c45000, 0x000001b72554b800,
0x000001b72554f000, 0x000001b725552000, 0x000001b725555800, 0x000001b72556c000,
0x000001b725575800, 0x000001b7256db800, 0x000001b7257da000, 0x000001b7257df000,
0x000001b7257e0800, 0x000001b7266cf800, 0x000001b725fac800, 0x000001b728042000,
0x000001b726bc0000, 0x000001b72971a000, 0x000001b725fa7800, 0x000001b726918800,
0x000001b728c8a800, 0x000001b728c8b800, 0x000001b728c88000
}

Java Threads: ( => current thread )
  0x000001b7020d7800 JavaThread "main" [_thread_blocked, id=33708, stack(0x0000009a23c00000,0x0000009a23d00000)]
  0x000001b724c43800 JavaThread "Reference Handler" daemon [_thread_blocked, id=29388, stack(0x0000009a24300000,0x0000009a24400000)]
  0x000001b724c45000 JavaThread "Finalizer" daemon [_thread_blocked, id=6780, stack(0x0000009a24400000,0x0000009a24500000)]
  0x000001b72554b800 JavaThread "Signal Dispatcher" daemon [_thread_blocked, id=31004, stack(0x0000009a24500000,0x0000009a24600000)]
  0x000001b72554f000 JavaThread "Attach Listener" daemon [_thread_blocked, id=10596, stack(0x0000009a24600000,0x0000009a24700000)]
  0x000001b725552000 JavaThread "Service Thread" daemon [_thread_blocked, id=9712, stack(0x0000009a24700000,0x0000009a24800000)]
  0x000001b725555800 JavaThread "C2 CompilerThread0" daemon [_thread_blocked, id=15120, stack(0x0000009a24800000,0x0000009a24900000)]
  0x000001b72556c000 JavaThread "C1 CompilerThread0" daemon [_thread_blocked, id=15648, stack(0x0000009a24900000,0x0000009a24a00000)]
  0x000001b725575800 JavaThread "Sweeper thread" daemon [_thread_blocked, id=4124, stack(0x0000009a24a00000,0x0000009a24b00000)]
  0x000001b7256db800 JavaThread "Common-Cleaner" daemon [_thread_blocked, id=21572, stack(0x0000009a24b00000,0x0000009a24c00000)]
  0x000001b7257da000 JavaThread "JDWP Transport Listener: dt_socket" daemon [_thread_blocked, id=32724, stack(0x0000009a24d00000,0x0000009a24e00000)]
  0x000001b7257df000 JavaThread "JDWP Event Helper Thread" daemon [_thread_blocked, id=10504, stack(0x0000009a24e00000,0x0000009a24f00000)]
  0x000001b7257e0800 JavaThread "JDWP Command Reader" daemon [_thread_in_native, id=25604, stack(0x0000009a24f00000,0x0000009a25000000)]
  0x000001b7266cf800 JavaThread "ForkJoinPool.commonPool-worker-3" daemon [_thread_blocked, id=31792, stack(0x0000009a25600000,0x0000009a25700000)]
  0x000001b725fac800 JavaThread "AsyncHttpClient-1-1" daemon [_thread_blocked, id=11824, stack(0x0000009a25700000,0x0000009a25800000)]
  0x000001b728042000 JavaThread "Exec Default Executor" daemon [_thread_in_native, id=25960, stack(0x0000009a25900000,0x0000009a25a00000)]
  0x000001b726bc0000 JavaThread "Driver Service Executor" daemon [_thread_blocked, id=21724, stack(0x0000009a25a00000,0x0000009a25b00000)]
  0x000001b72971a000 JavaThread "Driver Service Executor" daemon [_thread_blocked, id=3128, stack(0x0000009a25b00000,0x0000009a25c00000)]
  0x000001b725fa7800 JavaThread "Exec Stream Pumper" daemon [_thread_in_native, id=22740, stack(0x0000009a25e00000,0x0000009a25f00000)]
  0x000001b726918800 JavaThread "Exec Stream Pumper" daemon [_thread_in_native, id=12772, stack(0x0000009a25f00000,0x0000009a26000000)]
  0x000001b728c8a800 JavaThread "AsyncHttpClient-1-2" daemon [_thread_in_native, id=5964, stack(0x0000009a24c00000,0x0000009a24d00000)]
  0x000001b728c8b800 JavaThread "AsyncHttpClient-1-3" daemon [_thread_in_native, id=15948, stack(0x0000009a26300000,0x0000009a26400000)]
  0x000001b728c88000 JavaThread "AsyncHttpClient-1-4" daemon [_thread_in_native, id=22476, stack(0x0000009a26400000,0x0000009a26500000)]

Other Threads:
  0x000001b724c41800 VMThread "VM Thread" [stack: 0x0000009a24200000,0x0000009a24300000] [id=17584]
  0x000001b725d72800 WatcherThread [stack: 0x0000009a25000000,0x0000009a25100000] [id=23152]
  0x000001b7020eb800 GCTaskThread "GC Thread#0" [stack: 0x0000009a23d00000,0x0000009a23e00000] [id=25612]
  0x000001b726153000 GCTaskThread "GC Thread#1" [stack: 0x0000009a25100000,0x0000009a25200000] [id=31832]
  0x000001b7267b4800 GCTaskThread "GC Thread#2" [stack: 0x0000009a25200000,0x0000009a25300000] [id=32696]
  0x000001b72678c000 GCTaskThread "GC Thread#3" [stack: 0x0000009a25300000,0x0000009a25400000] [id=31436]
  0x000001b726815800 GCTaskThread "GC Thread#4" [stack: 0x0000009a25400000,0x0000009a25500000] [id=14824]
=>0x000001b72662f000 GCTaskThread "GC Thread#5" [stack: 0x0000009a25500000,0x0000009a25600000] [id=2112]
  0x000001b702148000 ConcurrentGCThread "G1 Main Marker" [stack: 0x0000009a23e00000,0x0000009a23f00000] [id=19712]
  0x000001b702149800 ConcurrentGCThread "G1 Conc#0" [stack: 0x0000009a23f00000,0x0000009a24000000] [id=30652]
  0x000001b7271bc000 ConcurrentGCThread "G1 Conc#1" [stack: 0x0000009a26100000,0x0000009a26200000] [id=25392]
  0x000001b724b2b800 ConcurrentGCThread "G1 Refine#0" [stack: 0x0000009a24000000,0x0000009a24100000] [id=8728]
  0x000001b724b2c800 ConcurrentGCThread "G1 Young RemSet Sampling" [stack: 0x0000009a24100000,0x0000009a24200000] [id=27664]

Threads with active compile tasks:

VM state:at safepoint (normal execution)

VM Mutex/Monitor currently owned by a thread:  ([mutex/lock_event])
[0x000001b7020d4200] Threads_lock - owner thread: 0x000001b724c41800
[0x000001b7020d3630] Heap_lock - owner thread: 0x000001b725fac800

Heap address: 0x0000000703600000, size: 4042 MB, Compressed Oops mode: Zero based, Oop shift amount: 3
Narrow klass base: 0x0000000800000000, Narrow klass shift: 0
Compressed class space size: 1073741824 Address: 0x0000000800000000

Heap:
 garbage-first heap   total 260096K, used 98362K [0x0000000703600000, 0x0000000800000000)
  region size 1024K, 90 young (92160K), 7 survivors (7168K)
 Metaspace       used 26721K, capacity 27398K, committed 27568K, reserved 1073152K
  class space    used 2992K, capacity 3254K, committed 3328K, reserved 1048576K
Heap Regions: E=young(eden), S=young(survivor), O=old, HS=humongous(starts), HC=humongous(continues), CS=collection set, F=free, A=archive, TAMS=top-at-mark-start (previous, next)
|   0|0x0000000703600000, 0x0000000703700000, 0x0000000703700000|100%| O|  |TAMS 0x0000000703700000, 0x0000000703600000| Untracked 
|   1|0x0000000703700000, 0x0000000703800000, 0x0000000703800000|100%| O|  |TAMS 0x0000000703800000, 0x0000000703700000| Untracked 
|   2|0x0000000703800000, 0x000000070382f000, 0x0000000703900000| 18%| O|  |TAMS 0x000000070382f000, 0x0000000703800000| Untracked 
|   3|0x0000000703900000, 0x0000000703a00000, 0x0000000703a00000|100%|HS|  |TAMS 0x0000000703900000, 0x0000000703900000| Complete 
|   4|0x0000000703a00000, 0x0000000703b00000, 0x0000000703b00000|100%|HC|  |TAMS 0x0000000703a00000, 0x0000000703a00000| Complete 
|   5|0x0000000703b00000, 0x0000000703c00000, 0x0000000703c00000|100%|HC|  |TAMS 0x0000000703b00000, 0x0000000703b00000| Complete 
|   6|0x0000000703c00000, 0x0000000703d00000, 0x0000000703d00000|100%|HC|  |TAMS 0x0000000703c00000, 0x0000000703c00000| Complete 
|   7|0x0000000703d00000, 0x0000000703e00000, 0x0000000703e00000|100%|HC|  |TAMS 0x0000000703d00000, 0x0000000703d00000| Complete 
|   8|0x0000000703e00000, 0x0000000703e00000, 0x0000000703f00000|  0%| F|  |TAMS 0x0000000703e00000, 0x0000000703e00000| Untracked 
|   9|0x0000000703f00000, 0x0000000703f00000, 0x0000000704000000|  0%| F|  |TAMS 0x0000000703f00000, 0x0000000703f00000| Untracked 
|  10|0x0000000704000000, 0x0000000704000000, 0x0000000704100000|  0%| F|  |TAMS 0x0000000704000000, 0x0000000704000000| Untracked 
|  11|0x0000000704100000, 0x0000000704100000, 0x0000000704200000|  0%| F|  |TAMS 0x0000000704100000, 0x0000000704100000| Untracked 
|  12|0x0000000704200000, 0x0000000704200000, 0x0000000704300000|  0%| F|  |TAMS 0x0000000704200000, 0x0000000704200000| Untracked 
|  13|0x0000000704300000, 0x0000000704300000, 0x0000000704400000|  0%| F|  |TAMS 0x0000000704300000, 0x0000000704300000| Untracked 
|  14|0x0000000704400000, 0x0000000704400000, 0x0000000704500000|  0%| F|  |TAMS 0x0000000704400000, 0x0000000704400000| Untracked 
|  15|0x0000000704500000, 0x0000000704500000, 0x0000000704600000|  0%| F|  |TAMS 0x0000000704500000, 0x0000000704500000| Untracked 
|  16|0x0000000704600000, 0x0000000704600000, 0x0000000704700000|  0%| F|  |TAMS 0x0000000704600000, 0x0000000704600000| Untracked 
|  17|0x0000000704700000, 0x0000000704700000, 0x0000000704800000|  0%| F|  |TAMS 0x0000000704700000, 0x0000000704700000| Untracked 
|  18|0x0000000704800000, 0x0000000704800000, 0x0000000704900000|  0%| F|  |TAMS 0x0000000704800000, 0x0000000704800000| Untracked 
|  19|0x0000000704900000, 0x0000000704900000, 0x0000000704a00000|  0%| F|  |TAMS 0x0000000704900000, 0x0000000704900000| Untracked 
|  20|0x0000000704a00000, 0x0000000704a00000, 0x0000000704b00000|  0%| F|  |TAMS 0x0000000704a00000, 0x0000000704a00000| Untracked 
|  21|0x0000000704b00000, 0x0000000704b00000, 0x0000000704c00000|  0%| F|  |TAMS 0x0000000704b00000, 0x0000000704b00000| Untracked 
|  22|0x0000000704c00000, 0x0000000704c00000, 0x0000000704d00000|  0%| F|  |TAMS 0x0000000704c00000, 0x0000000704c00000| Untracked 
|  23|0x0000000704d00000, 0x0000000704d00000, 0x0000000704e00000|  0%| F|  |TAMS 0x0000000704d00000, 0x0000000704d00000| Untracked 
|  24|0x0000000704e00000, 0x0000000704e00000, 0x0000000704f00000|  0%| F|  |TAMS 0x0000000704e00000, 0x0000000704e00000| Untracked 
|  25|0x0000000704f00000, 0x0000000704f00000, 0x0000000705000000|  0%| F|  |TAMS 0x0000000704f00000, 0x0000000704f00000| Untracked 
|  26|0x0000000705000000, 0x0000000705000000, 0x0000000705100000|  0%| F|  |TAMS 0x0000000705000000, 0x0000000705000000| Untracked 
|  27|0x0000000705100000, 0x0000000705100000, 0x0000000705200000|  0%| F|  |TAMS 0x0000000705100000, 0x0000000705100000| Untracked 
|  28|0x0000000705200000, 0x0000000705200000, 0x0000000705300000|  0%| F|  |TAMS 0x0000000705200000, 0x0000000705200000| Untracked 
|  29|0x0000000705300000, 0x0000000705300000, 0x0000000705400000|  0%| F|  |TAMS 0x0000000705300000, 0x0000000705300000| Untracked 
|  30|0x0000000705400000, 0x0000000705400000, 0x0000000705500000|  0%| F|  |TAMS 0x0000000705400000, 0x0000000705400000| Untracked 
|  31|0x0000000705500000, 0x0000000705500000, 0x0000000705600000|  0%| F|  |TAMS 0x0000000705500000, 0x0000000705500000| Untracked 
|  32|0x0000000705600000, 0x0000000705600000, 0x0000000705700000|  0%| F|  |TAMS 0x0000000705600000, 0x0000000705600000| Untracked 
|  33|0x0000000705700000, 0x0000000705700000, 0x0000000705800000|  0%| F|  |TAMS 0x0000000705700000, 0x0000000705700000| Untracked 
|  34|0x0000000705800000, 0x0000000705800000, 0x0000000705900000|  0%| F|  |TAMS 0x0000000705800000, 0x0000000705800000| Untracked 
|  35|0x0000000705900000, 0x0000000705900000, 0x0000000705a00000|  0%| F|  |TAMS 0x0000000705900000, 0x0000000705900000| Untracked 
|  36|0x0000000705a00000, 0x0000000705a00000, 0x0000000705b00000|  0%| F|  |TAMS 0x0000000705a00000, 0x0000000705a00000| Untracked 
|  37|0x0000000705b00000, 0x0000000705b00000, 0x0000000705c00000|  0%| F|  |TAMS 0x0000000705b00000, 0x0000000705b00000| Untracked 
|  38|0x0000000705c00000, 0x0000000705c00000, 0x0000000705d00000|  0%| F|  |TAMS 0x0000000705c00000, 0x0000000705c00000| Untracked 
|  39|0x0000000705d00000, 0x0000000705d00000, 0x0000000705e00000|  0%| F|  |TAMS 0x0000000705d00000, 0x0000000705d00000| Untracked 
|  40|0x0000000705e00000, 0x0000000705e00000, 0x0000000705f00000|  0%| F|  |TAMS 0x0000000705e00000, 0x0000000705e00000| Untracked 
|  41|0x0000000705f00000, 0x0000000705f00000, 0x0000000706000000|  0%| F|  |TAMS 0x0000000705f00000, 0x0000000705f00000| Untracked 
|  42|0x0000000706000000, 0x0000000706000000, 0x0000000706100000|  0%| F|  |TAMS 0x0000000706000000, 0x0000000706000000| Untracked 
|  43|0x0000000706100000, 0x0000000706100000, 0x0000000706200000|  0%| F|  |TAMS 0x0000000706100000, 0x0000000706100000| Untracked 
|  44|0x0000000706200000, 0x0000000706200000, 0x0000000706300000|  0%| F|  |TAMS 0x0000000706200000, 0x0000000706200000| Untracked 
|  45|0x0000000706300000, 0x0000000706300000, 0x0000000706400000|  0%| F|  |TAMS 0x0000000706300000, 0x0000000706300000| Untracked 
|  46|0x0000000706400000, 0x0000000706400000, 0x0000000706500000|  0%| F|  |TAMS 0x0000000706400000, 0x0000000706400000| Untracked 
|  47|0x0000000706500000, 0x0000000706500000, 0x0000000706600000|  0%| F|  |TAMS 0x0000000706500000, 0x0000000706500000| Untracked 
|  48|0x0000000706600000, 0x0000000706600000, 0x0000000706700000|  0%| F|  |TAMS 0x0000000706600000, 0x0000000706600000| Untracked 
|  49|0x0000000706700000, 0x0000000706700000, 0x0000000706800000|  0%| F|  |TAMS 0x0000000706700000, 0x0000000706700000| Untracked 
|  50|0x0000000706800000, 0x0000000706800000, 0x0000000706900000|  0%| F|  |TAMS 0x0000000706800000, 0x0000000706800000| Untracked 
|  51|0x0000000706900000, 0x0000000706900000, 0x0000000706a00000|  0%| F|  |TAMS 0x0000000706900000, 0x0000000706900000| Untracked 
|  52|0x0000000706a00000, 0x0000000706a00000, 0x0000000706b00000|  0%| F|  |TAMS 0x0000000706a00000, 0x0000000706a00000| Untracked 
|  53|0x0000000706b00000, 0x0000000706b00000, 0x0000000706c00000|  0%| F|  |TAMS 0x0000000706b00000, 0x0000000706b00000| Untracked 
|  54|0x0000000706c00000, 0x0000000706c00000, 0x0000000706d00000|  0%| F|  |TAMS 0x0000000706c00000, 0x0000000706c00000| Untracked 
|  55|0x0000000706d00000, 0x0000000706d00000, 0x0000000706e00000|  0%| F|  |TAMS 0x0000000706d00000, 0x0000000706d00000| Untracked 
|  56|0x0000000706e00000, 0x0000000706e00000, 0x0000000706f00000|  0%| F|  |TAMS 0x0000000706e00000, 0x0000000706e00000| Untracked 
|  57|0x0000000706f00000, 0x0000000706f00000, 0x0000000707000000|  0%| F|  |TAMS 0x0000000706f00000, 0x0000000706f00000| Untracked 
|  58|0x0000000707000000, 0x0000000707000000, 0x0000000707100000|  0%| F|  |TAMS 0x0000000707000000, 0x0000000707000000| Untracked 
|  59|0x0000000707100000, 0x0000000707100000, 0x0000000707200000|  0%| F|  |TAMS 0x0000000707100000, 0x0000000707100000| Untracked 
|  60|0x0000000707200000, 0x0000000707200000, 0x0000000707300000|  0%| F|  |TAMS 0x0000000707200000, 0x0000000707200000| Untracked 
|  61|0x0000000707300000, 0x0000000707300000, 0x0000000707400000|  0%| F|  |TAMS 0x0000000707300000, 0x0000000707300000| Untracked 
|  62|0x0000000707400000, 0x0000000707400000, 0x0000000707500000|  0%| F|  |TAMS 0x0000000707400000, 0x0000000707400000| Untracked 
|  63|0x0000000707500000, 0x0000000707500000, 0x0000000707600000|  0%| F|  |TAMS 0x0000000707500000, 0x0000000707500000| Untracked 
|  64|0x0000000707600000, 0x0000000707600000, 0x0000000707700000|  0%| F|  |TAMS 0x0000000707600000, 0x0000000707600000| Untracked 
|  65|0x0000000707700000, 0x0000000707700000, 0x0000000707800000|  0%| F|  |TAMS 0x0000000707700000, 0x0000000707700000| Untracked 
|  66|0x0000000707800000, 0x0000000707800000, 0x0000000707900000|  0%| F|  |TAMS 0x0000000707800000, 0x0000000707800000| Untracked 
|  67|0x0000000707900000, 0x0000000707900000, 0x0000000707a00000|  0%| F|  |TAMS 0x0000000707900000, 0x0000000707900000| Untracked 
|  68|0x0000000707a00000, 0x0000000707a00000, 0x0000000707b00000|  0%| F|  |TAMS 0x0000000707a00000, 0x0000000707a00000| Untracked 
|  69|0x0000000707b00000, 0x0000000707b00000, 0x0000000707c00000|  0%| F|  |TAMS 0x0000000707b00000, 0x0000000707b00000| Untracked 
|  70|0x0000000707c00000, 0x0000000707c00000, 0x0000000707d00000|  0%| F|  |TAMS 0x0000000707c00000, 0x0000000707c00000| Untracked 
|  71|0x0000000707d00000, 0x0000000707d00000, 0x0000000707e00000|  0%| F|  |TAMS 0x0000000707d00000, 0x0000000707d00000| Untracked 
|  72|0x0000000707e00000, 0x0000000707e00000, 0x0000000707f00000|  0%| F|  |TAMS 0x0000000707e00000, 0x0000000707e00000| Untracked 
|  73|0x0000000707f00000, 0x0000000707f00000, 0x0000000708000000|  0%| F|  |TAMS 0x0000000707f00000, 0x0000000707f00000| Untracked 
|  74|0x0000000708000000, 0x0000000708000000, 0x0000000708100000|  0%| F|  |TAMS 0x0000000708000000, 0x0000000708000000| Untracked 
|  75|0x0000000708100000, 0x0000000708100000, 0x0000000708200000|  0%| F|  |TAMS 0x0000000708100000, 0x0000000708100000| Untracked 
|  76|0x0000000708200000, 0x0000000708200000, 0x0000000708300000|  0%| F|  |TAMS 0x0000000708200000, 0x0000000708200000| Untracked 
|  77|0x0000000708300000, 0x0000000708300000, 0x0000000708400000|  0%| F|  |TAMS 0x0000000708300000, 0x0000000708300000| Untracked 
|  78|0x0000000708400000, 0x0000000708400000, 0x0000000708500000|  0%| F|  |TAMS 0x0000000708400000, 0x0000000708400000| Untracked 
|  79|0x0000000708500000, 0x0000000708500000, 0x0000000708600000|  0%| F|  |TAMS 0x0000000708500000, 0x0000000708500000| Untracked 
|  80|0x0000000708600000, 0x0000000708600000, 0x0000000708700000|  0%| F|  |TAMS 0x0000000708600000, 0x0000000708600000| Untracked 
|  81|0x0000000708700000, 0x0000000708700000, 0x0000000708800000|  0%| F|  |TAMS 0x0000000708700000, 0x0000000708700000| Untracked 
|  82|0x0000000708800000, 0x0000000708800000, 0x0000000708900000|  0%| F|  |TAMS 0x0000000708800000, 0x0000000708800000| Untracked 
|  83|0x0000000708900000, 0x0000000708900000, 0x0000000708a00000|  0%| F|  |TAMS 0x0000000708900000, 0x0000000708900000| Untracked 
|  84|0x0000000708a00000, 0x0000000708a00000, 0x0000000708b00000|  0%| F|  |TAMS 0x0000000708a00000, 0x0000000708a00000| Untracked 
|  85|0x0000000708b00000, 0x0000000708b00000, 0x0000000708c00000|  0%| F|  |TAMS 0x0000000708b00000, 0x0000000708b00000| Untracked 
|  86|0x0000000708c00000, 0x0000000708c00000, 0x0000000708d00000|  0%| F|  |TAMS 0x0000000708c00000, 0x0000000708c00000| Untracked 
|  87|0x0000000708d00000, 0x0000000708d00000, 0x0000000708e00000|  0%| F|  |TAMS 0x0000000708d00000, 0x0000000708d00000| Untracked 
|  88|0x0000000708e00000, 0x0000000708e00000, 0x0000000708f00000|  0%| F|  |TAMS 0x0000000708e00000, 0x0000000708e00000| Untracked 
|  89|0x0000000708f00000, 0x0000000708f00000, 0x0000000709000000|  0%| F|  |TAMS 0x0000000708f00000, 0x0000000708f00000| Untracked 
|  90|0x0000000709000000, 0x0000000709000000, 0x0000000709100000|  0%| F|  |TAMS 0x0000000709000000, 0x0000000709000000| Untracked 
|  91|0x0000000709100000, 0x0000000709100000, 0x0000000709200000|  0%| F|  |TAMS 0x0000000709100000, 0x0000000709100000| Untracked 
|  92|0x0000000709200000, 0x0000000709200000, 0x0000000709300000|  0%| F|  |TAMS 0x0000000709200000, 0x0000000709200000| Untracked 
|  93|0x0000000709300000, 0x0000000709300000, 0x0000000709400000|  0%| F|  |TAMS 0x0000000709300000, 0x0000000709300000| Untracked 
|  94|0x0000000709400000, 0x0000000709400000, 0x0000000709500000|  0%| F|  |TAMS 0x0000000709400000, 0x0000000709400000| Untracked 
|  95|0x0000000709500000, 0x0000000709500000, 0x0000000709600000|  0%| F|  |TAMS 0x0000000709500000, 0x0000000709500000| Untracked 
|  96|0x0000000709600000, 0x0000000709600000, 0x0000000709700000|  0%| F|  |TAMS 0x0000000709600000, 0x0000000709600000| Untracked 
|  97|0x0000000709700000, 0x0000000709700000, 0x0000000709800000|  0%| F|  |TAMS 0x0000000709700000, 0x0000000709700000| Untracked 
|  98|0x0000000709800000, 0x0000000709800000, 0x0000000709900000|  0%| F|  |TAMS 0x0000000709800000, 0x0000000709800000| Untracked 
|  99|0x0000000709900000, 0x0000000709900000, 0x0000000709a00000|  0%| F|  |TAMS 0x0000000709900000, 0x0000000709900000| Untracked 
| 100|0x0000000709a00000, 0x0000000709a00000, 0x0000000709b00000|  0%| F|  |TAMS 0x0000000709a00000, 0x0000000709a00000| Untracked 
| 101|0x0000000709b00000, 0x0000000709b00000, 0x0000000709c00000|  0%| F|  |TAMS 0x0000000709b00000, 0x0000000709b00000| Untracked 
| 102|0x0000000709c00000, 0x0000000709c00000, 0x0000000709d00000|  0%| F|  |TAMS 0x0000000709c00000, 0x0000000709c00000| Untracked 
| 103|0x0000000709d00000, 0x0000000709d00000, 0x0000000709e00000|  0%| F|  |TAMS 0x0000000709d00000, 0x0000000709d00000| Untracked 
| 104|0x0000000709e00000, 0x0000000709e00000, 0x0000000709f00000|  0%| F|  |TAMS 0x0000000709e00000, 0x0000000709e00000| Untracked 
| 105|0x0000000709f00000, 0x0000000709f00000, 0x000000070a000000|  0%| F|  |TAMS 0x0000000709f00000, 0x0000000709f00000| Untracked 
| 106|0x000000070a000000, 0x000000070a000000, 0x000000070a100000|  0%| F|  |TAMS 0x000000070a000000, 0x000000070a000000| Untracked 
| 107|0x000000070a100000, 0x000000070a100000, 0x000000070a200000|  0%| F|  |TAMS 0x000000070a100000, 0x000000070a100000| Untracked 
| 108|0x000000070a200000, 0x000000070a200000, 0x000000070a300000|  0%| F|  |TAMS 0x000000070a200000, 0x000000070a200000| Untracked 
| 109|0x000000070a300000, 0x000000070a300000, 0x000000070a400000|  0%| F|  |TAMS 0x000000070a300000, 0x000000070a300000| Untracked 
| 110|0x000000070a400000, 0x000000070a400000, 0x000000070a500000|  0%| F|  |TAMS 0x000000070a400000, 0x000000070a400000| Untracked 
| 111|0x000000070a500000, 0x000000070a500000, 0x000000070a600000|  0%| F|  |TAMS 0x000000070a500000, 0x000000070a500000| Untracked 
| 112|0x000000070a600000, 0x000000070a600000, 0x000000070a700000|  0%| F|  |TAMS 0x000000070a600000, 0x000000070a600000| Untracked 
| 113|0x000000070a700000, 0x000000070a700000, 0x000000070a800000|  0%| F|  |TAMS 0x000000070a700000, 0x000000070a700000| Untracked 
| 114|0x000000070a800000, 0x000000070a800000, 0x000000070a900000|  0%| F|  |TAMS 0x000000070a800000, 0x000000070a800000| Untracked 
| 115|0x000000070a900000, 0x000000070a900000, 0x000000070aa00000|  0%| F|  |TAMS 0x000000070a900000, 0x000000070a900000| Untracked 
| 116|0x000000070aa00000, 0x000000070aa00000, 0x000000070ab00000|  0%| F|  |TAMS 0x000000070aa00000, 0x000000070aa00000| Untracked 
| 117|0x000000070ab00000, 0x000000070ab00000, 0x000000070ac00000|  0%| F|  |TAMS 0x000000070ab00000, 0x000000070ab00000| Untracked 
| 118|0x000000070ac00000, 0x000000070ac00000, 0x000000070ad00000|  0%| F|  |TAMS 0x000000070ac00000, 0x000000070ac00000| Untracked 
| 119|0x000000070ad00000, 0x000000070ad00000, 0x000000070ae00000|  0%| F|  |TAMS 0x000000070ad00000, 0x000000070ad00000| Untracked 
| 120|0x000000070ae00000, 0x000000070ae00000, 0x000000070af00000|  0%| F|  |TAMS 0x000000070ae00000, 0x000000070ae00000| Untracked 
| 121|0x000000070af00000, 0x000000070af00000, 0x000000070b000000|  0%| F|  |TAMS 0x000000070af00000, 0x000000070af00000| Untracked 
| 122|0x000000070b000000, 0x000000070b000000, 0x000000070b100000|  0%| F|  |TAMS 0x000000070b000000, 0x000000070b000000| Untracked 
| 123|0x000000070b100000, 0x000000070b100000, 0x000000070b200000|  0%| F|  |TAMS 0x000000070b100000, 0x000000070b100000| Untracked 
| 124|0x000000070b200000, 0x000000070b200000, 0x000000070b300000|  0%| F|  |TAMS 0x000000070b200000, 0x000000070b200000| Untracked 
| 125|0x000000070b300000, 0x000000070b300000, 0x000000070b400000|  0%| F|  |TAMS 0x000000070b300000, 0x000000070b300000| Untracked 
| 126|0x000000070b400000, 0x000000070b400000, 0x000000070b500000|  0%| F|  |TAMS 0x000000070b400000, 0x000000070b400000| Untracked 
| 127|0x000000070b500000, 0x000000070b500000, 0x000000070b600000|  0%| F|  |TAMS 0x000000070b500000, 0x000000070b500000| Untracked 
| 128|0x000000070b600000, 0x000000070b600000, 0x000000070b700000|  0%| F|  |TAMS 0x000000070b600000, 0x000000070b600000| Untracked 
| 129|0x000000070b700000, 0x000000070b700000, 0x000000070b800000|  0%| F|  |TAMS 0x000000070b700000, 0x000000070b700000| Untracked 
| 130|0x000000070b800000, 0x000000070b800000, 0x000000070b900000|  0%| F|  |TAMS 0x000000070b800000, 0x000000070b800000| Untracked 
| 131|0x000000070b900000, 0x000000070b900000, 0x000000070ba00000|  0%| F|  |TAMS 0x000000070b900000, 0x000000070b900000| Untracked 
| 132|0x000000070ba00000, 0x000000070ba00000, 0x000000070bb00000|  0%| F|  |TAMS 0x000000070ba00000, 0x000000070ba00000| Untracked 
| 133|0x000000070bb00000, 0x000000070bb00000, 0x000000070bc00000|  0%| F|  |TAMS 0x000000070bb00000, 0x000000070bb00000| Untracked 
| 134|0x000000070bc00000, 0x000000070bc00000, 0x000000070bd00000|  0%| F|  |TAMS 0x000000070bc00000, 0x000000070bc00000| Untracked 
| 135|0x000000070bd00000, 0x000000070bd00000, 0x000000070be00000|  0%| F|  |TAMS 0x000000070bd00000, 0x000000070bd00000| Untracked 
| 136|0x000000070be00000, 0x000000070be00000, 0x000000070bf00000|  0%| F|  |TAMS 0x000000070be00000, 0x000000070be00000| Untracked 
| 137|0x000000070bf00000, 0x000000070bf00000, 0x000000070c000000|  0%| F|  |TAMS 0x000000070bf00000, 0x000000070bf00000| Untracked 
| 138|0x000000070c000000, 0x000000070c000000, 0x000000070c100000|  0%| F|  |TAMS 0x000000070c000000, 0x000000070c000000| Untracked 
| 139|0x000000070c100000, 0x000000070c100000, 0x000000070c200000|  0%| F|  |TAMS 0x000000070c100000, 0x000000070c100000| Untracked 
| 140|0x000000070c200000, 0x000000070c200000, 0x000000070c300000|  0%| F|  |TAMS 0x000000070c200000, 0x000000070c200000| Untracked 
| 141|0x000000070c300000, 0x000000070c300000, 0x000000070c400000|  0%| F|  |TAMS 0x000000070c300000, 0x000000070c300000| Untracked 
| 142|0x000000070c400000, 0x000000070c400000, 0x000000070c500000|  0%| F|  |TAMS 0x000000070c400000, 0x000000070c400000| Untracked 
| 143|0x000000070c500000, 0x000000070c500000, 0x000000070c600000|  0%| F|  |TAMS 0x000000070c500000, 0x000000070c500000| Untracked 
| 144|0x000000070c600000, 0x000000070c600000, 0x000000070c700000|  0%| F|  |TAMS 0x000000070c600000, 0x000000070c600000| Untracked 
| 145|0x000000070c700000, 0x000000070c700000, 0x000000070c800000|  0%| F|  |TAMS 0x000000070c700000, 0x000000070c700000| Untracked 
| 146|0x000000070c800000, 0x000000070c800000, 0x000000070c900000|  0%| F|  |TAMS 0x000000070c800000, 0x000000070c800000| Untracked 
| 147|0x000000070c900000, 0x000000070c900000, 0x000000070ca00000|  0%| F|  |TAMS 0x000000070c900000, 0x000000070c900000| Untracked 
| 148|0x000000070ca00000, 0x000000070ca00000, 0x000000070cb00000|  0%| F|  |TAMS 0x000000070ca00000, 0x000000070ca00000| Untracked 
| 149|0x000000070cb00000, 0x000000070cb00000, 0x000000070cc00000|  0%| F|  |TAMS 0x000000070cb00000, 0x000000070cb00000| Untracked 
| 150|0x000000070cc00000, 0x000000070cc00000, 0x000000070cd00000|  0%| F|  |TAMS 0x000000070cc00000, 0x000000070cc00000| Untracked 
| 151|0x000000070cd00000, 0x000000070cd00000, 0x000000070ce00000|  0%| F|  |TAMS 0x000000070cd00000, 0x000000070cd00000| Untracked 
| 152|0x000000070ce00000, 0x000000070ce00000, 0x000000070cf00000|  0%| F|  |TAMS 0x000000070ce00000, 0x000000070ce00000| Untracked 
| 153|0x000000070cf00000, 0x000000070cf00000, 0x000000070d000000|  0%| F|  |TAMS 0x000000070cf00000, 0x000000070cf00000| Untracked 
| 154|0x000000070d000000, 0x000000070d000000, 0x000000070d100000|  0%| F|  |TAMS 0x000000070d000000, 0x000000070d000000| Untracked 
| 155|0x000000070d100000, 0x000000070d100000, 0x000000070d200000|  0%| F|  |TAMS 0x000000070d100000, 0x000000070d100000| Untracked 
| 156|0x000000070d200000, 0x000000070d21c170, 0x000000070d300000| 10%| S|  |TAMS 0x000000070d200000, 0x000000070d200000| Complete 
| 157|0x000000070d300000, 0x000000070d400000, 0x000000070d400000|100%| S|  |TAMS 0x000000070d300000, 0x000000070d300000| Complete 
| 158|0x000000070d400000, 0x000000070d500000, 0x000000070d500000|100%| S|  |TAMS 0x000000070d400000, 0x000000070d400000| Complete 
| 159|0x000000070d500000, 0x000000070d600000, 0x000000070d600000|100%| S|  |TAMS 0x000000070d500000, 0x000000070d500000| Complete 
| 160|0x000000070d600000, 0x000000070d700000, 0x000000070d700000|100%| S|  |TAMS 0x000000070d600000, 0x000000070d600000| Complete 
| 161|0x000000070d700000, 0x000000070d800000, 0x000000070d800000|100%| S|  |TAMS 0x000000070d700000, 0x000000070d700000| Complete 
| 162|0x000000070d800000, 0x000000070d900000, 0x000000070d900000|100%| S|  |TAMS 0x000000070d800000, 0x000000070d800000| Complete 
| 163|0x000000070d900000, 0x000000070da00000, 0x000000070da00000|100%| S|  |TAMS 0x000000070d900000, 0x000000070d900000| Complete 
| 164|0x000000070da00000, 0x000000070db00000, 0x000000070db00000|100%| S|  |TAMS 0x000000070da00000, 0x000000070da00000| Complete 
| 165|0x000000070db00000, 0x000000070dc00000, 0x000000070dc00000|100%| E|CS|TAMS 0x000000070db00000, 0x000000070db00000| Complete 
| 166|0x000000070dc00000, 0x000000070dd00000, 0x000000070dd00000|100%| E|CS|TAMS 0x000000070dc00000, 0x000000070dc00000| Complete 
| 167|0x000000070dd00000, 0x000000070dddfa00, 0x000000070de00000| 87%| E|CS|TAMS 0x000000070dd00000, 0x000000070dd00000| Complete 
| 168|0x000000070de00000, 0x000000070df00000, 0x000000070df00000|100%| E|CS|TAMS 0x000000070de00000, 0x000000070de00000| Complete 
| 169|0x000000070df00000, 0x000000070e000000, 0x000000070e000000|100%| E|CS|TAMS 0x000000070df00000, 0x000000070df00000| Complete 
| 170|0x000000070e000000, 0x000000070e100000, 0x000000070e100000|100%| E|CS|TAMS 0x000000070e000000, 0x000000070e000000| Complete 
| 171|0x000000070e100000, 0x000000070e200000, 0x000000070e200000|100%| E|CS|TAMS 0x000000070e100000, 0x000000070e100000| Complete 
| 172|0x000000070e200000, 0x000000070e300000, 0x000000070e300000|100%| E|CS|TAMS 0x000000070e200000, 0x000000070e200000| Complete 
| 173|0x000000070e300000, 0x000000070e400000, 0x000000070e400000|100%| E|CS|TAMS 0x000000070e300000, 0x000000070e300000| Complete 
| 174|0x000000070e400000, 0x000000070e500000, 0x000000070e500000|100%| E|CS|TAMS 0x000000070e400000, 0x000000070e400000| Complete 
| 175|0x000000070e500000, 0x000000070e600000, 0x000000070e600000|100%| E|CS|TAMS 0x000000070e500000, 0x000000070e500000| Complete 
| 176|0x000000070e600000, 0x000000070e700000, 0x000000070e700000|100%| E|CS|TAMS 0x000000070e600000, 0x000000070e600000| Complete 
| 177|0x000000070e700000, 0x000000070e800000, 0x000000070e800000|100%| E|CS|TAMS 0x000000070e700000, 0x000000070e700000| Complete 
| 178|0x000000070e800000, 0x000000070e900000, 0x000000070e900000|100%| E|CS|TAMS 0x000000070e800000, 0x000000070e800000| Complete 
| 179|0x000000070e900000, 0x000000070ea00000, 0x000000070ea00000|100%| E|CS|TAMS 0x000000070e900000, 0x000000070e900000| Complete 
| 180|0x000000070ea00000, 0x000000070eb00000, 0x000000070eb00000|100%| E|CS|TAMS 0x000000070ea00000, 0x000000070ea00000| Complete 
| 181|0x000000070eb00000, 0x000000070ec00000, 0x000000070ec00000|100%| E|CS|TAMS 0x000000070eb00000, 0x000000070eb00000| Complete 
| 182|0x000000070ec00000, 0x000000070ed00000, 0x000000070ed00000|100%| E|CS|TAMS 0x000000070ec00000, 0x000000070ec00000| Complete 
| 183|0x000000070ed00000, 0x000000070ee00000, 0x000000070ee00000|100%| E|CS|TAMS 0x000000070ed00000, 0x000000070ed00000| Complete 
| 184|0x000000070ee00000, 0x000000070ef00000, 0x000000070ef00000|100%| E|CS|TAMS 0x000000070ee00000, 0x000000070ee00000| Complete 
| 185|0x000000070ef00000, 0x000000070f000000, 0x000000070f000000|100%| E|CS|TAMS 0x000000070ef00000, 0x000000070ef00000| Complete 
| 186|0x000000070f000000, 0x000000070f100000, 0x000000070f100000|100%| E|CS|TAMS 0x000000070f000000, 0x000000070f000000| Complete 
| 187|0x000000070f100000, 0x000000070f200000, 0x000000070f200000|100%| E|CS|TAMS 0x000000070f100000, 0x000000070f100000| Complete 
| 188|0x000000070f200000, 0x000000070f300000, 0x000000070f300000|100%| E|CS|TAMS 0x000000070f200000, 0x000000070f200000| Complete 
| 189|0x000000070f300000, 0x000000070f400000, 0x000000070f400000|100%| E|CS|TAMS 0x000000070f300000, 0x000000070f300000| Complete 
| 190|0x000000070f400000, 0x000000070f500000, 0x000000070f500000|100%| E|CS|TAMS 0x000000070f400000, 0x000000070f400000| Complete 
| 191|0x000000070f500000, 0x000000070f600000, 0x000000070f600000|100%| E|CS|TAMS 0x000000070f500000, 0x000000070f500000| Complete 
| 192|0x000000070f600000, 0x000000070f700000, 0x000000070f700000|100%| E|CS|TAMS 0x000000070f600000, 0x000000070f600000| Complete 
| 193|0x000000070f700000, 0x000000070f800000, 0x000000070f800000|100%| E|CS|TAMS 0x000000070f700000, 0x000000070f700000| Complete 
| 194|0x000000070f800000, 0x000000070f900000, 0x000000070f900000|100%| E|CS|TAMS 0x000000070f800000, 0x000000070f800000| Complete 
| 195|0x000000070f900000, 0x000000070fa00000, 0x000000070fa00000|100%| E|CS|TAMS 0x000000070f900000, 0x000000070f900000| Complete 
| 196|0x000000070fa00000, 0x000000070fb00000, 0x000000070fb00000|100%| E|CS|TAMS 0x000000070fa00000, 0x000000070fa00000| Complete 
| 197|0x000000070fb00000, 0x000000070fc00000, 0x000000070fc00000|100%| E|CS|TAMS 0x000000070fb00000, 0x000000070fb00000| Complete 
| 198|0x000000070fc00000, 0x000000070fd00000, 0x000000070fd00000|100%| E|CS|TAMS 0x000000070fc00000, 0x000000070fc00000| Complete 
| 199|0x000000070fd00000, 0x000000070fe00000, 0x000000070fe00000|100%| E|CS|TAMS 0x000000070fd00000, 0x000000070fd00000| Complete 
| 200|0x000000070fe00000, 0x000000070ff00000, 0x000000070ff00000|100%| E|CS|TAMS 0x000000070fe00000, 0x000000070fe00000| Complete 
| 201|0x000000070ff00000, 0x0000000710000000, 0x0000000710000000|100%| E|CS|TAMS 0x000000070ff00000, 0x000000070ff00000| Complete 
| 202|0x0000000710000000, 0x0000000710100000, 0x0000000710100000|100%| E|CS|TAMS 0x0000000710000000, 0x0000000710000000| Complete 
| 203|0x0000000710100000, 0x0000000710200000, 0x0000000710200000|100%| E|CS|TAMS 0x0000000710100000, 0x0000000710100000| Complete 
| 204|0x0000000710200000, 0x0000000710300000, 0x0000000710300000|100%| E|CS|TAMS 0x0000000710200000, 0x0000000710200000| Complete 
| 205|0x0000000710300000, 0x0000000710400000, 0x0000000710400000|100%| E|CS|TAMS 0x0000000710300000, 0x0000000710300000| Complete 
| 206|0x0000000710400000, 0x0000000710500000, 0x0000000710500000|100%| E|CS|TAMS 0x0000000710400000, 0x0000000710400000| Complete 
| 207|0x0000000710500000, 0x0000000710600000, 0x0000000710600000|100%| E|CS|TAMS 0x0000000710500000, 0x0000000710500000| Complete 
| 208|0x0000000710600000, 0x0000000710700000, 0x0000000710700000|100%| E|CS|TAMS 0x0000000710600000, 0x0000000710600000| Complete 
| 209|0x0000000710700000, 0x0000000710800000, 0x0000000710800000|100%| E|CS|TAMS 0x0000000710700000, 0x0000000710700000| Complete 
| 210|0x0000000710800000, 0x0000000710900000, 0x0000000710900000|100%| E|CS|TAMS 0x0000000710800000, 0x0000000710800000| Complete 
| 211|0x0000000710900000, 0x0000000710a00000, 0x0000000710a00000|100%| E|CS|TAMS 0x0000000710900000, 0x0000000710900000| Complete 
| 212|0x0000000710a00000, 0x0000000710b00000, 0x0000000710b00000|100%| E|CS|TAMS 0x0000000710a00000, 0x0000000710a00000| Complete 
| 213|0x0000000710b00000, 0x0000000710c00000, 0x0000000710c00000|100%| E|CS|TAMS 0x0000000710b00000, 0x0000000710b00000| Complete 
| 214|0x0000000710c00000, 0x0000000710d00000, 0x0000000710d00000|100%| E|CS|TAMS 0x0000000710c00000, 0x0000000710c00000| Complete 
| 215|0x0000000710d00000, 0x0000000710e00000, 0x0000000710e00000|100%| E|CS|TAMS 0x0000000710d00000, 0x0000000710d00000| Complete 
| 216|0x0000000710e00000, 0x0000000710f00000, 0x0000000710f00000|100%| E|CS|TAMS 0x0000000710e00000, 0x0000000710e00000| Complete 
| 217|0x0000000710f00000, 0x0000000711000000, 0x0000000711000000|100%| E|CS|TAMS 0x0000000710f00000, 0x0000000710f00000| Complete 
| 218|0x0000000711000000, 0x0000000711100000, 0x0000000711100000|100%| E|CS|TAMS 0x0000000711000000, 0x0000000711000000| Complete 
| 219|0x0000000711100000, 0x0000000711200000, 0x0000000711200000|100%| E|CS|TAMS 0x0000000711100000, 0x0000000711100000| Complete 
| 220|0x0000000711200000, 0x0000000711300000, 0x0000000711300000|100%| E|CS|TAMS 0x0000000711200000, 0x0000000711200000| Complete 
| 221|0x0000000711300000, 0x0000000711400000, 0x0000000711400000|100%| E|CS|TAMS 0x0000000711300000, 0x0000000711300000| Complete 
| 222|0x0000000711400000, 0x0000000711500000, 0x0000000711500000|100%| E|CS|TAMS 0x0000000711400000, 0x0000000711400000| Complete 
| 223|0x0000000711500000, 0x0000000711600000, 0x0000000711600000|100%| E|CS|TAMS 0x0000000711500000, 0x0000000711500000| Complete 
| 224|0x0000000711600000, 0x0000000711700000, 0x0000000711700000|100%| E|CS|TAMS 0x0000000711600000, 0x0000000711600000| Complete 
| 225|0x0000000711700000, 0x0000000711800000, 0x0000000711800000|100%| E|CS|TAMS 0x0000000711700000, 0x0000000711700000| Complete 
| 226|0x0000000711800000, 0x0000000711900000, 0x0000000711900000|100%| E|CS|TAMS 0x0000000711800000, 0x0000000711800000| Complete 
| 227|0x0000000711900000, 0x0000000711a00000, 0x0000000711a00000|100%| E|CS|TAMS 0x0000000711900000, 0x0000000711900000| Complete 
| 228|0x0000000711a00000, 0x0000000711b00000, 0x0000000711b00000|100%| E|CS|TAMS 0x0000000711a00000, 0x0000000711a00000| Complete 
| 229|0x0000000711b00000, 0x0000000711c00000, 0x0000000711c00000|100%| E|CS|TAMS 0x0000000711b00000, 0x0000000711b00000| Complete 
| 230|0x0000000711c00000, 0x0000000711d00000, 0x0000000711d00000|100%| E|CS|TAMS 0x0000000711c00000, 0x0000000711c00000| Complete 
| 231|0x0000000711d00000, 0x0000000711e00000, 0x0000000711e00000|100%| E|CS|TAMS 0x0000000711d00000, 0x0000000711d00000| Complete 
| 232|0x0000000711e00000, 0x0000000711f00000, 0x0000000711f00000|100%| E|CS|TAMS 0x0000000711e00000, 0x0000000711e00000| Complete 
| 233|0x0000000711f00000, 0x0000000712000000, 0x0000000712000000|100%| E|CS|TAMS 0x0000000711f00000, 0x0000000711f00000| Complete 
| 234|0x0000000712000000, 0x0000000712100000, 0x0000000712100000|100%| E|CS|TAMS 0x0000000712000000, 0x0000000712000000| Complete 
| 235|0x0000000712100000, 0x0000000712200000, 0x0000000712200000|100%| E|CS|TAMS 0x0000000712100000, 0x0000000712100000| Complete 
| 236|0x0000000712200000, 0x0000000712300000, 0x0000000712300000|100%| E|CS|TAMS 0x0000000712200000, 0x0000000712200000| Complete 
| 237|0x0000000712300000, 0x0000000712400000, 0x0000000712400000|100%| E|CS|TAMS 0x0000000712300000, 0x0000000712300000| Complete 
| 238|0x0000000712400000, 0x0000000712500000, 0x0000000712500000|100%| E|CS|TAMS 0x0000000712400000, 0x0000000712400000| Complete 
| 239|0x0000000712500000, 0x0000000712600000, 0x0000000712600000|100%| E|CS|TAMS 0x0000000712500000, 0x0000000712500000| Complete 
| 240|0x0000000712600000, 0x0000000712700000, 0x0000000712700000|100%| E|CS|TAMS 0x0000000712600000, 0x0000000712600000| Complete 
| 241|0x0000000712700000, 0x0000000712800000, 0x0000000712800000|100%| E|CS|TAMS 0x0000000712700000, 0x0000000712700000| Complete 
| 242|0x0000000712800000, 0x0000000712900000, 0x0000000712900000|100%| E|CS|TAMS 0x0000000712800000, 0x0000000712800000| Complete 
| 243|0x0000000712900000, 0x0000000712a00000, 0x0000000712a00000|100%| E|CS|TAMS 0x0000000712900000, 0x0000000712900000| Complete 
| 244|0x0000000712a00000, 0x0000000712b00000, 0x0000000712b00000|100%| E|CS|TAMS 0x0000000712a00000, 0x0000000712a00000| Complete 
| 245|0x0000000712b00000, 0x0000000712c00000, 0x0000000712c00000|100%| E|CS|TAMS 0x0000000712b00000, 0x0000000712b00000| Complete 
| 246|0x0000000712c00000, 0x0000000712d00000, 0x0000000712d00000|100%| E|CS|TAMS 0x0000000712c00000, 0x0000000712c00000| Complete 
| 247|0x0000000712d00000, 0x0000000712e00000, 0x0000000712e00000|100%| E|CS|TAMS 0x0000000712d00000, 0x0000000712d00000| Complete 
| 248|0x0000000712e00000, 0x0000000712f00000, 0x0000000712f00000|100%| E|CS|TAMS 0x0000000712e00000, 0x0000000712e00000| Complete 
| 249|0x0000000712f00000, 0x0000000713000000, 0x0000000713000000|100%| E|CS|TAMS 0x0000000712f00000, 0x0000000712f00000| Complete 
| 250|0x0000000713000000, 0x0000000713100000, 0x0000000713100000|100%| E|CS|TAMS 0x0000000713000000, 0x0000000713000000| Complete 
| 251|0x0000000713100000, 0x0000000713200000, 0x0000000713200000|100%| E|CS|TAMS 0x0000000713100000, 0x0000000713100000| Complete 
| 252|0x0000000713200000, 0x0000000713300000, 0x0000000713300000|100%| E|CS|TAMS 0x0000000713200000, 0x0000000713200000| Complete 
| 253|0x0000000713300000, 0x0000000713400000, 0x0000000713400000|100%| E|CS|TAMS 0x0000000713300000, 0x0000000713300000| Complete 

Card table byte_map: [0x000001b7192a0000,0x000001b719a90000] _byte_map_base: 0x000001b715a85000

Marking Bits (Prev, Next): (CMBitMap*) 0x000001b702137610, (CMBitMap*) 0x000001b7021375d8
 Prev Bits: [0x000001b71e1b0000, 0x000001b7220d8000)
 Next Bits: [0x000001b71a280000, 0x000001b71e1a8000)

Polling page: 0x000001b700070000

Metaspace:

Usage:
  Non-class:     23.58 MB capacity,    23.17 MB ( 98%) used,   342.34 KB (  1%) free+waste,    73.13 KB ( <1%) overhead. 
      Class:      3.18 MB capacity,     2.92 MB ( 92%) used,   226.09 KB (  7%) free+waste,    35.31 KB (  1%) overhead. 
       Both:     26.76 MB capacity,    26.09 MB ( 98%) used,   568.42 KB (  2%) free+waste,   108.44 KB ( <1%) overhead. 

Virtual space:
  Non-class space:       24.00 MB reserved,      23.67 MB ( 99%) committed 
      Class space:        1.00 GB reserved,       3.25 MB ( <1%) committed 
             Both:        1.02 GB reserved,      26.92 MB (  3%) committed 

Chunk freelists:
   Non-Class:  4.00 KB
       Class:  1.25 KB
        Both:  5.25 KB

CodeHeap 'non-profiled nmethods': size=120000Kb used=1385Kb max_used=1385Kb free=118614Kb
 bounds [0x000001b711250000, 0x000001b7114c0000, 0x000001b718780000]
CodeHeap 'profiled nmethods': size=120000Kb used=4740Kb max_used=4740Kb free=115259Kb
 bounds [0x000001b709d20000, 0x000001b70a1d0000, 0x000001b711250000]
CodeHeap 'non-nmethods': size=5760Kb used=1269Kb max_used=1350Kb free=4490Kb
 bounds [0x000001b709780000, 0x000001b7099f0000, 0x000001b709d20000]
 total_blobs=2731 nmethods=2221 adapters=429
 compilation: enabled
              stopped_count=0, restarted_count=0
 full_count=0

Compilation events (10 events):
Event: 61769.504 Thread 0x000001b72556c000 2224       3       org.asynchttpclient.cookie.ThreadSafeCookieStore$$Lambda$382/0x0000000800313c40::<init> (15 bytes)
Event: 61769.504 Thread 0x000001b72556c000 nmethod 2224 0x000001b70a1c0f10 code [0x000001b70a1c10c0, 0x000001b70a1c12d8]
Event: 86594.204 Thread 0x000001b725555800 2226       4       java.util.concurrent.ConcurrentHashMap::values (25 bytes)
Event: 86594.207 Thread 0x000001b725555800 nmethod 2226 0x000001b7113a9b10 code [0x000001b7113a9c80, 0x000001b7113a9cf8]
Event: 87210.480 Thread 0x000001b725555800 2227       4       org.eclipse.jdt.launching.internal.org.objectweb.asm.ClassWriter::visitEnd (1 bytes)
Event: 87210.480 Thread 0x000001b725555800 nmethod 2227 0x000001b7113a9d90 code [0x000001b7113a9f00, 0x000001b7113a9f58]
Event: 160860.706 Thread 0x000001b72556c000 2228       1       io.netty.util.internal.shaded.org.jctools.queues.BaseMpscLinkedArrayQueueConsumerFields::lvConsumerIndex (5 bytes)
Event: 160860.707 Thread 0x000001b72556c000 nmethod 2228 0x000001b7113aa010 code [0x000001b7113aa1a0, 0x000001b7113aa258]
Event: 203992.204 Thread 0x000001b725555800 2229       4       io.netty.util.HashedWheelTimer$HashedWheelTimeout::isCancelled (14 bytes)
Event: 203992.206 Thread 0x000001b725555800 nmethod 2229 0x000001b7113aa310 code [0x000001b7113aa480, 0x000001b7113aa4f8]

GC Heap History (5 events):
Event: 0.843 GC heap before
{Heap before GC invocations=0 (full 0):
 garbage-first heap   total 260096K, used 23552K [0x0000000703600000, 0x0000000800000000)
  region size 1024K, 24 young (24576K), 0 survivors (0K)
 Metaspace       used 11631K, capacity 11763K, committed 12032K, reserved 1060864K
  class space    used 1094K, capacity 1158K, committed 1280K, reserved 1048576K
}
Event: 0.848 GC heap after
{Heap after GC invocations=1 (full 0):
 garbage-first heap   total 260096K, used 5308K [0x0000000703600000, 0x0000000800000000)
  region size 1024K, 3 young (3072K), 3 survivors (3072K)
 Metaspace       used 11631K, capacity 11763K, committed 12032K, reserved 1060864K
  class space    used 1094K, capacity 1158K, committed 1280K, reserved 1048576K
}
Event: 2.445 GC heap before
{Heap before GC invocations=1 (full 0):
 garbage-first heap   total 260096K, used 84156K [0x0000000703600000, 0x0000000800000000)
  region size 1024K, 81 young (82944K), 3 survivors (3072K)
 Metaspace       used 20718K, capacity 21141K, committed 21296K, reserved 1069056K
  class space    used 2208K, capacity 2357K, committed 2432K, reserved 1048576K
}
Event: 2.452 GC heap after
{Heap after GC invocations=2 (full 0):
 garbage-first heap   total 260096K, used 8250K [0x0000000703600000, 0x0000000800000000)
  region size 1024K, 6 young (6144K), 6 survivors (6144K)
 Metaspace       used 20718K, capacity 21141K, committed 21296K, reserved 1069056K
  class space    used 2208K, capacity 2357K, committed 2432K, reserved 1048576K
}
Event: 678785.104 GC heap before
{Heap before GC invocations=3 (full 0):
 garbage-first heap   total 260096K, used 98362K [0x0000000703600000, 0x0000000800000000)
  region size 1024K, 89 young (91136K), 6 survivors (6144K)
 Metaspace       used 26721K, capacity 27398K, committed 27568K, reserved 1073152K
  class space    used 2992K, capacity 3254K, committed 3328K, reserved 1048576K
}

Deoptimization events (10 events):
Event: 4.046 Thread 0x000001b7020d7800 Uncommon trap: reason=unstable_if action=reinterpret pc=0x000001b7112584ac method=java.lang.String.isLatin1()Z @ 10 c2
Event: 4.047 Thread 0x000001b7020d7800 Uncommon trap: reason=unstable_if action=reinterpret pc=0x000001b7112671dc method=java.lang.String.isLatin1()Z @ 10 c2
Event: 4.165 Thread 0x000001b7020d7800 Uncommon trap: reason=class_check action=maybe_recompile pc=0x000001b711298950 method=java.util.HashMap.putVal(ILjava/lang/Object;Ljava/lang/Object;ZZ)Ljava/lang/Object; @ 253 c2
Event: 4.189 Thread 0x000001b7020d7800 Uncommon trap: reason=unstable_if action=reinterpret pc=0x000001b71132a2c8 method=java.util.concurrent.ConcurrentHashMap.putVal(Ljava/lang/Object;Ljava/lang/Object;Z)Ljava/lang/Object; @ 256 c2
Event: 4.408 Thread 0x000001b728c88000 Uncommon trap: reason=unstable_if action=reinterpret pc=0x000001b7112adac4 method=java.util.HashMap.getNode(ILjava/lang/Object;)Ljava/util/HashMap$Node; @ 129 c2
Event: 4.408 Thread 0x000001b728c88000 Uncommon trap: reason=bimorphic_or_optimized_type_check action=maybe_recompile pc=0x000001b7112989d8 method=java.util.HashMap.putVal(ILjava/lang/Object;Ljava/lang/Object;ZZ)Ljava/lang/Object; @ 203 c2
Event: 4.408 Thread 0x000001b728c88000 Uncommon trap: reason=unstable_if action=reinterpret pc=0x000001b7113693f4 method=java.util.HashMap.getNode(ILjava/lang/Object;)Ljava/util/HashMap$Node; @ 129 c2
Event: 4.534 Thread 0x000001b728c8a800 Uncommon trap: reason=unstable_if action=reinterpret pc=0x000001b7112c9f84 method=java.io.ByteArrayInputStream.read()I @ 8 c2
Event: 7.197 Thread 0x000001b7020d7800 Uncommon trap: reason=unstable_if action=reinterpret pc=0x000001b711324414 method=java.util.regex.Pattern$Start.match(Ljava/util/regex/Matcher;ILjava/lang/CharSequence;)Z @ 10 c2
Event: 3298.993 Thread 0x000001b725fac800 Uncommon trap: reason=unstable_if action=reinterpret pc=0x000001b71139d6f8 method=io.netty.util.HashedWheelTimer$HashedWheelBucket.expireTimeouts(J)V @ 21 c2

Classes redefined (10 events):
Event: 88178.964 Thread 0x000001b724c41800 redefined class name=Drop_downs, count=24
Event: 88258.636 Thread 0x000001b724c41800 redefined class name=Drop_downs, count=25
Event: 88271.719 Thread 0x000001b724c41800 redefined class name=Drop_downs, count=26
Event: 88419.939 Thread 0x000001b724c41800 redefined class name=Drop_downs, count=27
Event: 147865.193 Thread 0x000001b724c41800 redefined class name=Drop_downs, count=28
Event: 147929.649 Thread 0x000001b724c41800 redefined class name=Drop_downs, count=29
Event: 148097.705 Thread 0x000001b724c41800 redefined class name=Drop_downs, count=30
Event: 148124.139 Thread 0x000001b724c41800 redefined class name=Drop_downs, count=31
Event: 148836.709 Thread 0x000001b724c41800 redefined class name=Drop_downs, count=32
Event: 150819.115 Thread 0x000001b724c41800 redefined class name=Drop_downs, count=33

Internal exceptions (10 events):
Event: 2.463 Thread 0x000001b7020d7800 Exception <a 'java/lang/NoSuchMethodError'{0x000000071332ad70}: java.lang.invoke.DirectMethodHandle$Holder.invokeVirtual(Ljava/lang/Object;Ljava/lang/Object;)D> (0x000000071332ad70) thrown at [./open/src/hotspot/share/interpreter/linkResolver.cpp, line 77
Event: 2.463 Thread 0x000001b7020d7800 Exception <a 'java/lang/NoSuchMethodError'{0x0000000713330b58}: java.lang.invoke.DirectMethodHandle$Holder.invokeVirtual(Ljava/lang/Object;Ljava/lang/Object;)F> (0x0000000713330b58) thrown at [./open/src/hotspot/share/interpreter/linkResolver.cpp, line 77
Event: 2.464 Thread 0x000001b7020d7800 Exception <a 'java/lang/NoSuchMethodError'{0x00000007133390b0}: java.lang.invoke.DirectMethodHandle$Holder.invokeVirtual(Ljava/lang/Object;Ljava/lang/Object;)J> (0x00000007133390b0) thrown at [./open/src/hotspot/share/interpreter/linkResolver.cpp, line 77
Event: 2.505 Thread 0x000001b7020d7800 Exception <a 'java/lang/NoSuchMethodError'{0x00000007130a6470}: java.lang.invoke.DirectMethodHandle$Holder.invokeSpecial(Ljava/lang/Object;Ljava/lang/Object;Ljava/lang/Object;Ljava/lang/Object;Ljava/lang/Object;)V> (0x00000007130a6470) thrown at [./open/s
Event: 2.506 Thread 0x000001b7020d7800 Exception <a 'java/lang/NoSuchMethodError'{0x00000007130ae3f8}: java.lang.invoke.DirectMethodHandle$Holder.invokeStatic(Ljava/lang/Object;Ljava/lang/Object;I)V> (0x00000007130ae3f8) thrown at [./open/src/hotspot/share/interpreter/linkResolver.cpp, line 77
Event: 2.555 Thread 0x000001b7020d7800 Exception <a 'java/lang/NoSuchMethodError'{0x0000000712b26490}: java.lang.invoke.DirectMethodHandle$Holder.invokeSpecialIFC(Ljava/lang/Object;Ljava/lang/Object;Ljava/lang/Object;)I> (0x0000000712b26490) thrown at [./open/src/hotspot/share/interpreter/link
Event: 2.576 Thread 0x000001b7020d7800 Exception <a 'java/lang/NoSuchMethodError'{0x0000000712940de8}: java.lang.invoke.DirectMethodHandle$Holder.invokeStatic(Ljava/lang/Object;Ljava/lang/Object;Ljava/lang/Object;Ljava/lang/Object;)V> (0x0000000712940de8) thrown at [./open/src/hotspot/share/in
Event: 2.646 Thread 0x000001b7020d7800 Exception <a 'java/lang/NoSuchMethodError'{0x00000007120184e0}: java.lang.invoke.DirectMethodHandle$Holder.invokeSpecial(Ljava/lang/Object;Ljava/lang/Object;Ljava/lang/Object;Ljava/lang/Object;Ljava/lang/Object;Ljava/lang/Object;)V> (0x00000007120184e0) t
Event: 4.148 Thread 0x000001b7020d7800 Exception <a 'java/lang/NoSuchMethodError'{0x000000071010f068}: java.lang.invoke.DirectMethodHandle$Holder.invokeSpecialIFC(Ljava/lang/Object;Ljava/lang/Object;Ljava/lang/Object;)Ljava/lang/Object;> (0x000000071010f068) thrown at [./open/src/hotspot/share
Event: 4.232 Thread 0x000001b7020d7800 Exception <a 'java/lang/ClassNotFoundException'{0x00000007100d5198}: sun/util/logging/resources/spi/loggingProvider> (0x00000007100d5198) thrown at [./open/src/hotspot/share/classfile/systemDictionary.cpp, line 226]

Events (10 events):
Event: 150819.144 Executing VM operation: GetFrameCount done
Event: 150819.144 Executing VM operation: GetStackTrace
Event: 150819.145 Executing VM operation: GetStackTrace done
Event: 150819.174 Executing VM operation: GetFrameCount
Event: 150819.174 Executing VM operation: GetFrameCount done
Event: 150819.175 Executing VM operation: GetOwnedMonitorInfo
Event: 150819.175 Executing VM operation: GetOwnedMonitorInfo done
Event: 150819.176 Executing VM operation: GetCurrentContendedMonitor
Event: 150819.176 Executing VM operation: GetCurrentContendedMonitor done
Event: 678785.104 Executing VM operation: G1CollectForAllocation


Dynamic libraries:
0x00007ff72d010000 - 0x00007ff72d01f000 	C:\Program Files\Java\jdk-11.0.15\bin\javaw.exe
0x00007ff8d4bd0000 - 0x00007ff8d4dc8000 	C:\windows\SYSTEM32\ntdll.dll
0x00007ff8d3ec0000 - 0x00007ff8d3f7f000 	C:\windows\System32\KERNEL32.DLL
0x00007ff8d22d0000 - 0x00007ff8d25a2000 	C:\windows\System32\KERNELBASE.dll
0x00007ff8d2b20000 - 0x00007ff8d2c20000 	C:\windows\System32\ucrtbase.dll
0x00007ff8cbb00000 - 0x00007ff8cbb15000 	C:\Program Files\Java\jdk-11.0.15\bin\VCRUNTIME140.dll
0x00007ff8c65e0000 - 0x00007ff8c65f8000 	C:\Program Files\Java\jdk-11.0.15\bin\jli.dll
0x00007ff8d4020000 - 0x00007ff8d40ce000 	C:\windows\System32\ADVAPI32.dll
0x00007ff8d4300000 - 0x00007ff8d439e000 	C:\windows\System32\msvcrt.dll
0x00007ff8d2f70000 - 0x00007ff8d300c000 	C:\windows\System32\sechost.dll
0x00007ff8d3240000 - 0x00007ff8d3365000 	C:\windows\System32\RPCRT4.dll
0x00007ff8d2c20000 - 0x00007ff8d2dbd000 	C:\windows\System32\USER32.dll
0x00007ff8d25b0000 - 0x00007ff8d25d2000 	C:\windows\System32\win32u.dll
0x00007ff8a2370000 - 0x00007ff8a260a000 	C:\windows\WinSxS\amd64_microsoft.windows.common-controls_6595b64144ccf1df_6.0.19041.1110_none_60b5254171f9507e\COMCTL32.dll
0x00007ff8d4200000 - 0x00007ff8d422b000 	C:\windows\System32\GDI32.dll
0x00007ff8d2a10000 - 0x00007ff8d2b1f000 	C:\windows\System32\gdi32full.dll
0x00007ff8d2790000 - 0x00007ff8d282d000 	C:\windows\System32\msvcp_win.dll
0x00007ff8ccab0000 - 0x00007ff8ccaba000 	C:\windows\SYSTEM32\VERSION.dll
0x00007ff8d3f80000 - 0x00007ff8d3fb2000 	C:\windows\System32\IMM32.DLL
0x00007ff8a4b20000 - 0x00007ff8a4bbb000 	C:\Program Files\Java\jdk-11.0.15\bin\msvcp140.dll
0x00007ff885dc0000 - 0x00007ff8868d6000 	C:\Program Files\Java\jdk-11.0.15\bin\server\jvm.dll
0x00007ff8d3eb0000 - 0x00007ff8d3eb8000 	C:\windows\System32\PSAPI.DLL
0x00007ff898ee0000 - 0x00007ff898ee9000 	C:\windows\SYSTEM32\WSOCK32.dll
0x00007ff8b8af0000 - 0x00007ff8b8b17000 	C:\windows\SYSTEM32\WINMM.dll
0x00007ff8d3d00000 - 0x00007ff8d3d6b000 	C:\windows\System32\WS2_32.dll
0x00007ff8d0b20000 - 0x00007ff8d0b32000 	C:\windows\SYSTEM32\kernel.appcore.dll
0x00007ff8ceed0000 - 0x00007ff8ceee0000 	C:\Program Files\Java\jdk-11.0.15\bin\verify.dll
0x00007ff8d0090000 - 0x00007ff8d0274000 	C:\windows\SYSTEM32\DBGHELP.DLL
0x00007ff8c4a20000 - 0x00007ff8c4a4c000 	C:\windows\SYSTEM32\dbgcore.DLL
0x00007ff8d2910000 - 0x00007ff8d2992000 	C:\windows\System32\bcryptPrimitives.dll
0x00007ff8a7060000 - 0x00007ff8a7088000 	C:\Program Files\Java\jdk-11.0.15\bin\java.dll
0x00007ff8cbac0000 - 0x00007ff8cbaca000 	C:\Program Files\Java\jdk-11.0.15\bin\jimage.dll
0x00007ff8a29c0000 - 0x00007ff8a29f8000 	C:\Program Files\Java\jdk-11.0.15\bin\jdwp.dll
0x00007ff8cc6c0000 - 0x00007ff8cc6ce000 	C:\Program Files\Java\jdk-11.0.15\bin\instrument.dll
0x00007ff8c65c0000 - 0x00007ff8c65d6000 	C:\Program Files\Java\jdk-11.0.15\bin\zip.dll
0x00007ff8d4440000 - 0x00007ff8d4b83000 	C:\windows\System32\SHELL32.dll
0x00007ff8d0370000 - 0x00007ff8d0b02000 	C:\windows\SYSTEM32\windows.storage.dll
0x00007ff8d39a0000 - 0x00007ff8d3cf4000 	C:\windows\System32\combase.dll
0x00007ff8d1c50000 - 0x00007ff8d1c80000 	C:\windows\SYSTEM32\Wldp.dll
0x00007ff8d3e00000 - 0x00007ff8d3ead000 	C:\windows\System32\SHCORE.dll
0x00007ff8d33d0000 - 0x00007ff8d3425000 	C:\windows\System32\shlwapi.dll
0x00007ff8d2210000 - 0x00007ff8d222f000 	C:\windows\SYSTEM32\profapi.dll
0x00007ff8c4230000 - 0x00007ff8c423a000 	C:\Program Files\Java\jdk-11.0.15\bin\dt_socket.dll
0x00007ff8d19b0000 - 0x00007ff8d1a1a000 	C:\windows\System32\mswsock.dll
0x00007ff8d16e0000 - 0x00007ff8d17aa000 	C:\windows\SYSTEM32\DNSAPI.dll
0x00007ff8d16a0000 - 0x00007ff8d16db000 	C:\windows\SYSTEM32\IPHLPAPI.DLL
0x00007ff8d43a0000 - 0x00007ff8d43a8000 	C:\windows\System32\NSI.dll
0x00007ff8c3810000 - 0x00007ff8c3890000 	C:\windows\System32\fwpuclnt.dll
0x00007ff8d2830000 - 0x00007ff8d2857000 	C:\windows\System32\bcrypt.dll
0x00007ff8c3160000 - 0x00007ff8c316a000 	C:\Windows\System32\rasadhlp.dll
0x00007ff8c5220000 - 0x00007ff8c5239000 	C:\Program Files\Java\jdk-11.0.15\bin\net.dll
0x00007ff8cb2c0000 - 0x00007ff8cb3cc000 	C:\windows\SYSTEM32\WINHTTP.dll
0x00007ff8c4650000 - 0x00007ff8c4662000 	C:\Program Files\Java\jdk-11.0.15\bin\nio.dll
0x00007ff8cbab0000 - 0x00007ff8cbab9000 	C:\Program Files\Java\jdk-11.0.15\bin\management.dll
0x00007ff8caf90000 - 0x00007ff8caf9b000 	C:\Program Files\Java\jdk-11.0.15\bin\management_ext.dll
0x00007ff8cf370000 - 0x00007ff8cf37d000 	C:\Program Files\Java\jdk-11.0.15\bin\sunmscapi.dll
0x00007ff8d2630000 - 0x00007ff8d2786000 	C:\windows\System32\CRYPT32.dll
0x00007ff8d1cc0000 - 0x00007ff8d1ce7000 	C:\windows\SYSTEM32\ncrypt.dll
0x00007ff8d1c80000 - 0x00007ff8d1cbb000 	C:\windows\SYSTEM32\NTASN1.dll
0x00007ff8a4af0000 - 0x00007ff8a4b15000 	C:\Program Files\Java\jdk-11.0.15\bin\sunec.dll
0x00007ff8d1ba0000 - 0x00007ff8d1bb8000 	C:\windows\SYSTEM32\CRYPTSP.dll
0x00007ff8d12d0000 - 0x00007ff8d1304000 	C:\windows\system32\rsaenh.dll
0x00007ff8d2190000 - 0x00007ff8d21be000 	C:\windows\SYSTEM32\USERENV.dll
0x00007ff8d1bc0000 - 0x00007ff8d1bcc000 	C:\windows\SYSTEM32\CRYPTBASE.dll
0x00007ff8cd900000 - 0x00007ff8cd917000 	C:\windows\SYSTEM32\dhcpcsvc6.DLL
0x00007ff8cadf0000 - 0x00007ff8cae0d000 	C:\windows\SYSTEM32\dhcpcsvc.DLL
0x00007ff8a2f70000 - 0x00007ff8a2f87000 	C:\windows\system32\napinsp.dll
0x00007ff8a2f50000 - 0x00007ff8a2f6b000 	C:\windows\system32\pnrpnsp.dll
0x00007ff8a2f30000 - 0x00007ff8a2f45000 	C:\windows\system32\wshbth.dll
0x00007ff8cba00000 - 0x00007ff8cba1d000 	C:\windows\system32\NLAapi.dll
0x00007ff8a2f10000 - 0x00007ff8a2f22000 	C:\windows\System32\winrnr.dll

dbghelp: loaded successfully - version: 4.0.5 - missing functions: none
symbol engine: initialized successfully - sym options: 0x614 - pdb path: .;C:\Program Files\Java\jdk-11.0.15\bin;C:\windows\SYSTEM32;C:\windows\WinSxS\amd64_microsoft.windows.common-controls_6595b64144ccf1df_6.0.19041.1110_none_60b5254171f9507e;C:\Program Files\Java\jdk-11.0.15\bin\server

VM Arguments:
jvm_args: -agentlib:jdwp=transport=dt_socket,suspend=y,address=localhost:61982 -javaagent:C:\Users\admin\eclipse\java-2021-12\eclipse\configuration\org.eclipse.osgi\594\0\.cp\lib\javaagent-shaded.jar -Dfile.encoding=windows-1252 
java_command: Drop_downs
java_class_path (initial): C:\Users\admin\eclipse-workspace\Maven\target\classes;C:\Users\admin\.p2\pool\plugins\org.testng_7.4.0.r202105021533.jar;C:\Users\admin\.p2\pool\plugins\com.beust.jcommander_1.78.0.jar;C:\Users\admin\.p2\pool\plugins\org.apache-extras.beanshell.bsh_2.0.0.b6.jar;C:\Users\admin\.p2\pool\plugins\org.yaml.snakeyaml_1.21.0.jar;C:\Users\admin\.p2\pool\plugins\org.webjars.jquery_3.5.1.jar;C:\Users\admin\Selenium_java_library\selenium-api-4.1.4.jar;C:\Users\admin\Selenium_java_library\selenium-api-4.1.4-sources.jar;C:\Users\admin\Selenium_java_library\selenium-chrome-driver-4.1.4.jar;C:\Users\admin\Selenium_java_library\selenium-chrome-driver-4.1.4-sources.jar;C:\Users\admin\Selenium_java_library\selenium-chromium-driver-4.1.4.jar;C:\Users\admin\Selenium_java_library\selenium-chromium-driver-4.1.4-sources.jar;C:\Users\admin\Selenium_java_library\selenium-devtools-v85-4.1.4.jar;C:\Users\admin\Selenium_java_library\selenium-devtools-v85-4.1.4-sources.jar;C:\Users\admin\Selenium_java_library\selenium-devtools-v99-4.1.4.jar;C:\Users\admin\Selenium_java_library\selenium-devtools-v99-4.1.4-sources.jar;C:\Users\admin\Selenium_java_library\selenium-devtools-v100-4.1.4.jar;C:\Users\admin\Selenium_java_library\selenium-devtools-v100-4.1.4-sources.jar;C:\Users\admin\Selenium_java_library\selenium-devtools-v101-4.1.4.jar;C:\Users\admin\Selenium_java_library\selenium-devtools-v101-4.1.4-sources.jar;C:\Users\admin\Selenium_java_library\selenium-edge-driver-4.1.4.jar;C:\Users\admin\Selenium_java_library\selenium-edge-driver-4.1.4-sources.jar;C:\Users\admin\Selenium_java_library\selenium-firefox-driver-4.1.4.jar;C:\Users\admin\Selenium_java_library\selenium-firefox-driver-4.1.4-sources.jar;C:\Users\admin\Selenium_java_library\selenium-http-4.1.4.jar;C:\Users\admin\Selenium_java_library\selenium-http-4.1.4-sources.jar;C:\Users\admin\Selenium_java_library\selenium-ie-driver-4.1.4.jar;C:\Users\admin\Selenium_java_library\selenium-ie-driver-4.1.4-sources.jar;C:\Use
Launcher Type: SUN_STANDARD

[Global flags]
     intx CICompilerCount                          = 4                                         {product} {ergonomic}
     uint ConcGCThreads                            = 2                                         {product} {ergonomic}
     uint G1ConcRefinementThreads                  = 8                                         {product} {ergonomic}
   size_t G1HeapRegionSize                         = 1048576                                   {product} {ergonomic}
    uintx GCDrainStackTargetSize                   = 64                                        {product} {ergonomic}
   size_t InitialHeapSize                          = 266338304                                 {product} {ergonomic}
   size_t MarkStackSize                            = 4194304                                   {product} {ergonomic}
   size_t MaxHeapSize                              = 4238344192                                {product} {ergonomic}
   size_t MaxNewSize                               = 2542796800                                {product} {ergonomic}
   size_t MinHeapDeltaBytes                        = 1048576                                   {product} {ergonomic}
    uintx NonNMethodCodeHeapSize                   = 5836300                                {pd product} {ergonomic}
    uintx NonProfiledCodeHeapSize                  = 122910970                              {pd product} {ergonomic}
    uintx ProfiledCodeHeapSize                     = 122910970                              {pd product} {ergonomic}
    uintx ReservedCodeCacheSize                    = 251658240                              {pd product} {ergonomic}
     bool SegmentedCodeCache                       = true                                      {product} {ergonomic}
     bool UseCompressedClassPointers               = true                                 {lp64_product} {ergonomic}
     bool UseCompressedOops                        = true                                 {lp64_product} {ergonomic}
     bool UseG1GC                                  = true                                      {product} {ergonomic}
     bool UseLargePagesIndividualAllocation        = false                                  {pd product} {ergonomic}

Logging:
Log output configuration:
 #0: stdout all=warning uptime,level,tags
 #1: stderr all=off uptime,level,tags

Environment Variables:
JAVA_HOME=C:\Program Files\Java\jdk-11.0.15
PATH=C:/Program Files/Java/jdk-11.0.15/bin/server;C:/Program Files/Java/jdk-11.0.15/bin;C:\Program Files\Common Files\Oracle\Java\javapath;C:\windows\system32;C:\windows;C:\windows\System32\Wbem;C:\windows\System32\WindowsPowerShell\v1.0\;C:\windows\System32\OpenSSH\;C:\Program Files\Java\jdk-11.0.15\bin;C:\Program Files (x86)\Microsoft SQL Server\150\Tools\Binn\;C:\Program Files\Microsoft SQL Server\150\Tools\Binn\;C:\Program Files (x86)\Microsoft SQL Server\150\DTS\Binn\;C:\Program Files\Microsoft SQL Server\150\DTS\Binn\;C:\Program Files\Microsoft SQL Server\Client SDK\ODBC\170\Tools\Binn\;C:\Program Files\Azure Data Studio\bin;C:\Users\admin\AppData\Local\Microsoft\WindowsApps;;C:\Program Files\Azure Data Studio\bin;C:\windows\system32;
USERNAME=admin
OS=Windows_NT
PROCESSOR_IDENTIFIER=Intel64 Family 6 Model 126 Stepping 5, GenuineIntel



---------------  S Y S T E M  ---------------

OS: Windows 10 , 64 bit Build 19041 (10.0.19041.2251)

CPU:total 8 (initial active 8) (4 cores per cpu, 2 threads per core) family 6 model 126 stepping 5 microcode 0xa0, cmov, cx8, fxsr, mmx, sse, sse2, sse3, ssse3, sse4.1, sse4.2, popcnt, avx, avx2, aes, clmul, erms, 3dnowpref, lzcnt, ht, tsc, tscinvbit, bmi1, bmi2, adx, evex, sha, fma

Memory: 4k page, system-wide physical 16165M (7653M free)
TotalPageFile size 19081M (AvailPageFile size 975M)
current process WorkingSet (physical memory assigned to process): 44M, peak: 232M
current process commit charge ("private bytes"): 390M, peak: 436M

vm_info: Java HotSpot(TM) 64-Bit Server VM (11.0.15+8-LTS-149) for windows-amd64 JRE (11.0.15+8-LTS-149), built on Mar  9 2022 22:42:32 by "mach5one" with MS VC++ 15.9 (VS2017)

END.
